#
# There is insufficient memory for the Java Runtime Environment to continue.
# Native memory allocation (malloc) failed to allocate 262608 bytes. Error detail: Chunk::new
# Possible reasons:
#   The system is out of physical RAM or swap space
#   This process is running with CompressedOops enabled, and the Java Heap may be blocking the growth of the native heap
# Possible solutions:
#   Reduce memory load on the system
#   Increase physical memory or swap space
#   Check if swap backing store is full
#   Decrease Java heap size (-Xmx/-Xms)
#   Decrease number of Java threads
#   Decrease Java thread stack sizes (-Xss)
#   Set larger code cache with -XX:ReservedCodeCacheSize=
#   JVM is running with Zero Based Compressed Oops mode in which the Java heap is
#     placed in the first 32GB address space. The Java Heap base address is the
#     maximum limit for the native heap growth. Please use -XX:HeapBaseMinAddress
#     to set the Java Heap base and to place the Java Heap above 32GB virtual address.
# This output file may be truncated or incomplete.
#
#  Out of Memory Error (arena.cpp:149), pid=18976, tid=10132
#
# JRE version: Java(TM) SE Runtime Environment (23.0.2+7) (build 23.0.2+7-58)
# Java VM: Java HotSpot(TM) 64-Bit Server VM (23.0.2+7-58, mixed mode, sharing, tiered, compressed oops, compressed class ptrs, g1 gc, windows-amd64)
# No core dump will be written. Minidumps are not enabled by default on client versions of Windows
#

---------------  S U M M A R Y ------------

Command Line: -agentlib:jdwp=transport=dt_socket,address=127.0.0.1:52092,suspend=y,server=n -agentpath:C:\Users\POLLAR~1\AppData\Local\Temp\idea_libasyncProfiler_dll_temp_folder\libasyncProfiler.dll=version,jfr,event=wall,interval=10ms,cstack=no,file=C:\Users\Pollar LeBlanc\IdeaSnapshots\chatbot_2025_03_13_025945.jfr,dbghelppath=C:\Users\POLLAR~1\AppData\Local\Temp\idea_dbghelp_dll_temp_folder\dbghelp.dll,log=C:\Users\POLLAR~1\AppData\Local\Temp\chatbot_2025_03_13_025945.jfr.log.txt,logLevel=DEBUG -javaagent:C:\Users\POLLAR~1\AppData\Local\Temp\captureAgentjars\debugger-agent.jar -Dkotlinx.coroutines.debug.enable.creation.stack.trace=false -Ddebugger.agent.enable.coroutines=true -Dkotlinx.coroutines.debug.enable.flows.stack.trace=true -Dkotlinx.coroutines.debug.enable.mutable.state.flows.stack.trace=true -Dfile.encoding=UTF-8 -Dsun.stdout.encoding=UTF-8 -Dsun.stderr.encoding=UTF-8 --module-path=C:\Users\Pollar LeBlanc\.m2\repository\org\openjfx\javafx-fxml\17.0.6\javafx-fxml-17.0.6-win.jar;C:\Users\Pollar LeBlanc\.m2\repository\org\kordamp\ikonli\ikonli-core\12.3.1\ikonli-core-12.3.1.jar;C:\Users\Pollar LeBlanc\.m2\repository\org\kordamp\bootstrapfx\bootstrapfx-core\0.4.0\bootstrapfx-core-0.4.0.jar;C:\Users\Pollar LeBlanc\.m2\repository\org\controlsfx\controlsfx\11.2.1\controlsfx-11.2.1.jar;C:\Users\Pollar LeBlanc\.m2\repository\org\kordamp\ikonli\ikonli-javafx\12.3.1\ikonli-javafx-12.3.1.jar;C:\Users\Pollar LeBlanc\.m2\repository\org\openjfx\javafx-graphics\17.0.6\javafx-graphics-17.0.6-win.jar;C:\Users\Pollar LeBlanc\.m2\repository\org\openjfx\javafx-base\17.0.6\javafx-base-17.0.6-win.jar;C:\Users\Pollar LeBlanc\.m2\repository\org\openjfx\javafx-controls\17.0.6\javafx-controls-17.0.6-win.jar;C:\Users\Pollar LeBlanc\teststuff\target\classes -Djdk.module.main=com.example.chatbotpucv1 com.example.chatbotpucv1/com.example.chatbotpucv1.chatbot

Host: Intel(R) Xeon(R) CPU E5-2689 0 @ 2.60GHz, 16 cores, 15G,  Windows 10 , 64 bit Build 19041 (10.0.19041.5438)
Time: Thu Mar 13 02:59:51 2025 E. South America Standard Time elapsed time: 4.837726 seconds (0d 0h 0m 4s)

---------------  T H R E A D  ---------------

Current thread (0x0000015b531977b0):  JavaThread "C2 CompilerThread0" daemon [_thread_in_native, id=10132, stack(0x0000002bc4600000,0x0000002bc4700000) (1024K)]


Current CompileTask:
C2:4837 1549   !   4       java.util.concurrent.ConcurrentHashMap::putVal (432 bytes)

Stack: [0x0000002bc4600000,0x0000002bc4700000]
Native frames: (J=compiled Java code, j=interpreted, Vv=VM code, C=native code)
V  [jvm.dll+0x6e0b99]  (no source info available)
V  [jvm.dll+0x87e2b3]  (no source info available)
V  [jvm.dll+0x88073e]  (no source info available)
V  [jvm.dll+0x880e13]  (no source info available)
V  [jvm.dll+0x27b006]  (no source info available)
V  [jvm.dll+0xbc06f]  (no source info available)
V  [jvm.dll+0xbc2cb]  (no source info available)
V  [jvm.dll+0x3b3c5c]  (no source info available)
V  [jvm.dll+0x38a55b]  (no source info available)
V  [jvm.dll+0x3899ca]  (no source info available)
V  [jvm.dll+0x244ba1]  (no source info available)
V  [jvm.dll+0x243eff]  (no source info available)
V  [jvm.dll+0x1c34b0]  (no source info available)
V  [jvm.dll+0x253df1]  (no source info available)
V  [jvm.dll+0x2520aa]  (no source info available)
V  [jvm.dll+0x3ee226]  (no source info available)
V  [jvm.dll+0x8254cb]  (no source info available)
V  [jvm.dll+0x6df345]  (no source info available)
C  [ucrtbase.dll+0x21bb2]  (no source info available)
C  [KERNEL32.DLL+0x17374]  (no source info available)
C  [ntdll.dll+0x4cc91]  (no source info available)

Lock stack of current Java thread (top to bottom):


---------------  P R O C E S S  ---------------

Threads class SMR info:
_java_thread_list=0x0000015b9ae18820, length=25, elements={
0x0000015b325ce4c0, 0x0000015b5317b880, 0x0000015b5317c2e0, 0x0000015b5317cfc0,
0x0000015b5317da20, 0x0000015b531824a0, 0x0000015b531869d0, 0x0000015b531977b0,
0x0000015b531b8270, 0x0000015b5320a000, 0x0000015b5332c950, 0x0000015b99a4ce30,
0x0000015b99dcc590, 0x0000015b99b67b80, 0x0000015b998b2b70, 0x0000015b9a0077e0,
0x0000015b9a0ce740, 0x0000015b9a29cba0, 0x0000015b9a4e67f0, 0x0000015b9a4e95e0,
0x0000015b9a6c15a0, 0x0000015b9aa50e50, 0x0000015b9aca9b00, 0x0000015b9acad790,
0x0000015b9a67e240
}

Java Threads: ( => current thread )
  0x0000015b325ce4c0 JavaThread "main"                              [_thread_blocked, id=416, stack(0x0000002bc3800000,0x0000002bc3900000) (1024K)]
  0x0000015b5317b880 JavaThread "Reference Handler"          daemon [_thread_blocked, id=12808, stack(0x0000002bc4000000,0x0000002bc4100000) (1024K)]
  0x0000015b5317c2e0 JavaThread "Finalizer"                  daemon [_thread_blocked, id=9388, stack(0x0000002bc4100000,0x0000002bc4200000) (1024K)]
  0x0000015b5317cfc0 JavaThread "Signal Dispatcher"          daemon [_thread_blocked, id=14028, stack(0x0000002bc4200000,0x0000002bc4300000) (1024K)]
  0x0000015b5317da20 JavaThread "Attach Listener"            daemon [_thread_blocked, id=12524, stack(0x0000002bc4300000,0x0000002bc4400000) (1024K)]
  0x0000015b531824a0 JavaThread "Service Thread"             daemon [_thread_blocked, id=12364, stack(0x0000002bc4400000,0x0000002bc4500000) (1024K)]
  0x0000015b531869d0 JavaThread "Monitor Deflation Thread"   daemon [_thread_blocked, id=13120, stack(0x0000002bc4500000,0x0000002bc4600000) (1024K)]
=>0x0000015b531977b0 JavaThread "C2 CompilerThread0"         daemon [_thread_in_native, id=10132, stack(0x0000002bc4600000,0x0000002bc4700000) (1024K)]
  0x0000015b531b8270 JavaThread "C1 CompilerThread0"         daemon [_thread_blocked, id=12368, stack(0x0000002bc4700000,0x0000002bc4800000) (1024K)]
  0x0000015b5320a000 JavaThread "C1 CompilerThread1"         daemon [_thread_blocked, id=14880, stack(0x0000002bc4800000,0x0000002bc4900000) (1024K)]
  0x0000015b5332c950 JavaThread "Common-Cleaner"             daemon [_thread_blocked, id=4508, stack(0x0000002bc4900000,0x0000002bc4a00000) (1024K)]
  0x0000015b99a4ce30 JavaThread "JDWP Transport Listener: dt_socket" daemon [_thread_blocked, id=4716, stack(0x0000002bc5000000,0x0000002bc5100000) (1024K)]
  0x0000015b99dcc590 JavaThread "JDWP Event Helper Thread"   daemon [_thread_in_native, id=17940, stack(0x0000002bc5100000,0x0000002bc5200000) (1024K)]
  0x0000015b99b67b80 JavaThread "JDWP Command Reader"        daemon [_thread_in_native, id=13912, stack(0x0000002bc5200000,0x0000002bc5300000) (1024K)]
  0x0000015b998b2b70 JavaThread "Notification Thread"        daemon [_thread_blocked, id=18808, stack(0x0000002bc4a00000,0x0000002bc4b00000) (1024K)]
  0x0000015b9a0077e0 JavaThread "QuantumRenderer-0"          daemon [_thread_blocked, id=14408, stack(0x0000002bc4b00000,0x0000002bc4c00000) (1024K)]
  0x0000015b9a0ce740 JavaThread "InvokeLaterDispatcher"      daemon [_thread_blocked, id=16716, stack(0x0000002bc4e00000,0x0000002bc4f00000) (1024K)]
  0x0000015b9a29cba0 JavaThread "JavaFX Application Thread"         [_thread_in_Java, id=13128, stack(0x0000002bc4f00000,0x0000002bc5000000) (1024K)]
  0x0000015b9a4e67f0 JavaThread "Thread-1"                   daemon [_thread_in_native, id=10312, stack(0x0000002bc5300000,0x0000002bc5400000) (1024K)]
  0x0000015b9a4e95e0 JavaThread "JavaFX-Launcher"                   [_thread_blocked, id=10572, stack(0x0000002bc6000000,0x0000002bc6100000) (1024K)]
  0x0000015b9a6c15a0 JavaThread "C2 CompilerThread1"         daemon [_thread_in_native, id=10016, stack(0x0000002bc6100000,0x0000002bc6200000) (1024K)]
  0x0000015b9aa50e50 JavaThread "C2 CompilerThread2"         daemon [_thread_blocked, id=19368, stack(0x0000002bc6200000,0x0000002bc6300000) (1024K)]
  0x0000015b9aca9b00 JavaThread "C1 CompilerThread2"         daemon [_thread_blocked, id=16260, stack(0x0000002bc6300000,0x0000002bc6400000) (1024K)]
  0x0000015b9acad790 JavaThread "C1 CompilerThread3"         daemon [_thread_blocked, id=10600, stack(0x0000002bc6400000,0x0000002bc6500000) (1024K)]
  0x0000015b9a67e240 JavaThread "C2 CompilerThread3"         daemon [_thread_in_native, id=7596, stack(0x0000002bc6500000,0x0000002bc6600000) (1024K)]
Total: 25

Other Threads:
  0x0000015b32229170 VMThread "VM Thread"                           [id=9900, stack(0x0000002bc3f00000,0x0000002bc4000000) (1024K)]
  0x0000015b5316ca00 WatcherThread "VM Periodic Task Thread"        [id=11332, stack(0x0000002bc3e00000,0x0000002bc3f00000) (1024K)]
  0x0000015b320e28c0 WorkerThread "GC Thread#0"                     [id=17356, stack(0x0000002bc3900000,0x0000002bc3a00000) (1024K)]
  0x0000015b9a2f3590 WorkerThread "GC Thread#1"                     [id=16880, stack(0x0000002bc5400000,0x0000002bc5500000) (1024K)]
  0x0000015b9a2dc570 WorkerThread "GC Thread#2"                     [id=13872, stack(0x0000002bc5500000,0x0000002bc5600000) (1024K)]
  0x0000015b9a4c9f40 WorkerThread "GC Thread#3"                     [id=3724, stack(0x0000002bc5600000,0x0000002bc5700000) (1024K)]
  0x0000015b9a31f2a0 WorkerThread "GC Thread#4"                     [id=17172, stack(0x0000002bc5700000,0x0000002bc5800000) (1024K)]
  0x0000015b9a336780 WorkerThread "GC Thread#5"                     [id=4432, stack(0x0000002bc5800000,0x0000002bc5900000) (1024K)]
  0x0000015b9a34ce70 WorkerThread "GC Thread#6"                     [id=15400, stack(0x0000002bc5900000,0x0000002bc5a00000) (1024K)]
  0x0000015b9a34d220 WorkerThread "GC Thread#7"                     [id=9324, stack(0x0000002bc5a00000,0x0000002bc5b00000) (1024K)]
  0x0000015b9a474dd0 WorkerThread "GC Thread#8"                     [id=14236, stack(0x0000002bc5b00000,0x0000002bc5c00000) (1024K)]
  0x0000015b9a475da0 WorkerThread "GC Thread#9"                     [id=4736, stack(0x0000002bc5d00000,0x0000002bc5e00000) (1024K)]
  0x0000015b9a47a570 WorkerThread "GC Thread#10"                    [id=13888, stack(0x0000002bc5e00000,0x0000002bc5f00000) (1024K)]
  0x0000015b9a47c450 WorkerThread "GC Thread#11"                    [id=15064, stack(0x0000002bc5f00000,0x0000002bc6000000) (1024K)]
  0x0000015b9a47b590 WorkerThread "GC Thread#12"                    [id=8488, stack(0x0000002bc6600000,0x0000002bc6700000) (1024K)]
  0x0000015b320f8870 ConcurrentGCThread "G1 Main Marker"            [id=296, stack(0x0000002bc3a00000,0x0000002bc3b00000) (1024K)]
  0x0000015b320f9e00 WorkerThread "G1 Conc#0"                       [id=18576, stack(0x0000002bc3b00000,0x0000002bc3c00000) (1024K)]
  0x0000015b321a8340 ConcurrentGCThread "G1 Refine#0"               [id=9196, stack(0x0000002bc3c00000,0x0000002bc3d00000) (1024K)]
  0x0000015b321abb90 ConcurrentGCThread "G1 Service"                [id=17868, stack(0x0000002bc3d00000,0x0000002bc3e00000) (1024K)]
Total: 19

Threads with active compile tasks:
C2 CompilerThread0  5010 1549   !   4       java.util.concurrent.ConcurrentHashMap::putVal (432 bytes)
C2 CompilerThread1  5010 1547       4       java.util.zip.ZipFile::getZipEntry (322 bytes)
C2 CompilerThread3  5010 1627   !   4       com.sun.javafx.css.ParsedValueImpl::readBinary (688 bytes)
Total: 3

VM state: not at safepoint (normal execution)

VM Mutex/Monitor currently owned by a thread: None

Heap address: 0x0000000700e00000, size: 4082 MB, Compressed Oops mode: Zero based, Oop shift amount: 3

CDS archive(s) mapped at: [0x0000015b54000000-0x0000015b54d70000-0x0000015b54d70000), size 14090240, SharedBaseAddress: 0x0000015b54000000, ArchiveRelocationMode: 1.
Compressed class space mapped at: 0x0000015b55000000-0x0000015b95000000, reserved size: 1073741824
Narrow klass base: 0x0000015b54000000, Narrow klass shift: 0, Narrow klass range: 0x41000000

GC Precious Log:
 CardTable entry size: 512
 Card Set container configuration: InlinePtr #cards 4 size 8 Array Of Cards #cards 16 size 48 Howl #buckets 8 coarsen threshold 3686 Howl Bitmap #cards 512 size 80 coarsen threshold 460 Card regions per heap region 1 cards per card region 4096
 CPUs: 16 total, 16 available
 Memory: 16322M
 Large Page Support: Disabled
 NUMA Support: Disabled
 Compressed Oops: Enabled (Zero based)
 Heap Region Size: 2M
 Heap Min Capacity: 8M
 Heap Initial Capacity: 256M
 Heap Max Capacity: 4082M
 Pre-touch: Disabled
 Parallel Workers: 13
 Concurrent Workers: 3
 Concurrent Refinement Workers: 13
 Periodic GC: Disabled

Heap:
 garbage-first heap   total reserved 4179968K, committed 262144K, used 11504K [0x0000000700e00000, 0x0000000800000000)
  region size 2048K, 6 young (12288K), 2 survivors (4096K)
 Metaspace       used 14891K, committed 15104K, reserved 1114112K
  class space    used 1826K, committed 1920K, reserved 1048576K

Heap Regions: E=young(eden), S=young(survivor), O=old, HS=humongous(starts), HC=humongous(continues), CS=collection set, F=free, TAMS=top-at-mark-start, PB=parsable bottom
|   0|0x0000000700e00000, 0x0000000700f3c390, 0x0000000701000000| 61%| O|  |TAMS 0x0000000700e00000| PB 0x0000000700e00000| Untracked |  0
|   1|0x0000000701000000, 0x0000000701000000, 0x0000000701200000|  0%| F|  |TAMS 0x0000000701000000| PB 0x0000000701000000| Untracked |  0
|   2|0x0000000701200000, 0x0000000701200000, 0x0000000701400000|  0%| F|  |TAMS 0x0000000701200000| PB 0x0000000701200000| Untracked |  0
|   3|0x0000000701400000, 0x0000000701400000, 0x0000000701600000|  0%| F|  |TAMS 0x0000000701400000| PB 0x0000000701400000| Untracked |  0
|   4|0x0000000701600000, 0x0000000701600000, 0x0000000701800000|  0%| F|  |TAMS 0x0000000701600000| PB 0x0000000701600000| Untracked |  0
|   5|0x0000000701800000, 0x0000000701800000, 0x0000000701a00000|  0%| F|  |TAMS 0x0000000701800000| PB 0x0000000701800000| Untracked |  0
|   6|0x0000000701a00000, 0x0000000701a00000, 0x0000000701c00000|  0%| F|  |TAMS 0x0000000701a00000| PB 0x0000000701a00000| Untracked |  0
|   7|0x0000000701c00000, 0x0000000701c00000, 0x0000000701e00000|  0%| F|  |TAMS 0x0000000701c00000| PB 0x0000000701c00000| Untracked |  0
|   8|0x0000000701e00000, 0x0000000701e00000, 0x0000000702000000|  0%| F|  |TAMS 0x0000000701e00000| PB 0x0000000701e00000| Untracked |  0
|   9|0x0000000702000000, 0x0000000702000000, 0x0000000702200000|  0%| F|  |TAMS 0x0000000702000000| PB 0x0000000702000000| Untracked |  0
|  10|0x0000000702200000, 0x0000000702200000, 0x0000000702400000|  0%| F|  |TAMS 0x0000000702200000| PB 0x0000000702200000| Untracked |  0
|  11|0x0000000702400000, 0x0000000702400000, 0x0000000702600000|  0%| F|  |TAMS 0x0000000702400000| PB 0x0000000702400000| Untracked |  0
|  12|0x0000000702600000, 0x0000000702600000, 0x0000000702800000|  0%| F|  |TAMS 0x0000000702600000| PB 0x0000000702600000| Untracked |  0
|  13|0x0000000702800000, 0x0000000702800000, 0x0000000702a00000|  0%| F|  |TAMS 0x0000000702800000| PB 0x0000000702800000| Untracked |  0
|  14|0x0000000702a00000, 0x0000000702a00000, 0x0000000702c00000|  0%| F|  |TAMS 0x0000000702a00000| PB 0x0000000702a00000| Untracked |  0
|  15|0x0000000702c00000, 0x0000000702c00000, 0x0000000702e00000|  0%| F|  |TAMS 0x0000000702c00000| PB 0x0000000702c00000| Untracked |  0
|  16|0x0000000702e00000, 0x0000000702e00000, 0x0000000703000000|  0%| F|  |TAMS 0x0000000702e00000| PB 0x0000000702e00000| Untracked |  0
|  17|0x0000000703000000, 0x0000000703000000, 0x0000000703200000|  0%| F|  |TAMS 0x0000000703000000| PB 0x0000000703000000| Untracked |  0
|  18|0x0000000703200000, 0x0000000703200000, 0x0000000703400000|  0%| F|  |TAMS 0x0000000703200000| PB 0x0000000703200000| Untracked |  0
|  19|0x0000000703400000, 0x0000000703400000, 0x0000000703600000|  0%| F|  |TAMS 0x0000000703400000| PB 0x0000000703400000| Untracked |  0
|  20|0x0000000703600000, 0x0000000703600000, 0x0000000703800000|  0%| F|  |TAMS 0x0000000703600000| PB 0x0000000703600000| Untracked |  0
|  21|0x0000000703800000, 0x0000000703800000, 0x0000000703a00000|  0%| F|  |TAMS 0x0000000703800000| PB 0x0000000703800000| Untracked |  0
|  22|0x0000000703a00000, 0x0000000703a00000, 0x0000000703c00000|  0%| F|  |TAMS 0x0000000703a00000| PB 0x0000000703a00000| Untracked |  0
|  23|0x0000000703c00000, 0x0000000703c00000, 0x0000000703e00000|  0%| F|  |TAMS 0x0000000703c00000| PB 0x0000000703c00000| Untracked |  0
|  24|0x0000000703e00000, 0x0000000703e00000, 0x0000000704000000|  0%| F|  |TAMS 0x0000000703e00000| PB 0x0000000703e00000| Untracked |  0
|  25|0x0000000704000000, 0x0000000704000000, 0x0000000704200000|  0%| F|  |TAMS 0x0000000704000000| PB 0x0000000704000000| Untracked |  0
|  26|0x0000000704200000, 0x0000000704200000, 0x0000000704400000|  0%| F|  |TAMS 0x0000000704200000| PB 0x0000000704200000| Untracked |  0
|  27|0x0000000704400000, 0x0000000704400000, 0x0000000704600000|  0%| F|  |TAMS 0x0000000704400000| PB 0x0000000704400000| Untracked |  0
|  28|0x0000000704600000, 0x0000000704600000, 0x0000000704800000|  0%| F|  |TAMS 0x0000000704600000| PB 0x0000000704600000| Untracked |  0
|  29|0x0000000704800000, 0x0000000704800000, 0x0000000704a00000|  0%| F|  |TAMS 0x0000000704800000| PB 0x0000000704800000| Untracked |  0
|  30|0x0000000704a00000, 0x0000000704a00000, 0x0000000704c00000|  0%| F|  |TAMS 0x0000000704a00000| PB 0x0000000704a00000| Untracked |  0
|  31|0x0000000704c00000, 0x0000000704c00000, 0x0000000704e00000|  0%| F|  |TAMS 0x0000000704c00000| PB 0x0000000704c00000| Untracked |  0
|  32|0x0000000704e00000, 0x0000000704e00000, 0x0000000705000000|  0%| F|  |TAMS 0x0000000704e00000| PB 0x0000000704e00000| Untracked |  0
|  33|0x0000000705000000, 0x0000000705000000, 0x0000000705200000|  0%| F|  |TAMS 0x0000000705000000| PB 0x0000000705000000| Untracked |  0
|  34|0x0000000705200000, 0x0000000705200000, 0x0000000705400000|  0%| F|  |TAMS 0x0000000705200000| PB 0x0000000705200000| Untracked |  0
|  35|0x0000000705400000, 0x0000000705400000, 0x0000000705600000|  0%| F|  |TAMS 0x0000000705400000| PB 0x0000000705400000| Untracked |  0
|  36|0x0000000705600000, 0x0000000705600000, 0x0000000705800000|  0%| F|  |TAMS 0x0000000705600000| PB 0x0000000705600000| Untracked |  0
|  37|0x0000000705800000, 0x0000000705800000, 0x0000000705a00000|  0%| F|  |TAMS 0x0000000705800000| PB 0x0000000705800000| Untracked |  0
|  38|0x0000000705a00000, 0x0000000705a00000, 0x0000000705c00000|  0%| F|  |TAMS 0x0000000705a00000| PB 0x0000000705a00000| Untracked |  0
|  39|0x0000000705c00000, 0x0000000705c00000, 0x0000000705e00000|  0%| F|  |TAMS 0x0000000705c00000| PB 0x0000000705c00000| Untracked |  0
|  40|0x0000000705e00000, 0x0000000705e00000, 0x0000000706000000|  0%| F|  |TAMS 0x0000000705e00000| PB 0x0000000705e00000| Untracked |  0
|  41|0x0000000706000000, 0x0000000706000000, 0x0000000706200000|  0%| F|  |TAMS 0x0000000706000000| PB 0x0000000706000000| Untracked |  0
|  42|0x0000000706200000, 0x0000000706200000, 0x0000000706400000|  0%| F|  |TAMS 0x0000000706200000| PB 0x0000000706200000| Untracked |  0
|  43|0x0000000706400000, 0x0000000706400000, 0x0000000706600000|  0%| F|  |TAMS 0x0000000706400000| PB 0x0000000706400000| Untracked |  0
|  44|0x0000000706600000, 0x0000000706600000, 0x0000000706800000|  0%| F|  |TAMS 0x0000000706600000| PB 0x0000000706600000| Untracked |  0
|  45|0x0000000706800000, 0x0000000706800000, 0x0000000706a00000|  0%| F|  |TAMS 0x0000000706800000| PB 0x0000000706800000| Untracked |  0
|  46|0x0000000706a00000, 0x0000000706a00000, 0x0000000706c00000|  0%| F|  |TAMS 0x0000000706a00000| PB 0x0000000706a00000| Untracked |  0
|  47|0x0000000706c00000, 0x0000000706c00000, 0x0000000706e00000|  0%| F|  |TAMS 0x0000000706c00000| PB 0x0000000706c00000| Untracked |  0
|  48|0x0000000706e00000, 0x0000000706e00000, 0x0000000707000000|  0%| F|  |TAMS 0x0000000706e00000| PB 0x0000000706e00000| Untracked |  0
|  49|0x0000000707000000, 0x0000000707000000, 0x0000000707200000|  0%| F|  |TAMS 0x0000000707000000| PB 0x0000000707000000| Untracked |  0
|  50|0x0000000707200000, 0x0000000707200000, 0x0000000707400000|  0%| F|  |TAMS 0x0000000707200000| PB 0x0000000707200000| Untracked |  0
|  51|0x0000000707400000, 0x0000000707400000, 0x0000000707600000|  0%| F|  |TAMS 0x0000000707400000| PB 0x0000000707400000| Untracked |  0
|  52|0x0000000707600000, 0x0000000707600000, 0x0000000707800000|  0%| F|  |TAMS 0x0000000707600000| PB 0x0000000707600000| Untracked |  0
|  53|0x0000000707800000, 0x0000000707800000, 0x0000000707a00000|  0%| F|  |TAMS 0x0000000707800000| PB 0x0000000707800000| Untracked |  0
|  54|0x0000000707a00000, 0x0000000707a00000, 0x0000000707c00000|  0%| F|  |TAMS 0x0000000707a00000| PB 0x0000000707a00000| Untracked |  0
|  55|0x0000000707c00000, 0x0000000707c00000, 0x0000000707e00000|  0%| F|  |TAMS 0x0000000707c00000| PB 0x0000000707c00000| Untracked |  0
|  56|0x0000000707e00000, 0x0000000707e00000, 0x0000000708000000|  0%| F|  |TAMS 0x0000000707e00000| PB 0x0000000707e00000| Untracked |  0
|  57|0x0000000708000000, 0x0000000708000000, 0x0000000708200000|  0%| F|  |TAMS 0x0000000708000000| PB 0x0000000708000000| Untracked |  0
|  58|0x0000000708200000, 0x0000000708200000, 0x0000000708400000|  0%| F|  |TAMS 0x0000000708200000| PB 0x0000000708200000| Untracked |  0
|  59|0x0000000708400000, 0x0000000708400000, 0x0000000708600000|  0%| F|  |TAMS 0x0000000708400000| PB 0x0000000708400000| Untracked |  0
|  60|0x0000000708600000, 0x0000000708600000, 0x0000000708800000|  0%| F|  |TAMS 0x0000000708600000| PB 0x0000000708600000| Untracked |  0
|  61|0x0000000708800000, 0x0000000708800000, 0x0000000708a00000|  0%| F|  |TAMS 0x0000000708800000| PB 0x0000000708800000| Untracked |  0
|  62|0x0000000708a00000, 0x0000000708a00000, 0x0000000708c00000|  0%| F|  |TAMS 0x0000000708a00000| PB 0x0000000708a00000| Untracked |  0
|  63|0x0000000708c00000, 0x0000000708c00000, 0x0000000708e00000|  0%| F|  |TAMS 0x0000000708c00000| PB 0x0000000708c00000| Untracked |  0
|  64|0x0000000708e00000, 0x0000000708e00000, 0x0000000709000000|  0%| F|  |TAMS 0x0000000708e00000| PB 0x0000000708e00000| Untracked |  0
|  65|0x0000000709000000, 0x0000000709000000, 0x0000000709200000|  0%| F|  |TAMS 0x0000000709000000| PB 0x0000000709000000| Untracked |  0
|  66|0x0000000709200000, 0x0000000709200000, 0x0000000709400000|  0%| F|  |TAMS 0x0000000709200000| PB 0x0000000709200000| Untracked |  0
|  67|0x0000000709400000, 0x0000000709400000, 0x0000000709600000|  0%| F|  |TAMS 0x0000000709400000| PB 0x0000000709400000| Untracked |  0
|  68|0x0000000709600000, 0x0000000709600000, 0x0000000709800000|  0%| F|  |TAMS 0x0000000709600000| PB 0x0000000709600000| Untracked |  0
|  69|0x0000000709800000, 0x0000000709800000, 0x0000000709a00000|  0%| F|  |TAMS 0x0000000709800000| PB 0x0000000709800000| Untracked |  0
|  70|0x0000000709a00000, 0x0000000709a00000, 0x0000000709c00000|  0%| F|  |TAMS 0x0000000709a00000| PB 0x0000000709a00000| Untracked |  0
|  71|0x0000000709c00000, 0x0000000709c00000, 0x0000000709e00000|  0%| F|  |TAMS 0x0000000709c00000| PB 0x0000000709c00000| Untracked |  0
|  72|0x0000000709e00000, 0x0000000709e00000, 0x000000070a000000|  0%| F|  |TAMS 0x0000000709e00000| PB 0x0000000709e00000| Untracked |  0
|  73|0x000000070a000000, 0x000000070a000000, 0x000000070a200000|  0%| F|  |TAMS 0x000000070a000000| PB 0x000000070a000000| Untracked |  0
|  74|0x000000070a200000, 0x000000070a200000, 0x000000070a400000|  0%| F|  |TAMS 0x000000070a200000| PB 0x000000070a200000| Untracked |  0
|  75|0x000000070a400000, 0x000000070a400000, 0x000000070a600000|  0%| F|  |TAMS 0x000000070a400000| PB 0x000000070a400000| Untracked |  0
|  76|0x000000070a600000, 0x000000070a600000, 0x000000070a800000|  0%| F|  |TAMS 0x000000070a600000| PB 0x000000070a600000| Untracked |  0
|  77|0x000000070a800000, 0x000000070a800000, 0x000000070aa00000|  0%| F|  |TAMS 0x000000070a800000| PB 0x000000070a800000| Untracked |  0
|  78|0x000000070aa00000, 0x000000070aa00000, 0x000000070ac00000|  0%| F|  |TAMS 0x000000070aa00000| PB 0x000000070aa00000| Untracked |  0
|  79|0x000000070ac00000, 0x000000070ac00000, 0x000000070ae00000|  0%| F|  |TAMS 0x000000070ac00000| PB 0x000000070ac00000| Untracked |  0
|  80|0x000000070ae00000, 0x000000070ae00000, 0x000000070b000000|  0%| F|  |TAMS 0x000000070ae00000| PB 0x000000070ae00000| Untracked |  0
|  81|0x000000070b000000, 0x000000070b000000, 0x000000070b200000|  0%| F|  |TAMS 0x000000070b000000| PB 0x000000070b000000| Untracked |  0
|  82|0x000000070b200000, 0x000000070b200000, 0x000000070b400000|  0%| F|  |TAMS 0x000000070b200000| PB 0x000000070b200000| Untracked |  0
|  83|0x000000070b400000, 0x000000070b400000, 0x000000070b600000|  0%| F|  |TAMS 0x000000070b400000| PB 0x000000070b400000| Untracked |  0
|  84|0x000000070b600000, 0x000000070b600000, 0x000000070b800000|  0%| F|  |TAMS 0x000000070b600000| PB 0x000000070b600000| Untracked |  0
|  85|0x000000070b800000, 0x000000070b800000, 0x000000070ba00000|  0%| F|  |TAMS 0x000000070b800000| PB 0x000000070b800000| Untracked |  0
|  86|0x000000070ba00000, 0x000000070ba00000, 0x000000070bc00000|  0%| F|  |TAMS 0x000000070ba00000| PB 0x000000070ba00000| Untracked |  0
|  87|0x000000070bc00000, 0x000000070bc00000, 0x000000070be00000|  0%| F|  |TAMS 0x000000070bc00000| PB 0x000000070bc00000| Untracked |  0
|  88|0x000000070be00000, 0x000000070be00000, 0x000000070c000000|  0%| F|  |TAMS 0x000000070be00000| PB 0x000000070be00000| Untracked |  0
|  89|0x000000070c000000, 0x000000070c000000, 0x000000070c200000|  0%| F|  |TAMS 0x000000070c000000| PB 0x000000070c000000| Untracked |  0
|  90|0x000000070c200000, 0x000000070c200000, 0x000000070c400000|  0%| F|  |TAMS 0x000000070c200000| PB 0x000000070c200000| Untracked |  0
|  91|0x000000070c400000, 0x000000070c400000, 0x000000070c600000|  0%| F|  |TAMS 0x000000070c400000| PB 0x000000070c400000| Untracked |  0
|  92|0x000000070c600000, 0x000000070c600000, 0x000000070c800000|  0%| F|  |TAMS 0x000000070c600000| PB 0x000000070c600000| Untracked |  0
|  93|0x000000070c800000, 0x000000070c800000, 0x000000070ca00000|  0%| F|  |TAMS 0x000000070c800000| PB 0x000000070c800000| Untracked |  0
|  94|0x000000070ca00000, 0x000000070ca00000, 0x000000070cc00000|  0%| F|  |TAMS 0x000000070ca00000| PB 0x000000070ca00000| Untracked |  0
|  95|0x000000070cc00000, 0x000000070cc00000, 0x000000070ce00000|  0%| F|  |TAMS 0x000000070cc00000| PB 0x000000070cc00000| Untracked |  0
|  96|0x000000070ce00000, 0x000000070ce00000, 0x000000070d000000|  0%| F|  |TAMS 0x000000070ce00000| PB 0x000000070ce00000| Untracked |  0
|  97|0x000000070d000000, 0x000000070d000000, 0x000000070d200000|  0%| F|  |TAMS 0x000000070d000000| PB 0x000000070d000000| Untracked |  0
|  98|0x000000070d200000, 0x000000070d200000, 0x000000070d400000|  0%| F|  |TAMS 0x000000070d200000| PB 0x000000070d200000| Untracked |  0
|  99|0x000000070d400000, 0x000000070d400000, 0x000000070d600000|  0%| F|  |TAMS 0x000000070d400000| PB 0x000000070d400000| Untracked |  0
| 100|0x000000070d600000, 0x000000070d600000, 0x000000070d800000|  0%| F|  |TAMS 0x000000070d600000| PB 0x000000070d600000| Untracked |  0
| 101|0x000000070d800000, 0x000000070d800000, 0x000000070da00000|  0%| F|  |TAMS 0x000000070d800000| PB 0x000000070d800000| Untracked |  0
| 102|0x000000070da00000, 0x000000070da00000, 0x000000070dc00000|  0%| F|  |TAMS 0x000000070da00000| PB 0x000000070da00000| Untracked |  0
| 103|0x000000070dc00000, 0x000000070dc00000, 0x000000070de00000|  0%| F|  |TAMS 0x000000070dc00000| PB 0x000000070dc00000| Untracked |  0
| 104|0x000000070de00000, 0x000000070de00000, 0x000000070e000000|  0%| F|  |TAMS 0x000000070de00000| PB 0x000000070de00000| Untracked |  0
| 105|0x000000070e000000, 0x000000070e000000, 0x000000070e200000|  0%| F|  |TAMS 0x000000070e000000| PB 0x000000070e000000| Untracked |  0
| 106|0x000000070e200000, 0x000000070e200000, 0x000000070e400000|  0%| F|  |TAMS 0x000000070e200000| PB 0x000000070e200000| Untracked |  0
| 107|0x000000070e400000, 0x000000070e400000, 0x000000070e600000|  0%| F|  |TAMS 0x000000070e400000| PB 0x000000070e400000| Untracked |  0
| 108|0x000000070e600000, 0x000000070e600000, 0x000000070e800000|  0%| F|  |TAMS 0x000000070e600000| PB 0x000000070e600000| Untracked |  0
| 109|0x000000070e800000, 0x000000070e800000, 0x000000070ea00000|  0%| F|  |TAMS 0x000000070e800000| PB 0x000000070e800000| Untracked |  0
| 110|0x000000070ea00000, 0x000000070ea00000, 0x000000070ec00000|  0%| F|  |TAMS 0x000000070ea00000| PB 0x000000070ea00000| Untracked |  0
| 111|0x000000070ec00000, 0x000000070ee00000, 0x000000070ee00000|100%| S|CS|TAMS 0x000000070ec00000| PB 0x000000070ec00000| Complete |  0
| 112|0x000000070ee00000, 0x000000070f000000, 0x000000070f000000|100%| S|CS|TAMS 0x000000070ee00000| PB 0x000000070ee00000| Complete |  0
| 113|0x000000070f000000, 0x000000070f000000, 0x000000070f200000|  0%| F|  |TAMS 0x000000070f000000| PB 0x000000070f000000| Untracked |  0
| 114|0x000000070f200000, 0x000000070f200000, 0x000000070f400000|  0%| F|  |TAMS 0x000000070f200000| PB 0x000000070f200000| Untracked |  0
| 115|0x000000070f400000, 0x000000070f400000, 0x000000070f600000|  0%| F|  |TAMS 0x000000070f400000| PB 0x000000070f400000| Untracked |  0
| 116|0x000000070f600000, 0x000000070f600000, 0x000000070f800000|  0%| F|  |TAMS 0x000000070f600000| PB 0x000000070f600000| Untracked |  0
| 117|0x000000070f800000, 0x000000070f800000, 0x000000070fa00000|  0%| F|  |TAMS 0x000000070f800000| PB 0x000000070f800000| Untracked |  0
| 118|0x000000070fa00000, 0x000000070fa00000, 0x000000070fc00000|  0%| F|  |TAMS 0x000000070fa00000| PB 0x000000070fa00000| Untracked |  0
| 119|0x000000070fc00000, 0x000000070fc00000, 0x000000070fe00000|  0%| F|  |TAMS 0x000000070fc00000| PB 0x000000070fc00000| Untracked |  0
| 120|0x000000070fe00000, 0x000000070fe00000, 0x0000000710000000|  0%| F|  |TAMS 0x000000070fe00000| PB 0x000000070fe00000| Untracked |  0
| 121|0x0000000710000000, 0x0000000710000000, 0x0000000710200000|  0%| F|  |TAMS 0x0000000710000000| PB 0x0000000710000000| Untracked |  0
| 122|0x0000000710200000, 0x0000000710200000, 0x0000000710400000|  0%| F|  |TAMS 0x0000000710200000| PB 0x0000000710200000| Untracked |  0
| 123|0x0000000710400000, 0x0000000710458cb8, 0x0000000710600000| 17%| E|  |TAMS 0x0000000710400000| PB 0x0000000710400000| Complete |  0
| 124|0x0000000710600000, 0x0000000710800000, 0x0000000710800000|100%| E|CS|TAMS 0x0000000710600000| PB 0x0000000710600000| Complete |  0
| 125|0x0000000710800000, 0x0000000710a00000, 0x0000000710a00000|100%| E|CS|TAMS 0x0000000710800000| PB 0x0000000710800000| Complete |  0
| 126|0x0000000710a00000, 0x0000000710c00000, 0x0000000710c00000|100%| E|CS|TAMS 0x0000000710a00000| PB 0x0000000710a00000| Complete |  0
| 127|0x0000000710c00000, 0x0000000710e00000, 0x0000000710e00000|100%| E|CS|TAMS 0x0000000710c00000| PB 0x0000000710c00000| Complete |  0

Card table byte_map: [0x0000015b4ba20000,0x0000015b4c220000] _byte_map_base: 0x0000015b48219000

Marking Bits: (CMBitMap*) 0x0000015b320e2c80
 Bits: [0x0000015b4c220000, 0x0000015b501e8000)

Polling page: 0x0000015b30250000

Metaspace:

Usage:
  Non-class:     12.79 MB used.
      Class:      1.79 MB used.
       Both:     14.58 MB used.

Virtual space:
  Non-class space:       64.00 MB reserved,      12.94 MB ( 20%) committed,  1 nodes.
      Class space:        1.00 GB reserved,       1.88 MB ( <1%) committed,  1 nodes.
             Both:        1.06 GB reserved,      14.81 MB (  1%) committed. 

Chunk freelists:
   Non-Class:  2.98 MB
       Class:  14.12 MB
        Both:  17.11 MB

MaxMetaspaceSize: unlimited
CompressedClassSpaceSize: 1.00 GB
Initial GC threshold: 21.00 MB
Current GC threshold: 21.00 MB
CDS: on
 - commit_granule_bytes: 65536.
 - commit_granule_words: 8192.
 - virtual_space_node_default_size: 8388608.
 - enlarge_chunks_in_place: 1.
 - use_allocation_guard: 0.


Internal statistics:

num_allocs_failed_limit: 0.
num_arena_births: 258.
num_arena_deaths: 0.
num_vsnodes_births: 2.
num_vsnodes_deaths: 0.
num_space_committed: 237.
num_space_uncommitted: 0.
num_chunks_returned_to_freelist: 0.
num_chunks_taken_from_freelist: 533.
num_chunk_merges: 0.
num_chunk_splits: 367.
num_chunks_enlarged: 263.
num_inconsistent_stats: 0.

CodeHeap 'non-profiled nmethods': size=119232Kb used=525Kb max_used=525Kb free=118706Kb
 bounds [0x0000015b42fe0000, 0x0000015b43250000, 0x0000015b4a450000]
CodeHeap 'profiled nmethods': size=119104Kb used=2388Kb max_used=2388Kb free=116715Kb
 bounds [0x0000015b3b450000, 0x0000015b3b6c0000, 0x0000015b428a0000]
CodeHeap 'non-nmethods': size=7424Kb used=3295Kb max_used=3298Kb free=4128Kb
 bounds [0x0000015b428a0000, 0x0000015b42c50000, 0x0000015b42fe0000]
CodeCache: size=245760Kb, used=6208Kb, max_used=6211Kb, free=239549Kb
 total_blobs=2371, nmethods=1743, adapters=530, full_count=0
Compilation: enabled, stopped_count=0, restarted_count=0

Compilation events (20 events):
Event: 4.824 Thread 0x0000015b9acad790 nmethod 1576 0x0000015b43057e88 code [0x0000015b43057fa0, 0x0000015b43058068]
Event: 4.824 Thread 0x0000015b9acad790 1578       3       javafx.css.Size::<init> (25 bytes)
Event: 4.825 Thread 0x0000015b9acad790 nmethod 1578 0x0000015b3b64eb88 code [0x0000015b3b64eca0, 0x0000015b3b64eeb8]
Event: 4.825 Thread 0x0000015b9aca9b00 nmethod 1571 0x0000015b3b64ef08 code [0x0000015b3b64f120, 0x0000015b3b64fc58]
Event: 4.825 Thread 0x0000015b5320a000 nmethod 1577 0x0000015b3b64fd08 code [0x0000015b3b64ff40, 0x0000015b3b650a28]
Event: 4.826 Thread 0x0000015b9acad790 1580       1       javafx.css.Stylesheet::getStringStore (5 bytes)
Event: 4.826 Thread 0x0000015b9acad790 nmethod 1580 0x0000015b43058188 code [0x0000015b430582a0, 0x0000015b43058370]
Event: 4.826 Thread 0x0000015b9acad790 1581       1       javafx.css.ParsedValue::getConverter (5 bytes)
Event: 4.826 Thread 0x0000015b9acad790 nmethod 1581 0x0000015b43058488 code [0x0000015b430585a0, 0x0000015b43058670]
Event: 4.827 Thread 0x0000015b9acad790 1582       3       javafx.css.StyleConverter::readBinary (178 bytes)
Event: 4.829 Thread 0x0000015b531b8270 nmethod 1550 0x0000015b3b650a88 code [0x0000015b3b651740, 0x0000015b3b659900]
Event: 4.830 Thread 0x0000015b5320a000 1584       3       java.util.jar.JarFile::getEntry (35 bytes)
Event: 4.830 Thread 0x0000015b9acad790 nmethod 1582 0x0000015b3b659a88 code [0x0000015b3b659e60, 0x0000015b3b65ba10]
Event: 4.831 Thread 0x0000015b5320a000 nmethod 1584 0x0000015b3b65bb88 code [0x0000015b3b65bd00, 0x0000015b3b65c168]
Event: 4.832 Thread 0x0000015b9acad790 1585       3       com.sun.javafx.css.StyleClassSet::equals (6 bytes)
Event: 4.832 Thread 0x0000015b5320a000 1586       3       com.sun.javafx.css.BitSet::equals (117 bytes)
Event: 4.832 Thread 0x0000015b9aca9b00 1587       3       com.sun.javafx.css.SelectorPartitioning::getPartition (35 bytes)
Event: 4.833 Thread 0x0000015b9acad790 nmethod 1585 0x0000015b3b65c188 code [0x0000015b3b65c2a0, 0x0000015b3b65c3f8]
Event: 4.833 Thread 0x0000015b5320a000 nmethod 1586 0x0000015b3b65c488 code [0x0000015b3b65c600, 0x0000015b3b65cb90]
Event: 4.833 Thread 0x0000015b9aca9b00 nmethod 1587 0x0000015b3b65cc08 code [0x0000015b3b65cd80, 0x0000015b3b65d4b0]

GC Heap History (2 events):
Event: 4.312 GC heap before
{Heap before GC invocations=0 (full 0):
 garbage-first heap   total reserved 4179968K, committed 262144K, used 22528K [0x0000000700e00000, 0x0000000800000000)
  region size 2048K, 12 young (24576K), 0 survivors (0K)
 Metaspace       used 5128K, committed 5376K, reserved 1114112K
  class space    used 561K, committed 704K, reserved 1048576K
}
Event: 4.316 GC heap after
{Heap after GC invocations=1 (full 0):
 garbage-first heap   total reserved 4179968K, committed 262144K, used 2186K [0x0000000700e00000, 0x0000000800000000)
  region size 2048K, 2 young (4096K), 2 survivors (4096K)
 Metaspace       used 5128K, committed 5376K, reserved 1114112K
  class space    used 561K, committed 704K, reserved 1048576K
}

Dll operation events (20 events):
Event: 3.989 Loaded shared library C:\Users\Pollar LeBlanc\.openjfx\cache\17.0.6\api-ms-win-crt-locale-l1-1-0.dll
Event: 3.992 Loaded shared library C:\Users\Pollar LeBlanc\.openjfx\cache\17.0.6\api-ms-win-crt-math-l1-1-0.dll
Event: 3.995 Loaded shared library C:\Users\Pollar LeBlanc\.openjfx\cache\17.0.6\api-ms-win-crt-multibyte-l1-1-0.dll
Event: 3.999 Loaded shared library C:\Users\Pollar LeBlanc\.openjfx\cache\17.0.6\api-ms-win-crt-private-l1-1-0.dll
Event: 4.002 Loaded shared library C:\Users\Pollar LeBlanc\.openjfx\cache\17.0.6\api-ms-win-crt-process-l1-1-0.dll
Event: 4.006 Loaded shared library C:\Users\Pollar LeBlanc\.openjfx\cache\17.0.6\api-ms-win-crt-runtime-l1-1-0.dll
Event: 4.009 Loaded shared library C:\Users\Pollar LeBlanc\.openjfx\cache\17.0.6\api-ms-win-crt-stdio-l1-1-0.dll
Event: 4.012 Loaded shared library C:\Users\Pollar LeBlanc\.openjfx\cache\17.0.6\api-ms-win-crt-string-l1-1-0.dll
Event: 4.016 Loaded shared library C:\Users\Pollar LeBlanc\.openjfx\cache\17.0.6\api-ms-win-crt-time-l1-1-0.dll
Event: 4.019 Loaded shared library C:\Users\Pollar LeBlanc\.openjfx\cache\17.0.6\api-ms-win-crt-utility-l1-1-0.dll
Event: 4.036 Loaded shared library C:\Users\Pollar LeBlanc\.openjfx\cache\17.0.6\ucrtbase.dll
Event: 4.042 Loaded shared library C:\Users\Pollar LeBlanc\.openjfx\cache\17.0.6\vcruntime140.dll
Event: 4.046 Loaded shared library C:\Users\Pollar LeBlanc\.openjfx\cache\17.0.6\vcruntime140_1.dll
Event: 4.057 Loaded shared library C:\Users\Pollar LeBlanc\.openjfx\cache\17.0.6\msvcp140.dll
Event: 4.060 Loaded shared library C:\Users\Pollar LeBlanc\.openjfx\cache\17.0.6\msvcp140_1.dll
Event: 4.065 Loaded shared library C:\Users\Pollar LeBlanc\.openjfx\cache\17.0.6\msvcp140_2.dll
Event: 4.125 Loaded shared library C:\Users\Pollar LeBlanc\.openjfx\cache\17.0.6\prism_d3d.dll
Event: 4.188 Loaded shared library C:\Users\Pollar LeBlanc\.openjfx\cache\17.0.6\glass.dll
Event: 4.417 Loaded shared library G:\prog\g\bin\jimage.dll
Event: 4.756 Loaded shared library C:\Users\Pollar LeBlanc\.openjfx\cache\17.0.6\javafx_font.dll

Deoptimization events (20 events):
Event: 4.671 Thread 0x0000015b9a29cba0 Uncommon trap: trap_request=0xffffff45 fr.pc=0x0000015b42fecdd4 relative=0x0000000000000054
Event: 4.671 Thread 0x0000015b9a29cba0 Uncommon trap: reason=unstable_if action=reinterpret pc=0x0000015b42fecdd4 method=java.lang.CharacterData.of(I)Ljava/lang/CharacterData; @ 4 c2
Event: 4.671 Thread 0x0000015b9a29cba0 DEOPT PACKING pc=0x0000015b42fecdd4 sp=0x0000002bc4ffd1d0
Event: 4.671 Thread 0x0000015b9a29cba0 DEOPT UNPACKING pc=0x0000015b428f4402 sp=0x0000002bc4ffd170 mode 2
Event: 4.762 Thread 0x0000015b9a29cba0 Uncommon trap: trap_request=0xffffffde fr.pc=0x0000015b43022ca4 relative=0x00000000000004c4
Event: 4.762 Thread 0x0000015b9a29cba0 Uncommon trap: reason=class_check action=maybe_recompile pc=0x0000015b43022ca4 method=java.util.HashMap.getNode(Ljava/lang/Object;)Ljava/util/HashMap$Node; @ 63 c2
Event: 4.762 Thread 0x0000015b9a29cba0 DEOPT PACKING pc=0x0000015b43022ca4 sp=0x0000002bc4ffc450
Event: 4.762 Thread 0x0000015b9a29cba0 DEOPT UNPACKING pc=0x0000015b428f4402 sp=0x0000002bc4ffc3e8 mode 2
Event: 4.819 Thread 0x0000015b9a29cba0 Uncommon trap: trap_request=0xffffffde fr.pc=0x0000015b430556f8 relative=0x0000000000000598
Event: 4.819 Thread 0x0000015b9a29cba0 Uncommon trap: reason=class_check action=maybe_recompile pc=0x0000015b430556f8 method=java.util.HashMap.getNode(Ljava/lang/Object;)Ljava/util/HashMap$Node; @ 128 c2
Event: 4.819 Thread 0x0000015b9a29cba0 DEOPT PACKING pc=0x0000015b430556f8 sp=0x0000002bc4ffc9c0
Event: 4.819 Thread 0x0000015b9a29cba0 DEOPT UNPACKING pc=0x0000015b428f4402 sp=0x0000002bc4ffc908 mode 2
Event: 4.819 Thread 0x0000015b9a29cba0 Uncommon trap: trap_request=0xffffffde fr.pc=0x0000015b430556f8 relative=0x0000000000000598
Event: 4.819 Thread 0x0000015b9a29cba0 Uncommon trap: reason=class_check action=maybe_recompile pc=0x0000015b430556f8 method=java.util.HashMap.getNode(Ljava/lang/Object;)Ljava/util/HashMap$Node; @ 128 c2
Event: 4.819 Thread 0x0000015b9a29cba0 DEOPT PACKING pc=0x0000015b430556f8 sp=0x0000002bc4ffc9c0
Event: 4.819 Thread 0x0000015b9a29cba0 DEOPT UNPACKING pc=0x0000015b428f4402 sp=0x0000002bc4ffc908 mode 2
Event: 4.819 Thread 0x0000015b9a29cba0 Uncommon trap: trap_request=0xffffffde fr.pc=0x0000015b43022ca4 relative=0x00000000000004c4
Event: 4.819 Thread 0x0000015b9a29cba0 Uncommon trap: reason=class_check action=maybe_recompile pc=0x0000015b43022ca4 method=java.util.HashMap.getNode(Ljava/lang/Object;)Ljava/util/HashMap$Node; @ 63 c2
Event: 4.819 Thread 0x0000015b9a29cba0 DEOPT PACKING pc=0x0000015b43022ca4 sp=0x0000002bc4ffc970
Event: 4.819 Thread 0x0000015b9a29cba0 DEOPT UNPACKING pc=0x0000015b428f4402 sp=0x0000002bc4ffc918 mode 2

Classes loaded (20 events):
Event: 4.761 Loading class sun/net/www/protocol/jar/URLJarFile$URLJarFileCloseController done
Event: 4.761 Loading class sun/net/www/protocol/jar/JarFileFactory done
Event: 4.761 Loading class sun/net/www/protocol/jar/URLJarFile
Event: 4.762 Loading class sun/net/www/protocol/jar/URLJarFile done
Event: 4.762 Loading class sun/net/www/protocol/jar/URLJarFile$URLJarFileEntry
Event: 4.763 Loading class sun/net/www/protocol/jar/URLJarFile$URLJarFileEntry done
Event: 4.763 Loading class sun/net/www/protocol/jar/JarURLConnection$JarURLInputStream
Event: 4.763 Loading class sun/net/www/protocol/jar/JarURLConnection$JarURLInputStream done
Event: 4.791 Loading class java/util/AbstractList$RandomAccessSubList
Event: 4.791 Loading class java/util/AbstractList$SubList
Event: 4.791 Loading class java/util/AbstractList$SubList done
Event: 4.792 Loading class java/util/AbstractList$RandomAccessSubList done
Event: 4.792 Loading class java/util/AbstractList$SubList$1
Event: 4.792 Loading class java/util/AbstractList$SubList$1 done
Event: 4.792 Loading class java/util/AbstractList$ListItr
Event: 4.792 Loading class java/util/AbstractList$ListItr done
Event: 4.795 Loading class javafx/css/Selector
Event: 4.795 Loading class javafx/css/Selector done
Event: 4.796 Loading class javafx/css/Selector
Event: 4.796 Loading class javafx/css/Selector done

Classes unloaded (0 events):
No events

Classes redefined (1 events):
Event: 3.669 Thread 0x0000015b32229170 redefined class name=java.lang.Throwable, count=1

Internal exceptions (20 events):
Event: 3.725 Thread 0x0000015b325ce4c0 Exception <a 'java/lang/NoSuchMethodError'{0x0000000710294b60}: 'void java.lang.invoke.DirectMethodHandle$Holder.invokeSpecial(java.lang.Object, java.lang.Object, java.lang.Object, java.lang.Object, java.lang.Object)'> (0x0000000710294b60) 
thrown [s\open\src\hotspot\share\interpreter\linkResolver.cpp, line 796]
Event: 3.735 Thread 0x0000015b325ce4c0 Exception <a 'java/lang/NoSuchMethodError'{0x00000007102c4e90}: 'void java.lang.invoke.DirectMethodHandle$Holder.invokeStatic(java.lang.Object, java.lang.Object)'> (0x00000007102c4e90) 
thrown [s\open\src\hotspot\share\interpreter\linkResolver.cpp, line 796]
Event: 4.164 Thread 0x0000015b325ce4c0 Exception <a 'java/lang/NoSuchMethodError'{0x000000070faba648}: 'int java.lang.invoke.DirectMethodHandle$Holder.invokeStaticInit(java.lang.Object, java.lang.Object, java.lang.Object)'> (0x000000070faba648) 
thrown [s\open\src\hotspot\share\interpreter\linkResolver.cpp, line 796]
Event: 4.193 Thread 0x0000015b325ce4c0 Exception <a 'java/lang/NoSuchMethodError'{0x000000070f8cfea0}: 'java.lang.Object java.lang.invoke.DirectMethodHandle$Holder.newInvokeSpecial(java.lang.Object, java.lang.Object, int, java.lang.Object)'> (0x000000070f8cfea0) 
thrown [s\open\src\hotspot\share\interpreter\linkResolver.cpp, line 796]
Event: 4.193 Thread 0x0000015b325ce4c0 Exception <a 'java/lang/NoSuchMethodError'{0x000000070f8d4110}: 'java.lang.Object java.lang.invoke.DirectMethodHandle$Holder.invokeSpecial(java.lang.Object, java.lang.Object, java.lang.Object, int, java.lang.Object)'> (0x000000070f8d4110) 
thrown [s\open\src\hotspot\share\interpreter\linkResolver.cpp, line 796]
Event: 4.290 Thread 0x0000015b9a29cba0 Exception <a 'java/lang/NoSuchMethodError'{0x000000070f71f030}: 'void java.lang.invoke.DirectMethodHandle$Holder.invokeStaticInit(java.lang.Object)'> (0x000000070f71f030) 
thrown [s\open\src\hotspot\share\interpreter\linkResolver.cpp, line 796]
Event: 4.293 Thread 0x0000015b325ce4c0 Exception <a 'java/lang/NoSuchMethodError'{0x000000070f8e4690}: 'java.lang.Object java.lang.invoke.DirectMethodHandle$Holder.newInvokeSpecial(java.lang.Object, java.lang.Object, java.lang.Object, java.lang.Object, java.lang.Object, java.lang.Object)'> (0x000000070f8e4690) 
thrown [s\open\src\hotspot\share\interpreter\linkResolver.cpp, line 796]
Event: 4.357 Thread 0x0000015b9a29cba0 Exception <a 'java/lang/NoSuchMethodError'{0x0000000710df1a78}: 'void java.lang.invoke.DirectMethodHandle$Holder.invokeStatic(java.lang.Object, int, java.lang.Object)'> (0x0000000710df1a78) 
thrown [s\open\src\hotspot\share\interpreter\linkResolver.cpp, line 796]
Event: 4.449 Thread 0x0000015b9a29cba0 Exception <a 'sun/nio/fs/WindowsException'{0x00000007106eb248}> (0x00000007106eb248) 
thrown [s\open\src\hotspot\share\prims\jni.cpp, line 520]
Event: 4.455 Thread 0x0000015b9a29cba0 Exception <a 'java/lang/NoSuchMethodError'{0x00000007107434b0}: 'java.lang.Object java.lang.invoke.DirectMethodHandle$Holder.invokeInterface(java.lang.Object, java.lang.Object)'> (0x00000007107434b0) 
thrown [s\open\src\hotspot\share\interpreter\linkResolver.cpp, line 796]
Event: 4.547 Thread 0x0000015b9a29cba0 Exception <a 'java/lang/NoSuchMethodError'{0x00000007100a3ff0}: 'java.lang.Object java.lang.invoke.DirectMethodHandle$Holder.invokeStaticInit(java.lang.Object, java.lang.Object, java.lang.Object, java.lang.Object)'> (0x00000007100a3ff0) 
thrown [s\open\src\hotspot\share\interpreter\linkResolver.cpp, line 796]
Event: 4.549 Thread 0x0000015b9a29cba0 Exception <a 'java/lang/NullPointerException'{0x00000007100b1500}> (0x00000007100b1500) 
thrown [s\open\src\hotspot\share\interpreter\linkResolver.cpp, line 1389]
Event: 4.567 Thread 0x0000015b9a29cba0 Exception <a 'sun/nio/fs/WindowsException'{0x0000000710192a88}> (0x0000000710192a88) 
thrown [s\open\src\hotspot\share\prims\jni.cpp, line 520]
Event: 4.617 Thread 0x0000015b9a29cba0 Exception <a 'sun/nio/fs/WindowsException'{0x000000070fe68f68}> (0x000000070fe68f68) 
thrown [s\open\src\hotspot\share\prims\jni.cpp, line 520]
Event: 4.634 Thread 0x0000015b9a29cba0 Implicit null exception at 0x0000015b4303041b to 0x0000015b430312b8
Event: 4.635 Thread 0x0000015b9a29cba0 Implicit null exception at 0x0000015b42ffdd1d to 0x0000015b42ffdda1
Event: 4.644 Thread 0x0000015b9a29cba0 Exception <a 'java/lang/ClassNotFoundException'{0x000000070ff29e50}: sun/util/logging/resources/spi/loggingProvider> (0x000000070ff29e50) 
thrown [s\open\src\hotspot\share\classfile\systemDictionary.cpp, line 313]
Event: 4.724 Thread 0x0000015b9a29cba0 Exception <a 'java/lang/ClassNotFoundException'{0x000000070fad8f50}: com/sun/glass/ui/win/themes> (0x000000070fad8f50) 
thrown [s\open\src\hotspot\share\prims\jni.cpp, line 539]
Event: 4.725 Thread 0x0000015b9a29cba0 Exception <a 'java/lang/ClassNotFoundException'{0x000000070fae2b78}: com/sun/glass/ui/win/themes_en> (0x000000070fae2b78) 
thrown [s\open\src\hotspot\share\prims\jni.cpp, line 539]
Event: 4.726 Thread 0x0000015b9a29cba0 Exception <a 'java/lang/ClassNotFoundException'{0x000000070faeaa00}: com/sun/glass/ui/win/themes_en_CA> (0x000000070faeaa00) 
thrown [s\open\src\hotspot\share\prims\jni.cpp, line 539]

VM Operations (20 events):
Event: 0.748 Executing VM operation: HandshakeAllThreads (Deoptimize)
Event: 0.748 Executing VM operation: HandshakeAllThreads (Deoptimize) done
Event: 3.604 Executing VM operation: ChangeBreakpoints
Event: 3.604 Executing VM operation: ChangeBreakpoints done
Event: 3.606 Executing VM operation: ChangeBreakpoints
Event: 3.606 Executing VM operation: ChangeBreakpoints done
Event: 3.660 Executing VM operation: RedefineClasses
Event: 3.670 Executing VM operation: RedefineClasses done
Event: 3.682 Executing VM operation: get/set locals
Event: 3.682 Executing VM operation: get/set locals done
Event: 3.807 Executing VM operation: HandshakeAllThreads (Deoptimize)
Event: 3.807 Executing VM operation: HandshakeAllThreads (Deoptimize) done
Event: 4.179 Executing VM operation: HandshakeAllThreads (Deoptimize)
Event: 4.179 Executing VM operation: HandshakeAllThreads (Deoptimize) done
Event: 4.312 Executing VM operation: G1CollectForAllocation (G1 Evacuation Pause)
Event: 4.316 Executing VM operation: G1CollectForAllocation (G1 Evacuation Pause) done
Event: 4.672 Executing VM operation: HandshakeAllThreads (Deoptimize)
Event: 4.672 Executing VM operation: HandshakeAllThreads (Deoptimize) done
Event: 4.762 Executing VM operation: HandshakeAllThreads (Deoptimize)
Event: 4.762 Executing VM operation: HandshakeAllThreads (Deoptimize) done

Memory protections (0 events):
No events

Nmethod flushes (0 events):
No events

Events (20 events):
Event: 3.706 Thread 0x0000015b325ce4c0 Thread added: 0x0000015b998b2b70
Event: 3.868 Thread 0x0000015b5320a000 Thread added: 0x0000015b9945ac10
Event: 3.868 Thread 0x0000015b5320a000 Thread added: 0x0000015b99322ed0
Event: 4.011 Thread 0x0000015b99322ed0 Thread exited: 0x0000015b99322ed0
Event: 4.017 Thread 0x0000015b9945ac10 Thread exited: 0x0000015b9945ac10
Event: 4.114 Thread 0x0000015b325ce4c0 Thread added: 0x0000015b9a0077e0
Event: 4.191 Thread 0x0000015b325ce4c0 Thread added: 0x0000015b9a0ce740
Event: 4.195 Thread 0x0000015b325ce4c0 Thread added: 0x0000015b9a29cba0
Event: 4.312 Thread 0x0000015b9a4e67f0 Thread added: 0x0000015b9a4e67f0
Event: 4.382 Thread 0x0000015b325ce4c0 Thread added: 0x0000015b9a4e95e0
Event: 4.432 Thread 0x0000015b531b8270 Thread added: 0x0000015b9a6c15a0
Event: 4.432 Thread 0x0000015b531b8270 Thread added: 0x0000015b9a6d5d20
Event: 4.432 Thread 0x0000015b531b8270 Thread added: 0x0000015b9a5b9990
Event: 4.548 Thread 0x0000015b9a5b9990 Thread exited: 0x0000015b9a5b9990
Event: 4.607 Thread 0x0000015b9a6c15a0 Thread exited: 0x0000015b9a6c15a0
Event: 4.607 Thread 0x0000015b9a6d5d20 Thread exited: 0x0000015b9a6d5d20
Event: 4.616 Thread 0x0000015b5320a000 Thread added: 0x0000015b9a6c15a0
Event: 4.616 Thread 0x0000015b5320a000 Thread added: 0x0000015b9aa50e50
Event: 4.790 Thread 0x0000015b531977b0 Thread added: 0x0000015b9aca9b00
Event: 4.790 Thread 0x0000015b531977b0 Thread added: 0x0000015b9acad790


Dynamic libraries:
0x00007ff6f1460000 - 0x00007ff6f1470000 	G:\prog\g\bin\java.exe
0x00007ff9afb50000 - 0x00007ff9afd48000 	C:\Windows\SYSTEM32\ntdll.dll
0x00007ff9adff0000 - 0x00007ff9ae0b2000 	C:\Windows\System32\KERNEL32.DLL
0x00007ff9ad2c0000 - 0x00007ff9ad5bf000 	C:\Windows\System32\KERNELBASE.dll
0x00007ff9ad770000 - 0x00007ff9ad870000 	C:\Windows\System32\ucrtbase.dll
0x00007ff99fd50000 - 0x00007ff99fd6b000 	G:\prog\g\bin\VCRUNTIME140.dll
0x00007ff98da30000 - 0x00007ff98da47000 	G:\prog\g\bin\jli.dll
0x00007ff9aef20000 - 0x00007ff9af0bd000 	C:\Windows\System32\USER32.dll
0x00007ff999340000 - 0x00007ff9995da000 	C:\Windows\WinSxS\amd64_microsoft.windows.common-controls_6595b64144ccf1df_6.0.19041.4355_none_60b8b9eb71f62e16\COMCTL32.dll
0x00007ff9ad870000 - 0x00007ff9ad892000 	C:\Windows\System32\win32u.dll
0x00007ff9af0d0000 - 0x00007ff9af16e000 	C:\Windows\System32\msvcrt.dll
0x00007ff9adf50000 - 0x00007ff9adf7b000 	C:\Windows\System32\GDI32.dll
0x00007ff9ad650000 - 0x00007ff9ad76a000 	C:\Windows\System32\gdi32full.dll
0x00007ff9ad220000 - 0x00007ff9ad2bd000 	C:\Windows\System32\msvcp_win.dll
0x00007ff9af1d0000 - 0x00007ff9af1ff000 	C:\Windows\System32\IMM32.DLL
0x00007ff99ff40000 - 0x00007ff99ff4c000 	G:\prog\g\bin\vcruntime140_1.dll
0x00007ff98c5c0000 - 0x00007ff98c64e000 	G:\prog\g\bin\msvcp140.dll
0x00007ff945260000 - 0x00007ff945fb0000 	G:\prog\g\bin\server\jvm.dll
0x00007ff9af9e0000 - 0x00007ff9afa8f000 	C:\Windows\System32\ADVAPI32.dll
0x00007ff9ae0c0000 - 0x00007ff9ae15f000 	C:\Windows\System32\sechost.dll
0x00007ff9af430000 - 0x00007ff9af553000 	C:\Windows\System32\RPCRT4.dll
0x00007ff9ad1f0000 - 0x00007ff9ad217000 	C:\Windows\System32\bcrypt.dll
0x00007ff9aeeb0000 - 0x00007ff9aef1b000 	C:\Windows\System32\WS2_32.dll
0x00007ff9ad050000 - 0x00007ff9ad09b000 	C:\Windows\SYSTEM32\POWRPROF.dll
0x00007ff9a2a00000 - 0x00007ff9a2a27000 	C:\Windows\SYSTEM32\WINMM.dll
0x00007ff9a2a30000 - 0x00007ff9a2a3a000 	C:\Windows\SYSTEM32\VERSION.dll
0x00007ff9ad030000 - 0x00007ff9ad042000 	C:\Windows\SYSTEM32\UMPDC.dll
0x00007ff9aba20000 - 0x00007ff9aba32000 	C:\Windows\SYSTEM32\kernel.appcore.dll
0x00007ff99fd40000 - 0x00007ff99fd4a000 	G:\prog\g\bin\jimage.dll
0x00007ff9aadc0000 - 0x00007ff9aafa4000 	C:\Windows\SYSTEM32\DBGHELP.DLL
0x00007ff99e000000 - 0x00007ff99e034000 	C:\Windows\SYSTEM32\dbgcore.DLL
0x00007ff9ad5c0000 - 0x00007ff9ad642000 	C:\Windows\System32\bcryptPrimitives.dll
0x00007ff98c690000 - 0x00007ff98c6cc000 	G:\prog\g\bin\jdwp.dll
0x00007ff979b30000 - 0x00007ff979d3e000 	C:\Users\POLLAR~1\AppData\Local\Temp\idea_libasyncProfiler_dll_temp_folder\libasyncProfiler.dll
0x00007ff98daa0000 - 0x00007ff98daaf000 	G:\prog\g\bin\instrument.dll
0x00007ff99fd20000 - 0x00007ff99fd3e000 	G:\prog\g\bin\java.dll
0x00007ff9ade00000 - 0x00007ff9adf2b000 	C:\Windows\System32\ole32.dll
0x00007ff9ae160000 - 0x00007ff9ae4b5000 	C:\Windows\System32\combase.dll
0x00007ff9ae570000 - 0x00007ff9aecdd000 	C:\Windows\System32\SHELL32.dll
0x00007ff98dac0000 - 0x00007ff98dad7000 	G:\prog\g\bin\zip.dll
0x00007ff9ab270000 - 0x00007ff9aba14000 	C:\Windows\SYSTEM32\windows.storage.dll
0x00007ff9acb50000 - 0x00007ff9acb7f000 	C:\Windows\SYSTEM32\Wldp.dll
0x00007ff9af360000 - 0x00007ff9af42d000 	C:\Windows\System32\OLEAUT32.dll
0x00007ff9aece0000 - 0x00007ff9aed8d000 	C:\Windows\System32\SHCORE.dll
0x00007ff9af210000 - 0x00007ff9af265000 	C:\Windows\System32\shlwapi.dll
0x00007ff9ad120000 - 0x00007ff9ad144000 	C:\Windows\SYSTEM32\profapi.dll
0x00007ff985690000 - 0x00007ff985767000 	G:\prog\g\bin\jsvml.dll
0x00007ff99ab00000 - 0x00007ff99ab10000 	G:\prog\g\bin\net.dll
0x00007ff9ac8b0000 - 0x00007ff9ac91c000 	C:\Windows\system32\mswsock.dll
0x00007ff9965e0000 - 0x00007ff9965f6000 	G:\prog\g\bin\nio.dll
0x00007ff994dc0000 - 0x00007ff994dcc000 	G:\prog\g\bin\dt_socket.dll
0x00007ff9ac590000 - 0x00007ff9ac5cb000 	C:\Windows\SYSTEM32\IPHLPAPI.DLL
0x0000015b32410000 - 0x0000015b32413000 	C:\Users\Pollar LeBlanc\.openjfx\cache\17.0.6\api-ms-win-core-console-l1-1-0.dll
0x0000015b32420000 - 0x0000015b32423000 	C:\Users\Pollar LeBlanc\.openjfx\cache\17.0.6\api-ms-win-core-console-l1-2-0.dll
0x0000015b32430000 - 0x0000015b32433000 	C:\Users\Pollar LeBlanc\.openjfx\cache\17.0.6\api-ms-win-core-datetime-l1-1-0.dll
0x0000015b32440000 - 0x0000015b32443000 	C:\Users\Pollar LeBlanc\.openjfx\cache\17.0.6\api-ms-win-core-debug-l1-1-0.dll
0x0000015b32450000 - 0x0000015b32453000 	C:\Users\Pollar LeBlanc\.openjfx\cache\17.0.6\api-ms-win-core-errorhandling-l1-1-0.dll
0x0000015b32460000 - 0x0000015b32464000 	C:\Users\Pollar LeBlanc\.openjfx\cache\17.0.6\api-ms-win-core-file-l1-1-0.dll
0x0000015b32470000 - 0x0000015b32473000 	C:\Users\Pollar LeBlanc\.openjfx\cache\17.0.6\api-ms-win-core-file-l1-2-0.dll
0x0000015b32480000 - 0x0000015b32483000 	C:\Users\Pollar LeBlanc\.openjfx\cache\17.0.6\api-ms-win-core-file-l2-1-0.dll
0x0000015b32490000 - 0x0000015b32493000 	C:\Users\Pollar LeBlanc\.openjfx\cache\17.0.6\api-ms-win-core-handle-l1-1-0.dll
0x0000015b324a0000 - 0x0000015b324a3000 	C:\Users\Pollar LeBlanc\.openjfx\cache\17.0.6\api-ms-win-core-heap-l1-1-0.dll
0x0000015b324b0000 - 0x0000015b324b3000 	C:\Users\Pollar LeBlanc\.openjfx\cache\17.0.6\api-ms-win-core-interlocked-l1-1-0.dll
0x0000015b324c0000 - 0x0000015b324c3000 	C:\Users\Pollar LeBlanc\.openjfx\cache\17.0.6\api-ms-win-core-libraryloader-l1-1-0.dll
0x0000015b53c90000 - 0x0000015b53c93000 	C:\Users\Pollar LeBlanc\.openjfx\cache\17.0.6\api-ms-win-core-localization-l1-2-0.dll
0x0000015b53ca0000 - 0x0000015b53ca3000 	C:\Users\Pollar LeBlanc\.openjfx\cache\17.0.6\api-ms-win-core-memory-l1-1-0.dll
0x0000015b53cb0000 - 0x0000015b53cb3000 	C:\Users\Pollar LeBlanc\.openjfx\cache\17.0.6\api-ms-win-core-namedpipe-l1-1-0.dll
0x0000015b53cc0000 - 0x0000015b53cc3000 	C:\Users\Pollar LeBlanc\.openjfx\cache\17.0.6\api-ms-win-core-processenvironment-l1-1-0.dll
0x0000015b53cd0000 - 0x0000015b53cd3000 	C:\Users\Pollar LeBlanc\.openjfx\cache\17.0.6\api-ms-win-core-processthreads-l1-1-0.dll
0x0000015b53ce0000 - 0x0000015b53ce3000 	C:\Users\Pollar LeBlanc\.openjfx\cache\17.0.6\api-ms-win-core-processthreads-l1-1-1.dll
0x0000015b53cf0000 - 0x0000015b53cf3000 	C:\Users\Pollar LeBlanc\.openjfx\cache\17.0.6\api-ms-win-core-profile-l1-1-0.dll
0x0000015b53d00000 - 0x0000015b53d03000 	C:\Users\Pollar LeBlanc\.openjfx\cache\17.0.6\api-ms-win-core-rtlsupport-l1-1-0.dll
0x0000015b53d10000 - 0x0000015b53d13000 	C:\Users\Pollar LeBlanc\.openjfx\cache\17.0.6\api-ms-win-core-string-l1-1-0.dll
0x0000015b53d20000 - 0x0000015b53d23000 	C:\Users\Pollar LeBlanc\.openjfx\cache\17.0.6\api-ms-win-core-synch-l1-1-0.dll
0x0000015b53d30000 - 0x0000015b53d33000 	C:\Users\Pollar LeBlanc\.openjfx\cache\17.0.6\api-ms-win-core-synch-l1-2-0.dll
0x0000015b53d40000 - 0x0000015b53d43000 	C:\Users\Pollar LeBlanc\.openjfx\cache\17.0.6\api-ms-win-core-sysinfo-l1-1-0.dll
0x0000015b53d50000 - 0x0000015b53d53000 	C:\Users\Pollar LeBlanc\.openjfx\cache\17.0.6\api-ms-win-core-timezone-l1-1-0.dll
0x0000015b53d60000 - 0x0000015b53d63000 	C:\Users\Pollar LeBlanc\.openjfx\cache\17.0.6\api-ms-win-core-util-l1-1-0.dll
0x0000015b53d70000 - 0x0000015b53d73000 	C:\Users\Pollar LeBlanc\.openjfx\cache\17.0.6\api-ms-win-crt-conio-l1-1-0.dll
0x0000015b53d80000 - 0x0000015b53d84000 	C:\Users\Pollar LeBlanc\.openjfx\cache\17.0.6\api-ms-win-crt-convert-l1-1-0.dll
0x0000015b53d90000 - 0x0000015b53d93000 	C:\Users\Pollar LeBlanc\.openjfx\cache\17.0.6\api-ms-win-crt-environment-l1-1-0.dll
0x0000015b53da0000 - 0x0000015b53da3000 	C:\Users\Pollar LeBlanc\.openjfx\cache\17.0.6\api-ms-win-crt-filesystem-l1-1-0.dll
0x0000015b53db0000 - 0x0000015b53db3000 	C:\Users\Pollar LeBlanc\.openjfx\cache\17.0.6\api-ms-win-crt-heap-l1-1-0.dll
0x0000015b53dc0000 - 0x0000015b53dc3000 	C:\Users\Pollar LeBlanc\.openjfx\cache\17.0.6\api-ms-win-crt-locale-l1-1-0.dll
0x0000015b53dd0000 - 0x0000015b53dd5000 	C:\Users\Pollar LeBlanc\.openjfx\cache\17.0.6\api-ms-win-crt-math-l1-1-0.dll
0x0000015b53de0000 - 0x0000015b53de5000 	C:\Users\Pollar LeBlanc\.openjfx\cache\17.0.6\api-ms-win-crt-multibyte-l1-1-0.dll
0x0000015b53df0000 - 0x0000015b53e00000 	C:\Users\Pollar LeBlanc\.openjfx\cache\17.0.6\api-ms-win-crt-private-l1-1-0.dll
0x0000015b53e00000 - 0x0000015b53e03000 	C:\Users\Pollar LeBlanc\.openjfx\cache\17.0.6\api-ms-win-crt-process-l1-1-0.dll
0x0000015b53e10000 - 0x0000015b53e14000 	C:\Users\Pollar LeBlanc\.openjfx\cache\17.0.6\api-ms-win-crt-runtime-l1-1-0.dll
0x0000015b53e20000 - 0x0000015b53e24000 	C:\Users\Pollar LeBlanc\.openjfx\cache\17.0.6\api-ms-win-crt-stdio-l1-1-0.dll
0x0000015b53e30000 - 0x0000015b53e34000 	C:\Users\Pollar LeBlanc\.openjfx\cache\17.0.6\api-ms-win-crt-string-l1-1-0.dll
0x0000015b53e40000 - 0x0000015b53e43000 	C:\Users\Pollar LeBlanc\.openjfx\cache\17.0.6\api-ms-win-crt-time-l1-1-0.dll
0x0000015b53e50000 - 0x0000015b53e53000 	C:\Users\Pollar LeBlanc\.openjfx\cache\17.0.6\api-ms-win-crt-utility-l1-1-0.dll
0x00007ff979a30000 - 0x00007ff979b2c000 	C:\Users\Pollar LeBlanc\.openjfx\cache\17.0.6\ucrtbase.dll
0x00007ff98c650000 - 0x00007ff98c66a000 	C:\Users\Pollar LeBlanc\.openjfx\cache\17.0.6\vcruntime140.dll
0x00007ff98d1c0000 - 0x00007ff98d1cc000 	C:\Users\Pollar LeBlanc\.openjfx\cache\17.0.6\vcruntime140_1.dll
0x00007ff978e60000 - 0x00007ff978eed000 	C:\Users\Pollar LeBlanc\.openjfx\cache\17.0.6\msvcp140.dll
0x00007ff98cc60000 - 0x00007ff98cc69000 	C:\Users\Pollar LeBlanc\.openjfx\cache\17.0.6\msvcp140_1.dll
0x00007ff988780000 - 0x00007ff9887af000 	C:\Users\Pollar LeBlanc\.openjfx\cache\17.0.6\msvcp140_2.dll
0x00007ff985160000 - 0x00007ff98518a000 	C:\Users\Pollar LeBlanc\.openjfx\cache\17.0.6\prism_d3d.dll
0x00007ff989510000 - 0x00007ff9896e1000 	C:\Windows\system32\d3d9.dll
0x00007ff9aa0a0000 - 0x00007ff9aa0cf000 	C:\Windows\SYSTEM32\dwmapi.dll
0x00007ff9a9d00000 - 0x00007ff9a9d9e000 	C:\Windows\system32\uxtheme.dll
0x00007ff9a2a40000 - 0x00007ff9a2bfb000 	C:\Windows\System32\DriverStore\FileRepository\u0407052.inf_amd64_84d15514ad17ffa0\B406619\aticfx64.dll
0x00007ff99aa90000 - 0x00007ff99aac4000 	C:\Windows\System32\DriverStore\FileRepository\u0407052.inf_amd64_84d15514ad17ffa0\B406619\atiu9p64.dll
0x00007ff9686e0000 - 0x00007ff969427000 	C:\Windows\System32\DriverStore\FileRepository\u0407052.inf_amd64_84d15514ad17ffa0\B406619\atiumd64.dll
0x0000000073950000 - 0x0000000074863000 	C:\Windows\System32\DriverStore\FileRepository\u0407052.inf_amd64_84d15514ad17ffa0\B406619\atiumd6a.dll
0x00007ff9af560000 - 0x00007ff9af9d1000 	C:\Windows\System32\SETUPAPI.dll
0x00007ff9ad910000 - 0x00007ff9ad95e000 	C:\Windows\System32\cfgmgr32.dll
0x00007ff9a0800000 - 0x00007ff9a0835000 	C:\Windows\SYSTEM32\amdihk64.dll
0x00007ff97b6b0000 - 0x00007ff97b6f2000 	C:\Users\Pollar LeBlanc\.openjfx\cache\17.0.6\glass.dll
0x00007ff9adb70000 - 0x00007ff9adc4a000 	C:\Windows\System32\COMDLG32.dll
0x00007ff9aed90000 - 0x00007ff9aeea5000 	C:\Windows\System32\MSCTF.dll
0x00007ff9a2c70000 - 0x00007ff9a2cab000 	C:\Windows\SYSTEM32\dxcore.dll
0x00007ff98a0c0000 - 0x00007ff98a0d4000 	C:\Users\Pollar LeBlanc\.openjfx\cache\17.0.6\javafx_font.dll
0x00007ff9aa890000 - 0x00007ff9aab0f000 	C:\Windows\SYSTEM32\dwrite.dll

dbghelp: loaded successfully - version: 4.0.5 - missing functions: none
symbol engine: initialized successfully - sym options: 0x614 - pdb path: .;G:\prog\g\bin;C:\Windows\SYSTEM32;C:\Windows\WinSxS\amd64_microsoft.windows.common-controls_6595b64144ccf1df_6.0.19041.4355_none_60b8b9eb71f62e16;G:\prog\g\bin\server;C:\Users\POLLAR~1\AppData\Local\Temp\idea_libasyncProfiler_dll_temp_folder;C:\Users\Pollar LeBlanc\.openjfx\cache\17.0.6;C:\Windows\System32\DriverStore\FileRepository\u0407052.inf_amd64_84d15514ad17ffa0\B406619

VM Arguments:
jvm_args: -agentlib:jdwp=transport=dt_socket,address=127.0.0.1:52092,suspend=y,server=n -agentpath:C:\Users\POLLAR~1\AppData\Local\Temp\idea_libasyncProfiler_dll_temp_folder\libasyncProfiler.dll=version,jfr,event=wall,interval=10ms,cstack=no,file=C:\Users\Pollar LeBlanc\IdeaSnapshots\chatbot_2025_03_13_025945.jfr,dbghelppath=C:\Users\POLLAR~1\AppData\Local\Temp\idea_dbghelp_dll_temp_folder\dbghelp.dll,log=C:\Users\POLLAR~1\AppData\Local\Temp\chatbot_2025_03_13_025945.jfr.log.txt,logLevel=DEBUG -javaagent:C:\Users\POLLAR~1\AppData\Local\Temp\captureAgentjars\debugger-agent.jar -Dkotlinx.coroutines.debug.enable.creation.stack.trace=false -Ddebugger.agent.enable.coroutines=true -Dkotlinx.coroutines.debug.enable.flows.stack.trace=true -Dkotlinx.coroutines.debug.enable.mutable.state.flows.stack.trace=true -Dfile.encoding=UTF-8 -Dsun.stdout.encoding=UTF-8 -Dsun.stderr.encoding=UTF-8 --module-path=C:\Users\Pollar LeBlanc\.m2\repository\org\openjfx\javafx-fxml\17.0.6\javafx-fxml-17.0.6-win.jar;C:\Users\Pollar LeBlanc\.m2\repository\org\kordamp\ikonli\ikonli-core\12.3.1\ikonli-core-12.3.1.jar;C:\Users\Pollar LeBlanc\.m2\repository\org\kordamp\bootstrapfx\bootstrapfx-core\0.4.0\bootstrapfx-core-0.4.0.jar;C:\Users\Pollar LeBlanc\.m2\repository\org\controlsfx\controlsfx\11.2.1\controlsfx-11.2.1.jar;C:\Users\Pollar LeBlanc\.m2\repository\org\kordamp\ikonli\ikonli-javafx\12.3.1\ikonli-javafx-12.3.1.jar;C:\Users\Pollar LeBlanc\.m2\repository\org\openjfx\javafx-graphics\17.0.6\javafx-graphics-17.0.6-win.jar;C:\Users\Pollar LeBlanc\.m2\repository\org\openjfx\javafx-base\17.0.6\javafx-base-17.0.6-win.jar;C:\Users\Pollar LeBlanc\.m2\repository\org\openjfx\javafx-controls\17.0.6\javafx-controls-17.0.6-win.jar;C:\Users\Pollar LeBlanc\teststuff\target\classes -Djdk.module.main=com.example.chatbotpucv1 
java_command: com.example.chatbotpucv1/com.example.chatbotpucv1.chatbot
java_class_path (initial): C:\Users\Pollar LeBlanc\.m2\repository\org\openjfx\javafx-controls\17.0.6\javafx-controls-17.0.6.jar;C:\Users\Pollar LeBlanc\.m2\repository\org\openjfx\javafx-graphics\17.0.6\javafx-graphics-17.0.6.jar;C:\Users\Pollar LeBlanc\.m2\repository\org\openjfx\javafx-base\17.0.6\javafx-base-17.0.6.jar;C:\Users\Pollar LeBlanc\.m2\repository\org\openjfx\javafx-fxml\17.0.6\javafx-fxml-17.0.6.jar;G:\ANYTHING P\IntelliJ IDEA 2024.3.3\lib\idea_rt.jar
Launcher Type: SUN_STANDARD

[Global flags]
     intx CICompilerCount                          = 12                                        {product} {ergonomic}
     uint ConcGCThreads                            = 3                                         {product} {ergonomic}
     uint G1ConcRefinementThreads                  = 13                                        {product} {ergonomic}
   size_t G1HeapRegionSize                         = 2097152                                   {product} {ergonomic}
   size_t InitialHeapSize                          = 268435456                                 {product} {ergonomic}
   size_t MarkStackSize                            = 4194304                                   {product} {ergonomic}
   size_t MarkStackSizeMax                         = 536870912                                 {product} {ergonomic}
   size_t MaxHeapSize                              = 4280287232                                {product} {ergonomic}
   size_t MaxNewSize                               = 2566914048                                {product} {ergonomic}
   size_t MinHeapDeltaBytes                        = 2097152                                   {product} {ergonomic}
   size_t MinHeapSize                              = 8388608                                   {product} {ergonomic}
    uintx NonNMethodCodeHeapSize                   = 7602176                                {pd product} {ergonomic}
    uintx NonProfiledCodeHeapSize                  = 122093568                              {pd product} {ergonomic}
    uintx ProfiledCodeHeapSize                     = 121962496                              {pd product} {ergonomic}
    uintx ReservedCodeCacheSize                    = 251658240                              {pd product} {ergonomic}
     bool SegmentedCodeCache                       = true                                      {product} {ergonomic}
   size_t SoftMaxHeapSize                          = 4280287232                             {manageable} {ergonomic}
     bool UseCompressedOops                        = true                           {product lp64_product} {ergonomic}
     bool UseG1GC                                  = true                                      {product} {ergonomic}
     bool UseLargePagesIndividualAllocation        = false                                  {pd product} {ergonomic}

Logging:
Log output configuration:
 #0: stdout all=warning uptime,level,tags foldmultilines=false
 #1: stderr all=off uptime,level,tags foldmultilines=false

Environment Variables:
PATH=g:\ANYTHING P\cursor\resources\app\bin;C:\Program Files\Common Files\Oracle\Java\javapath;c:\Users\Pollar LeBlanc\AppData\Local\Programs\cursor\resources\app\bin;C:\Windows\system32;C:\Windows;C:\Windows\System32\Wbem;C:\Windows\System32\WindowsPowerShell\v1.0\;C:\Windows\System32\OpenSSH\;C:\Program Files\dotnet\;C:\ProgramData\chocolatey\bin;C:\Program Files\Git\cmd;C:\Users\Pollar LeBlanc\AppData\Local\Programs\Python\Python312\Scripts\;C:\Users\Pollar LeBlanc\AppData\Local\Programs\Python\Python312\;C:\Users\Pollar LeBlanc\AppData\Local\Microsoft\WindowsApps;c:\Users\Pollar LeBlanc\AppData\Local\Programs\cursor\resources\app\bin;c:\Users\Pollar LeBlanc\AppData\Local\Programs\cursor\resources\app\bin;C:\Program Files\nodejs\;C:\Program Files\PowerShell\7\;C:\Users\Pollar LeBlanc\AppData\Roaming\npm;C:\Android\platform-tools;C:\Android\platform-tools;G:\ANYTHING P\IntelliJ IDEA 2024.3.3\bin;;g:\ANYTHING P\cursor\resources\app\bin;g:\ANYTHING P\cursor\resources\app\bin;C:\Users\Pollar LeBlanc\AppData\Local\Programs\Python\Python312\Scripts\;C:\Users\Pollar LeBlanc\AppData\Local\Programs\Python\Python312\;C:\Users\Pollar LeBlanc\AppData\Local\Microsoft\WindowsApps;C:\Users\Pollar LeBlanc\AppData\Local\Programs\Microsoft VS Code\bin;C:\Users\Pollar LeBlanc\AppData\Roaming\npm;C:\Android\platform-tools;C:\Android\platform-tools;G:\ANYTHING P\IntelliJ IDEA 2024.3.3\bin;;G:\ANYTHING P\cursor\resources\app\bin
USERNAME=Pollar LeBlanc
OS=Windows_NT
PROCESSOR_IDENTIFIER=Intel64 Family 6 Model 45 Stepping 7, GenuineIntel
TMP=C:\Users\POLLAR~1\AppData\Local\Temp
TEMP=C:\Users\POLLAR~1\AppData\Local\Temp




Periodic native trim disabled

---------------  S Y S T E M  ---------------

OS:
 Windows 10 , 64 bit Build 19041 (10.0.19041.5438)
OS uptime: 1 days 0:40 hours

CPU: total 16 (initial active 16) (8 cores per cpu, 2 threads per core) family 6 model 45 stepping 7 microcode 0x714, cx8, cmov, fxsr, ht, mmx, sse, sse2, sse3, ssse3, sse4.1, sse4.2, popcnt, tsc, tscinvbit, avx, aes, clmul, vzeroupper, clflush, rdtscp
Processor Information for the first 16 processors :
  Max Mhz: 2601, Current Mhz: 2601, Mhz Limit: 2601

Memory: 4k page, system-wide physical 16322M (1248M free)
TotalPageFile size 19394M (AvailPageFile size 5M)
current process WorkingSet (physical memory assigned to process): 145M, peak: 145M
current process commit charge ("private bytes"): 436M, peak: 436M

vm_info: Java HotSpot(TM) 64-Bit Server VM (23.0.2+7-58) for windows-amd64 JRE (23.0.2+7-58), built on 2024-11-29T09:34:55Z with MS VC++ 17.6 (VS2022)

END.
