#
# There is insufficient memory for the Java Runtime Environment to continue.
# Native memory allocation (malloc) failed to allocate 915568 bytes. Error detail: Chunk::new
# Possible reasons:
#   The system is out of physical RAM or swap space
#   This process is running with CompressedOops enabled, and the Java Heap may be blocking the growth of the native heap
# Possible solutions:
#   Reduce memory load on the system
#   Increase physical memory or swap space
#   Check if swap backing store is full
#   Decrease Java heap size (-Xmx/-Xms)
#   Decrease number of Java threads
#   Decrease Java thread stack sizes (-Xss)
#   Set larger code cache with -XX:ReservedCodeCacheSize=
#   JVM is running with Zero Based Compressed Oops mode in which the Java heap is
#     placed in the first 32GB address space. The Java Heap base address is the
#     maximum limit for the native heap growth. Please use -XX:HeapBaseMinAddress
#     to set the Java Heap base and to place the Java Heap above 32GB virtual address.
# This output file may be truncated or incomplete.
#
#  Out of Memory Error (arena.cpp:149), pid=9344, tid=7828
#
# JRE version: Java(TM) SE Runtime Environment (23.0.2+7) (build 23.0.2+7-58)
# Java VM: Java HotSpot(TM) 64-Bit Server VM (23.0.2+7-58, mixed mode, sharing, tiered, compressed oops, compressed class ptrs, g1 gc, windows-amd64)
# No core dump will be written. Minidumps are not enabled by default on client versions of Windows
#

---------------  S U M M A R Y ------------

Command Line: -javaagent:G:\ANYTHING P\IntelliJ IDEA 2024.3.3\lib\idea_rt.jar=51939:G:\ANYTHING P\IntelliJ IDEA 2024.3.3\bin -Dfile.encoding=UTF-8 -Dsun.stdout.encoding=UTF-8 -Dsun.stderr.encoding=UTF-8 --module-path=C:\Users\Pollar LeBlanc\.m2\repository\org\openjfx\javafx-graphics\17.0.6\javafx-graphics-17.0.6-win.jar;C:\Users\Pollar LeBlanc\.m2\repository\org\kordamp\bootstrapfx\bootstrapfx-core\0.4.0\bootstrapfx-core-0.4.0.jar;C:\Users\Pollar LeBlanc\.m2\repository\org\openjfx\javafx-controls\17.0.6\javafx-controls-17.0.6-win.jar;C:\Users\Pollar LeBlanc\.m2\repository\org\kordamp\ikonli\ikonli-core\12.3.1\ikonli-core-12.3.1.jar;C:\Users\Pollar LeBlanc\.m2\repository\org\openjfx\javafx-base\17.0.6\javafx-base-17.0.6-win.jar;C:\Users\Pollar LeBlanc\.m2\repository\org\kordamp\ikonli\ikonli-javafx\12.3.1\ikonli-javafx-12.3.1.jar;C:\Users\Pollar LeBlanc\.m2\repository\org\controlsfx\controlsfx\11.2.1\controlsfx-11.2.1.jar;C:\Users\Pollar LeBlanc\teststuff\target\classes;C:\Users\Pollar LeBlanc\.m2\repository\org\openjfx\javafx-fxml\17.0.6\javafx-fxml-17.0.6-win.jar -Djdk.module.main=com.example.chatbotpucv1 com.example.chatbotpucv1/com.example.chatbotpucv1.chatbot

Host: Intel(R) Xeon(R) CPU E5-2689 0 @ 2.60GHz, 16 cores, 15G,  Windows 10 , 64 bit Build 19041 (10.0.19041.5438)
Time: Thu Mar 13 02:46:36 2025 E. South America Standard Time elapsed time: 1.347350 seconds (0d 0h 0m 1s)

---------------  T H R E A D  ---------------

Current thread (0x0000015bb3a33210):  JavaThread "C2 CompilerThread1" daemon [_thread_in_native, id=7828, stack(0x00000059edc00000,0x00000059edd00000) (1024K)]


Current CompileTask:
C2:1347 2209   !   4       com.sun.javafx.css.ParsedValueImpl::readBinary (688 bytes)

Stack: [0x00000059edc00000,0x00000059edd00000]
Native frames: (J=compiled Java code, j=interpreted, Vv=VM code, C=native code)
V  [jvm.dll+0x6e0b99]  (no source info available)
V  [jvm.dll+0x87e2b3]  (no source info available)
V  [jvm.dll+0x88073e]  (no source info available)
V  [jvm.dll+0x880e13]  (no source info available)
V  [jvm.dll+0x27b006]  (no source info available)
V  [jvm.dll+0xbc06f]  (no source info available)
V  [jvm.dll+0xbc2cb]  (no source info available)
V  [jvm.dll+0x3b3c5c]  (no source info available)
V  [jvm.dll+0x38a55b]  (no source info available)
V  [jvm.dll+0x3899ca]  (no source info available)
V  [jvm.dll+0x244ba1]  (no source info available)
V  [jvm.dll+0x243eff]  (no source info available)
V  [jvm.dll+0x1c34b0]  (no source info available)
V  [jvm.dll+0x253df1]  (no source info available)
V  [jvm.dll+0x2520aa]  (no source info available)
V  [jvm.dll+0x3ee226]  (no source info available)
V  [jvm.dll+0x8254cb]  (no source info available)
V  [jvm.dll+0x6df345]  (no source info available)
C  [ucrtbase.dll+0x21bb2]  (no source info available)
C  [KERNEL32.DLL+0x17374]  (no source info available)
C  [ntdll.dll+0x4cc91]  (no source info available)

Lock stack of current Java thread (top to bottom):


---------------  P R O C E S S  ---------------

Threads class SMR info:
_java_thread_list=0x0000015bf932f2c0, length=25, elements={
0x0000015b936f3b60, 0x0000015bb385d4f0, 0x0000015bb385f060, 0x0000015bb3861490,
0x0000015bb3864000, 0x0000015bb3867210, 0x0000015bb386b910, 0x0000015bb386ee50,
0x0000015bb387cc40, 0x0000015bb3978020, 0x0000015bb3a31da0, 0x0000015bb3a338e0,
0x0000015bb3a31000, 0x0000015bb3a33210, 0x0000015bf993cb80, 0x0000015bf9b64cc0,
0x0000015bf9d7e010, 0x0000015bf94e6150, 0x0000015bf94e6e70, 0x0000015bf94e7500,
0x0000015bf94e4080, 0x0000015bf94e5430, 0x0000015bf94e4710, 0x0000015bf94e4da0,
0x0000015bf9cd9130
}

Java Threads: ( => current thread )
  0x0000015b936f3b60 JavaThread "main"                              [_thread_blocked, id=16644, stack(0x00000059ec800000,0x00000059ec900000) (1024K)]
  0x0000015bb385d4f0 JavaThread "Reference Handler"          daemon [_thread_blocked, id=4904, stack(0x00000059ed000000,0x00000059ed100000) (1024K)]
  0x0000015bb385f060 JavaThread "Finalizer"                  daemon [_thread_blocked, id=12924, stack(0x00000059ed100000,0x00000059ed200000) (1024K)]
  0x0000015bb3861490 JavaThread "Signal Dispatcher"          daemon [_thread_blocked, id=19396, stack(0x00000059ed200000,0x00000059ed300000) (1024K)]
  0x0000015bb3864000 JavaThread "Attach Listener"            daemon [_thread_blocked, id=8736, stack(0x00000059ed300000,0x00000059ed400000) (1024K)]
  0x0000015bb3867210 JavaThread "Service Thread"             daemon [_thread_blocked, id=8216, stack(0x00000059ed400000,0x00000059ed500000) (1024K)]
  0x0000015bb386b910 JavaThread "Monitor Deflation Thread"   daemon [_thread_blocked, id=8272, stack(0x00000059ed500000,0x00000059ed600000) (1024K)]
  0x0000015bb386ee50 JavaThread "C2 CompilerThread0"         daemon [_thread_in_native, id=10116, stack(0x00000059ed600000,0x00000059ed700000) (1024K)]
  0x0000015bb387cc40 JavaThread "C1 CompilerThread0"         daemon [_thread_blocked, id=116, stack(0x00000059ed700000,0x00000059ed800000) (1024K)]
  0x0000015bb3978020 JavaThread "Common-Cleaner"             daemon [_thread_blocked, id=6936, stack(0x00000059ed800000,0x00000059ed900000) (1024K)]
  0x0000015bb3a31da0 JavaThread "C1 CompilerThread1"         daemon [_thread_blocked, id=8792, stack(0x00000059ed900000,0x00000059eda00000) (1024K)]
  0x0000015bb3a338e0 JavaThread "C1 CompilerThread2"         daemon [_thread_blocked, id=13684, stack(0x00000059eda00000,0x00000059edb00000) (1024K)]
  0x0000015bb3a31000 JavaThread "C1 CompilerThread3"         daemon [_thread_blocked, id=15240, stack(0x00000059edb00000,0x00000059edc00000) (1024K)]
=>0x0000015bb3a33210 JavaThread "C2 CompilerThread1"         daemon [_thread_in_native, id=7828, stack(0x00000059edc00000,0x00000059edd00000) (1024K)]
  0x0000015bf993cb80 JavaThread "Monitor Ctrl-Break"         daemon [_thread_in_native, id=264, stack(0x00000059ee000000,0x00000059ee100000) (1024K)]
  0x0000015bf9b64cc0 JavaThread "Notification Thread"        daemon [_thread_blocked, id=2924, stack(0x00000059ee100000,0x00000059ee200000) (1024K)]
  0x0000015bf9d7e010 JavaThread "QuantumRenderer-0"          daemon [_thread_blocked, id=1736, stack(0x00000059ee200000,0x00000059ee300000) (1024K)]
  0x0000015bf94e6150 JavaThread "InvokeLaterDispatcher"      daemon [_thread_blocked, id=17968, stack(0x00000059eef00000,0x00000059ef000000) (1024K)]
  0x0000015bf94e6e70 JavaThread "JavaFX Application Thread"         [_thread_in_vm, id=17544, stack(0x00000059ef000000,0x00000059ef100000) (1024K)]
  0x0000015bf94e7500 JavaThread "RMI TCP Accept-0"           daemon [_thread_in_native, id=6628, stack(0x00000059ef100000,0x00000059ef200000) (1024K)]
  0x0000015bf94e4080 JavaThread "RMI TCP Connection(1)-26.164.98.240" daemon [_thread_in_native, id=1192, stack(0x00000059ef200000,0x00000059ef300000) (1024K)]
  0x0000015bf94e5430 JavaThread "RMI Scheduler(0)"           daemon [_thread_blocked, id=13888, stack(0x00000059efd00000,0x00000059efe00000) (1024K)]
  0x0000015bf94e4710 JavaThread "JMX server connection timeout 48" daemon [_thread_blocked, id=5636, stack(0x00000059efe00000,0x00000059eff00000) (1024K)]
  0x0000015bf94e4da0 JavaThread "JavaFX-Launcher"                   [_thread_blocked, id=4884, stack(0x00000059ede00000,0x00000059edf00000) (1024K)]
  0x0000015bf9cd9130 JavaThread "Thread-2"                   daemon [_thread_in_native, id=12244, stack(0x00000059eff00000,0x00000059f0000000) (1024K)]
Total: 25

Other Threads:
  0x0000015bb2d91a50 VMThread "VM Thread"                           [id=17368, stack(0x00000059ecf00000,0x00000059ed000000) (1024K)]
  0x0000015bb2d7da70 WatcherThread "VM Periodic Task Thread"        [id=14256, stack(0x00000059ece00000,0x00000059ecf00000) (1024K)]
  0x0000015b9375b230 WorkerThread "GC Thread#0"                     [id=7732, stack(0x00000059ec900000,0x00000059eca00000) (1024K)]
  0x0000015bfa12d970 WorkerThread "GC Thread#1"                     [id=15036, stack(0x00000059ee300000,0x00000059ee400000) (1024K)]
  0x0000015bfa131470 WorkerThread "GC Thread#2"                     [id=15900, stack(0x00000059ee400000,0x00000059ee500000) (1024K)]
  0x0000015bfa130d10 WorkerThread "GC Thread#3"                     [id=9892, stack(0x00000059ee500000,0x00000059ee600000) (1024K)]
  0x0000015bfa12dd20 WorkerThread "GC Thread#4"                     [id=13980, stack(0x00000059ee600000,0x00000059ee700000) (1024K)]
  0x0000015bfa12f6f0 WorkerThread "GC Thread#5"                     [id=10828, stack(0x00000059ee700000,0x00000059ee800000) (1024K)]
  0x0000015bfa12faa0 WorkerThread "GC Thread#6"                     [id=12668, stack(0x00000059ee800000,0x00000059ee900000) (1024K)]
  0x0000015bfa130200 WorkerThread "GC Thread#7"                     [id=18532, stack(0x00000059ee900000,0x00000059eea00000) (1024K)]
  0x0000015bfa12f340 WorkerThread "GC Thread#8"                     [id=2596, stack(0x00000059eea00000,0x00000059eeb00000) (1024K)]
  0x0000015bfa12fe50 WorkerThread "GC Thread#9"                     [id=12048, stack(0x00000059eeb00000,0x00000059eec00000) (1024K)]
  0x0000015bfa12e0d0 WorkerThread "GC Thread#10"                    [id=3124, stack(0x00000059eec00000,0x00000059eed00000) (1024K)]
  0x0000015bfa11b280 WorkerThread "GC Thread#11"                    [id=11120, stack(0x00000059edd00000,0x00000059ede00000) (1024K)]
  0x0000015bfa119500 WorkerThread "GC Thread#12"                    [id=16568, stack(0x00000059edf00000,0x00000059ee000000) (1024K)]
  0x0000015b937af410 ConcurrentGCThread "G1 Main Marker"            [id=19320, stack(0x00000059eca00000,0x00000059ecb00000) (1024K)]
  0x0000015b937b05d0 WorkerThread "G1 Conc#0"                       [id=15448, stack(0x00000059ecb00000,0x00000059ecc00000) (1024K)]
  0x0000015bb2c421b0 ConcurrentGCThread "G1 Refine#0"               [id=10124, stack(0x00000059ecc00000,0x00000059ecd00000) (1024K)]
  0x0000015bb2c45b60 ConcurrentGCThread "G1 Service"                [id=14500, stack(0x00000059ecd00000,0x00000059ece00000) (1024K)]
Total: 19

Threads with active compile tasks:
C2 CompilerThread0  1718 2284       4       java.util.stream.ReduceOps$3ReducingSink::accept (15 bytes)
C2 CompilerThread1  1718 2209   !   4       com.sun.javafx.css.ParsedValueImpl::readBinary (688 bytes)
Total: 2

VM state: not at safepoint (normal execution)

VM Mutex/Monitor currently owned by a thread:  ([mutex/lock_event])
[0x00007ff945ed2888] Metaspace_lock - owner thread: 0x0000015bf94e6e70

Heap address: 0x0000000700e00000, size: 4082 MB, Compressed Oops mode: Zero based, Oop shift amount: 3

CDS archive(s) mapped at: [0x0000015bb4000000-0x0000015bb4d70000-0x0000015bb4d70000), size 14090240, SharedBaseAddress: 0x0000015bb4000000, ArchiveRelocationMode: 1.
Compressed class space mapped at: 0x0000015bb5000000-0x0000015bf5000000, reserved size: 1073741824
Narrow klass base: 0x0000015bb4000000, Narrow klass shift: 0, Narrow klass range: 0x41000000

GC Precious Log:
 CardTable entry size: 512
 Card Set container configuration: InlinePtr #cards 4 size 8 Array Of Cards #cards 16 size 48 Howl #buckets 8 coarsen threshold 3686 Howl Bitmap #cards 512 size 80 coarsen threshold 460 Card regions per heap region 1 cards per card region 4096
 CPUs: 16 total, 16 available
 Memory: 16322M
 Large Page Support: Disabled
 NUMA Support: Disabled
 Compressed Oops: Enabled (Zero based)
 Heap Region Size: 2M
 Heap Min Capacity: 8M
 Heap Initial Capacity: 256M
 Heap Max Capacity: 4082M
 Pre-touch: Disabled
 Parallel Workers: 13
 Concurrent Workers: 3
 Concurrent Refinement Workers: 13
 Periodic GC: Disabled

Heap:
 garbage-first heap   total reserved 4179968K, committed 262144K, used 18613K [0x0000000700e00000, 0x0000000800000000)
  region size 2048K, 9 young (18432K), 2 survivors (4096K)
 Metaspace       used 15319K, committed 15680K, reserved 1114112K
  class space    used 2032K, committed 2176K, reserved 1048576K

Heap Regions: E=young(eden), S=young(survivor), O=old, HS=humongous(starts), HC=humongous(continues), CS=collection set, F=free, TAMS=top-at-mark-start, PB=parsable bottom
|   0|0x0000000700e00000, 0x0000000701000000, 0x0000000701000000|100%| O|  |TAMS 0x0000000700e00000| PB 0x0000000700e00000| Untracked |  0
|   1|0x0000000701000000, 0x00000007011d7c70, 0x0000000701200000| 92%| O|  |TAMS 0x0000000701000000| PB 0x0000000701000000| Untracked |  0
|   2|0x0000000701200000, 0x0000000701200000, 0x0000000701400000|  0%| F|  |TAMS 0x0000000701200000| PB 0x0000000701200000| Untracked |  0
|   3|0x0000000701400000, 0x0000000701400000, 0x0000000701600000|  0%| F|  |TAMS 0x0000000701400000| PB 0x0000000701400000| Untracked |  0
|   4|0x0000000701600000, 0x0000000701600000, 0x0000000701800000|  0%| F|  |TAMS 0x0000000701600000| PB 0x0000000701600000| Untracked |  0
|   5|0x0000000701800000, 0x0000000701800000, 0x0000000701a00000|  0%| F|  |TAMS 0x0000000701800000| PB 0x0000000701800000| Untracked |  0
|   6|0x0000000701a00000, 0x0000000701a00000, 0x0000000701c00000|  0%| F|  |TAMS 0x0000000701a00000| PB 0x0000000701a00000| Untracked |  0
|   7|0x0000000701c00000, 0x0000000701c00000, 0x0000000701e00000|  0%| F|  |TAMS 0x0000000701c00000| PB 0x0000000701c00000| Untracked |  0
|   8|0x0000000701e00000, 0x0000000701e00000, 0x0000000702000000|  0%| F|  |TAMS 0x0000000701e00000| PB 0x0000000701e00000| Untracked |  0
|   9|0x0000000702000000, 0x0000000702000000, 0x0000000702200000|  0%| F|  |TAMS 0x0000000702000000| PB 0x0000000702000000| Untracked |  0
|  10|0x0000000702200000, 0x0000000702200000, 0x0000000702400000|  0%| F|  |TAMS 0x0000000702200000| PB 0x0000000702200000| Untracked |  0
|  11|0x0000000702400000, 0x0000000702400000, 0x0000000702600000|  0%| F|  |TAMS 0x0000000702400000| PB 0x0000000702400000| Untracked |  0
|  12|0x0000000702600000, 0x0000000702600000, 0x0000000702800000|  0%| F|  |TAMS 0x0000000702600000| PB 0x0000000702600000| Untracked |  0
|  13|0x0000000702800000, 0x0000000702800000, 0x0000000702a00000|  0%| F|  |TAMS 0x0000000702800000| PB 0x0000000702800000| Untracked |  0
|  14|0x0000000702a00000, 0x0000000702a00000, 0x0000000702c00000|  0%| F|  |TAMS 0x0000000702a00000| PB 0x0000000702a00000| Untracked |  0
|  15|0x0000000702c00000, 0x0000000702c00000, 0x0000000702e00000|  0%| F|  |TAMS 0x0000000702c00000| PB 0x0000000702c00000| Untracked |  0
|  16|0x0000000702e00000, 0x0000000702e00000, 0x0000000703000000|  0%| F|  |TAMS 0x0000000702e00000| PB 0x0000000702e00000| Untracked |  0
|  17|0x0000000703000000, 0x0000000703000000, 0x0000000703200000|  0%| F|  |TAMS 0x0000000703000000| PB 0x0000000703000000| Untracked |  0
|  18|0x0000000703200000, 0x0000000703200000, 0x0000000703400000|  0%| F|  |TAMS 0x0000000703200000| PB 0x0000000703200000| Untracked |  0
|  19|0x0000000703400000, 0x0000000703400000, 0x0000000703600000|  0%| F|  |TAMS 0x0000000703400000| PB 0x0000000703400000| Untracked |  0
|  20|0x0000000703600000, 0x0000000703600000, 0x0000000703800000|  0%| F|  |TAMS 0x0000000703600000| PB 0x0000000703600000| Untracked |  0
|  21|0x0000000703800000, 0x0000000703800000, 0x0000000703a00000|  0%| F|  |TAMS 0x0000000703800000| PB 0x0000000703800000| Untracked |  0
|  22|0x0000000703a00000, 0x0000000703a00000, 0x0000000703c00000|  0%| F|  |TAMS 0x0000000703a00000| PB 0x0000000703a00000| Untracked |  0
|  23|0x0000000703c00000, 0x0000000703c00000, 0x0000000703e00000|  0%| F|  |TAMS 0x0000000703c00000| PB 0x0000000703c00000| Untracked |  0
|  24|0x0000000703e00000, 0x0000000703e00000, 0x0000000704000000|  0%| F|  |TAMS 0x0000000703e00000| PB 0x0000000703e00000| Untracked |  0
|  25|0x0000000704000000, 0x0000000704000000, 0x0000000704200000|  0%| F|  |TAMS 0x0000000704000000| PB 0x0000000704000000| Untracked |  0
|  26|0x0000000704200000, 0x0000000704200000, 0x0000000704400000|  0%| F|  |TAMS 0x0000000704200000| PB 0x0000000704200000| Untracked |  0
|  27|0x0000000704400000, 0x0000000704400000, 0x0000000704600000|  0%| F|  |TAMS 0x0000000704400000| PB 0x0000000704400000| Untracked |  0
|  28|0x0000000704600000, 0x0000000704600000, 0x0000000704800000|  0%| F|  |TAMS 0x0000000704600000| PB 0x0000000704600000| Untracked |  0
|  29|0x0000000704800000, 0x0000000704800000, 0x0000000704a00000|  0%| F|  |TAMS 0x0000000704800000| PB 0x0000000704800000| Untracked |  0
|  30|0x0000000704a00000, 0x0000000704a00000, 0x0000000704c00000|  0%| F|  |TAMS 0x0000000704a00000| PB 0x0000000704a00000| Untracked |  0
|  31|0x0000000704c00000, 0x0000000704c00000, 0x0000000704e00000|  0%| F|  |TAMS 0x0000000704c00000| PB 0x0000000704c00000| Untracked |  0
|  32|0x0000000704e00000, 0x0000000704e00000, 0x0000000705000000|  0%| F|  |TAMS 0x0000000704e00000| PB 0x0000000704e00000| Untracked |  0
|  33|0x0000000705000000, 0x0000000705000000, 0x0000000705200000|  0%| F|  |TAMS 0x0000000705000000| PB 0x0000000705000000| Untracked |  0
|  34|0x0000000705200000, 0x0000000705200000, 0x0000000705400000|  0%| F|  |TAMS 0x0000000705200000| PB 0x0000000705200000| Untracked |  0
|  35|0x0000000705400000, 0x0000000705400000, 0x0000000705600000|  0%| F|  |TAMS 0x0000000705400000| PB 0x0000000705400000| Untracked |  0
|  36|0x0000000705600000, 0x0000000705600000, 0x0000000705800000|  0%| F|  |TAMS 0x0000000705600000| PB 0x0000000705600000| Untracked |  0
|  37|0x0000000705800000, 0x0000000705800000, 0x0000000705a00000|  0%| F|  |TAMS 0x0000000705800000| PB 0x0000000705800000| Untracked |  0
|  38|0x0000000705a00000, 0x0000000705a00000, 0x0000000705c00000|  0%| F|  |TAMS 0x0000000705a00000| PB 0x0000000705a00000| Untracked |  0
|  39|0x0000000705c00000, 0x0000000705c00000, 0x0000000705e00000|  0%| F|  |TAMS 0x0000000705c00000| PB 0x0000000705c00000| Untracked |  0
|  40|0x0000000705e00000, 0x0000000705e00000, 0x0000000706000000|  0%| F|  |TAMS 0x0000000705e00000| PB 0x0000000705e00000| Untracked |  0
|  41|0x0000000706000000, 0x0000000706000000, 0x0000000706200000|  0%| F|  |TAMS 0x0000000706000000| PB 0x0000000706000000| Untracked |  0
|  42|0x0000000706200000, 0x0000000706200000, 0x0000000706400000|  0%| F|  |TAMS 0x0000000706200000| PB 0x0000000706200000| Untracked |  0
|  43|0x0000000706400000, 0x0000000706400000, 0x0000000706600000|  0%| F|  |TAMS 0x0000000706400000| PB 0x0000000706400000| Untracked |  0
|  44|0x0000000706600000, 0x0000000706600000, 0x0000000706800000|  0%| F|  |TAMS 0x0000000706600000| PB 0x0000000706600000| Untracked |  0
|  45|0x0000000706800000, 0x0000000706800000, 0x0000000706a00000|  0%| F|  |TAMS 0x0000000706800000| PB 0x0000000706800000| Untracked |  0
|  46|0x0000000706a00000, 0x0000000706a00000, 0x0000000706c00000|  0%| F|  |TAMS 0x0000000706a00000| PB 0x0000000706a00000| Untracked |  0
|  47|0x0000000706c00000, 0x0000000706c00000, 0x0000000706e00000|  0%| F|  |TAMS 0x0000000706c00000| PB 0x0000000706c00000| Untracked |  0
|  48|0x0000000706e00000, 0x0000000706e00000, 0x0000000707000000|  0%| F|  |TAMS 0x0000000706e00000| PB 0x0000000706e00000| Untracked |  0
|  49|0x0000000707000000, 0x0000000707000000, 0x0000000707200000|  0%| F|  |TAMS 0x0000000707000000| PB 0x0000000707000000| Untracked |  0
|  50|0x0000000707200000, 0x0000000707200000, 0x0000000707400000|  0%| F|  |TAMS 0x0000000707200000| PB 0x0000000707200000| Untracked |  0
|  51|0x0000000707400000, 0x0000000707400000, 0x0000000707600000|  0%| F|  |TAMS 0x0000000707400000| PB 0x0000000707400000| Untracked |  0
|  52|0x0000000707600000, 0x0000000707600000, 0x0000000707800000|  0%| F|  |TAMS 0x0000000707600000| PB 0x0000000707600000| Untracked |  0
|  53|0x0000000707800000, 0x0000000707800000, 0x0000000707a00000|  0%| F|  |TAMS 0x0000000707800000| PB 0x0000000707800000| Untracked |  0
|  54|0x0000000707a00000, 0x0000000707a00000, 0x0000000707c00000|  0%| F|  |TAMS 0x0000000707a00000| PB 0x0000000707a00000| Untracked |  0
|  55|0x0000000707c00000, 0x0000000707c00000, 0x0000000707e00000|  0%| F|  |TAMS 0x0000000707c00000| PB 0x0000000707c00000| Untracked |  0
|  56|0x0000000707e00000, 0x0000000707e00000, 0x0000000708000000|  0%| F|  |TAMS 0x0000000707e00000| PB 0x0000000707e00000| Untracked |  0
|  57|0x0000000708000000, 0x0000000708000000, 0x0000000708200000|  0%| F|  |TAMS 0x0000000708000000| PB 0x0000000708000000| Untracked |  0
|  58|0x0000000708200000, 0x0000000708200000, 0x0000000708400000|  0%| F|  |TAMS 0x0000000708200000| PB 0x0000000708200000| Untracked |  0
|  59|0x0000000708400000, 0x0000000708400000, 0x0000000708600000|  0%| F|  |TAMS 0x0000000708400000| PB 0x0000000708400000| Untracked |  0
|  60|0x0000000708600000, 0x0000000708600000, 0x0000000708800000|  0%| F|  |TAMS 0x0000000708600000| PB 0x0000000708600000| Untracked |  0
|  61|0x0000000708800000, 0x0000000708800000, 0x0000000708a00000|  0%| F|  |TAMS 0x0000000708800000| PB 0x0000000708800000| Untracked |  0
|  62|0x0000000708a00000, 0x0000000708a00000, 0x0000000708c00000|  0%| F|  |TAMS 0x0000000708a00000| PB 0x0000000708a00000| Untracked |  0
|  63|0x0000000708c00000, 0x0000000708c00000, 0x0000000708e00000|  0%| F|  |TAMS 0x0000000708c00000| PB 0x0000000708c00000| Untracked |  0
|  64|0x0000000708e00000, 0x0000000708e00000, 0x0000000709000000|  0%| F|  |TAMS 0x0000000708e00000| PB 0x0000000708e00000| Untracked |  0
|  65|0x0000000709000000, 0x0000000709000000, 0x0000000709200000|  0%| F|  |TAMS 0x0000000709000000| PB 0x0000000709000000| Untracked |  0
|  66|0x0000000709200000, 0x0000000709200000, 0x0000000709400000|  0%| F|  |TAMS 0x0000000709200000| PB 0x0000000709200000| Untracked |  0
|  67|0x0000000709400000, 0x0000000709400000, 0x0000000709600000|  0%| F|  |TAMS 0x0000000709400000| PB 0x0000000709400000| Untracked |  0
|  68|0x0000000709600000, 0x0000000709600000, 0x0000000709800000|  0%| F|  |TAMS 0x0000000709600000| PB 0x0000000709600000| Untracked |  0
|  69|0x0000000709800000, 0x0000000709800000, 0x0000000709a00000|  0%| F|  |TAMS 0x0000000709800000| PB 0x0000000709800000| Untracked |  0
|  70|0x0000000709a00000, 0x0000000709a00000, 0x0000000709c00000|  0%| F|  |TAMS 0x0000000709a00000| PB 0x0000000709a00000| Untracked |  0
|  71|0x0000000709c00000, 0x0000000709c00000, 0x0000000709e00000|  0%| F|  |TAMS 0x0000000709c00000| PB 0x0000000709c00000| Untracked |  0
|  72|0x0000000709e00000, 0x0000000709e00000, 0x000000070a000000|  0%| F|  |TAMS 0x0000000709e00000| PB 0x0000000709e00000| Untracked |  0
|  73|0x000000070a000000, 0x000000070a000000, 0x000000070a200000|  0%| F|  |TAMS 0x000000070a000000| PB 0x000000070a000000| Untracked |  0
|  74|0x000000070a200000, 0x000000070a200000, 0x000000070a400000|  0%| F|  |TAMS 0x000000070a200000| PB 0x000000070a200000| Untracked |  0
|  75|0x000000070a400000, 0x000000070a400000, 0x000000070a600000|  0%| F|  |TAMS 0x000000070a400000| PB 0x000000070a400000| Untracked |  0
|  76|0x000000070a600000, 0x000000070a600000, 0x000000070a800000|  0%| F|  |TAMS 0x000000070a600000| PB 0x000000070a600000| Untracked |  0
|  77|0x000000070a800000, 0x000000070a800000, 0x000000070aa00000|  0%| F|  |TAMS 0x000000070a800000| PB 0x000000070a800000| Untracked |  0
|  78|0x000000070aa00000, 0x000000070aa00000, 0x000000070ac00000|  0%| F|  |TAMS 0x000000070aa00000| PB 0x000000070aa00000| Untracked |  0
|  79|0x000000070ac00000, 0x000000070ac00000, 0x000000070ae00000|  0%| F|  |TAMS 0x000000070ac00000| PB 0x000000070ac00000| Untracked |  0
|  80|0x000000070ae00000, 0x000000070ae00000, 0x000000070b000000|  0%| F|  |TAMS 0x000000070ae00000| PB 0x000000070ae00000| Untracked |  0
|  81|0x000000070b000000, 0x000000070b000000, 0x000000070b200000|  0%| F|  |TAMS 0x000000070b000000| PB 0x000000070b000000| Untracked |  0
|  82|0x000000070b200000, 0x000000070b200000, 0x000000070b400000|  0%| F|  |TAMS 0x000000070b200000| PB 0x000000070b200000| Untracked |  0
|  83|0x000000070b400000, 0x000000070b400000, 0x000000070b600000|  0%| F|  |TAMS 0x000000070b400000| PB 0x000000070b400000| Untracked |  0
|  84|0x000000070b600000, 0x000000070b600000, 0x000000070b800000|  0%| F|  |TAMS 0x000000070b600000| PB 0x000000070b600000| Untracked |  0
|  85|0x000000070b800000, 0x000000070b800000, 0x000000070ba00000|  0%| F|  |TAMS 0x000000070b800000| PB 0x000000070b800000| Untracked |  0
|  86|0x000000070ba00000, 0x000000070ba00000, 0x000000070bc00000|  0%| F|  |TAMS 0x000000070ba00000| PB 0x000000070ba00000| Untracked |  0
|  87|0x000000070bc00000, 0x000000070bc00000, 0x000000070be00000|  0%| F|  |TAMS 0x000000070bc00000| PB 0x000000070bc00000| Untracked |  0
|  88|0x000000070be00000, 0x000000070be00000, 0x000000070c000000|  0%| F|  |TAMS 0x000000070be00000| PB 0x000000070be00000| Untracked |  0
|  89|0x000000070c000000, 0x000000070c000000, 0x000000070c200000|  0%| F|  |TAMS 0x000000070c000000| PB 0x000000070c000000| Untracked |  0
|  90|0x000000070c200000, 0x000000070c200000, 0x000000070c400000|  0%| F|  |TAMS 0x000000070c200000| PB 0x000000070c200000| Untracked |  0
|  91|0x000000070c400000, 0x000000070c400000, 0x000000070c600000|  0%| F|  |TAMS 0x000000070c400000| PB 0x000000070c400000| Untracked |  0
|  92|0x000000070c600000, 0x000000070c600000, 0x000000070c800000|  0%| F|  |TAMS 0x000000070c600000| PB 0x000000070c600000| Untracked |  0
|  93|0x000000070c800000, 0x000000070c800000, 0x000000070ca00000|  0%| F|  |TAMS 0x000000070c800000| PB 0x000000070c800000| Untracked |  0
|  94|0x000000070ca00000, 0x000000070ca00000, 0x000000070cc00000|  0%| F|  |TAMS 0x000000070ca00000| PB 0x000000070ca00000| Untracked |  0
|  95|0x000000070cc00000, 0x000000070cc00000, 0x000000070ce00000|  0%| F|  |TAMS 0x000000070cc00000| PB 0x000000070cc00000| Untracked |  0
|  96|0x000000070ce00000, 0x000000070ce00000, 0x000000070d000000|  0%| F|  |TAMS 0x000000070ce00000| PB 0x000000070ce00000| Untracked |  0
|  97|0x000000070d000000, 0x000000070d000000, 0x000000070d200000|  0%| F|  |TAMS 0x000000070d000000| PB 0x000000070d000000| Untracked |  0
|  98|0x000000070d200000, 0x000000070d200000, 0x000000070d400000|  0%| F|  |TAMS 0x000000070d200000| PB 0x000000070d200000| Untracked |  0
|  99|0x000000070d400000, 0x000000070d400000, 0x000000070d600000|  0%| F|  |TAMS 0x000000070d400000| PB 0x000000070d400000| Untracked |  0
| 100|0x000000070d600000, 0x000000070d600000, 0x000000070d800000|  0%| F|  |TAMS 0x000000070d600000| PB 0x000000070d600000| Untracked |  0
| 101|0x000000070d800000, 0x000000070d800000, 0x000000070da00000|  0%| F|  |TAMS 0x000000070d800000| PB 0x000000070d800000| Untracked |  0
| 102|0x000000070da00000, 0x000000070da00000, 0x000000070dc00000|  0%| F|  |TAMS 0x000000070da00000| PB 0x000000070da00000| Untracked |  0
| 103|0x000000070dc00000, 0x000000070dc00000, 0x000000070de00000|  0%| F|  |TAMS 0x000000070dc00000| PB 0x000000070dc00000| Untracked |  0
| 104|0x000000070de00000, 0x000000070de00000, 0x000000070e000000|  0%| F|  |TAMS 0x000000070de00000| PB 0x000000070de00000| Untracked |  0
| 105|0x000000070e000000, 0x000000070e000000, 0x000000070e200000|  0%| F|  |TAMS 0x000000070e000000| PB 0x000000070e000000| Untracked |  0
| 106|0x000000070e200000, 0x000000070e200000, 0x000000070e400000|  0%| F|  |TAMS 0x000000070e200000| PB 0x000000070e200000| Untracked |  0
| 107|0x000000070e400000, 0x000000070e400000, 0x000000070e600000|  0%| F|  |TAMS 0x000000070e400000| PB 0x000000070e400000| Untracked |  0
| 108|0x000000070e600000, 0x000000070e600000, 0x000000070e800000|  0%| F|  |TAMS 0x000000070e600000| PB 0x000000070e600000| Untracked |  0
| 109|0x000000070e800000, 0x000000070e800000, 0x000000070ea00000|  0%| F|  |TAMS 0x000000070e800000| PB 0x000000070e800000| Untracked |  0
| 110|0x000000070ea00000, 0x000000070ea00000, 0x000000070ec00000|  0%| F|  |TAMS 0x000000070ea00000| PB 0x000000070ea00000| Untracked |  0
| 111|0x000000070ec00000, 0x000000070ec00000, 0x000000070ee00000|  0%| F|  |TAMS 0x000000070ec00000| PB 0x000000070ec00000| Untracked |  0
| 112|0x000000070ee00000, 0x000000070ee00000, 0x000000070f000000|  0%| F|  |TAMS 0x000000070ee00000| PB 0x000000070ee00000| Untracked |  0
| 113|0x000000070f000000, 0x000000070f000000, 0x000000070f200000|  0%| F|  |TAMS 0x000000070f000000| PB 0x000000070f000000| Untracked |  0
| 114|0x000000070f200000, 0x000000070f200000, 0x000000070f400000|  0%| F|  |TAMS 0x000000070f200000| PB 0x000000070f200000| Untracked |  0
| 115|0x000000070f400000, 0x000000070f400000, 0x000000070f600000|  0%| F|  |TAMS 0x000000070f400000| PB 0x000000070f400000| Untracked |  0
| 116|0x000000070f600000, 0x000000070f655ab8, 0x000000070f800000| 16%| S|CS|TAMS 0x000000070f600000| PB 0x000000070f600000| Complete |  0
| 117|0x000000070f800000, 0x000000070fa00000, 0x000000070fa00000|100%| S|CS|TAMS 0x000000070f800000| PB 0x000000070f800000| Complete |  0
| 118|0x000000070fa00000, 0x000000070fa00000, 0x000000070fc00000|  0%| F|  |TAMS 0x000000070fa00000| PB 0x000000070fa00000| Untracked |  0
| 119|0x000000070fc00000, 0x000000070fc00000, 0x000000070fe00000|  0%| F|  |TAMS 0x000000070fc00000| PB 0x000000070fc00000| Untracked |  0
| 120|0x000000070fe00000, 0x000000070fe00000, 0x0000000710000000|  0%| F|  |TAMS 0x000000070fe00000| PB 0x000000070fe00000| Untracked |  0
| 121|0x0000000710000000, 0x00000007101bffe0, 0x0000000710200000| 87%| E|  |TAMS 0x0000000710000000| PB 0x0000000710000000| Complete |  0
| 122|0x0000000710200000, 0x0000000710400000, 0x0000000710400000|100%| E|CS|TAMS 0x0000000710200000| PB 0x0000000710200000| Complete |  0
| 123|0x0000000710400000, 0x0000000710600000, 0x0000000710600000|100%| E|CS|TAMS 0x0000000710400000| PB 0x0000000710400000| Complete |  0
| 124|0x0000000710600000, 0x0000000710800000, 0x0000000710800000|100%| E|CS|TAMS 0x0000000710600000| PB 0x0000000710600000| Complete |  0
| 125|0x0000000710800000, 0x0000000710a00000, 0x0000000710a00000|100%| E|CS|TAMS 0x0000000710800000| PB 0x0000000710800000| Complete |  0
| 126|0x0000000710a00000, 0x0000000710c00000, 0x0000000710c00000|100%| E|CS|TAMS 0x0000000710a00000| PB 0x0000000710a00000| Complete |  0
| 127|0x0000000710c00000, 0x0000000710e00000, 0x0000000710e00000|100%| E|CS|TAMS 0x0000000710c00000| PB 0x0000000710c00000| Complete |  0

Card table byte_map: [0x0000015babfd0000,0x0000015bac7d0000] _byte_map_base: 0x0000015ba87c9000

Marking Bits: (CMBitMap*) 0x0000015b9375b850
 Bits: [0x0000015bac7d0000, 0x0000015bb0798000)

Polling page: 0x0000015b92ec0000

Metaspace:

Usage:
  Non-class:     12.98 MB used.
      Class:      1.98 MB used.
       Both:     14.96 MB used.

Virtual space:
  Non-class space:       64.00 MB reserved,      13.19 MB ( 21%) committed,  1 nodes.
      Class space:        1.00 GB reserved,       2.12 MB ( <1%) committed,  1 nodes.
             Both:        1.06 GB reserved,      15.31 MB (  1%) committed. 

Chunk freelists:
   Non-Class:  2.19 MB
       Class:  13.86 MB
        Both:  16.05 MB

MaxMetaspaceSize: unlimited
CompressedClassSpaceSize: 1.00 GB
Initial GC threshold: 21.00 MB
Current GC threshold: 21.00 MB
CDS: on
 - commit_granule_bytes: 65536.
 - commit_granule_words: 8192.
 - virtual_space_node_default_size: 8388608.
 - enlarge_chunks_in_place: 1.
 - use_allocation_guard: 0.


Internal statistics:

num_allocs_failed_limit: 0.
num_arena_births: 412.
num_arena_deaths: 0.
num_vsnodes_births: 2.
num_vsnodes_deaths: 0.
num_space_committed: 245.
num_space_uncommitted: 0.
num_chunks_returned_to_freelist: 0.
num_chunks_taken_from_freelist: 763.
num_chunk_merges: 0.
num_chunk_splits: 483.
num_chunks_enlarged: 292.
num_inconsistent_stats: 0.

CodeHeap 'non-profiled nmethods': size=119232Kb used=675Kb max_used=675Kb free=118556Kb
 bounds [0x0000015ba39d0000, 0x0000015ba3c40000, 0x0000015baae40000]
CodeHeap 'profiled nmethods': size=119104Kb used=3174Kb max_used=3174Kb free=115929Kb
 bounds [0x0000015b9be40000, 0x0000015b9c160000, 0x0000015ba3290000]
CodeHeap 'non-nmethods': size=7424Kb used=3313Kb max_used=3326Kb free=4110Kb
 bounds [0x0000015ba3290000, 0x0000015ba35e0000, 0x0000015ba39d0000]
CodeCache: size=245760Kb, used=7162Kb, max_used=7175Kb, free=238595Kb
 total_blobs=2985, nmethods=2290, adapters=597, full_count=0
Compilation: enabled, stopped_count=0, restarted_count=0

Compilation events (20 events):
Event: 1.300 Thread 0x0000015bb3a31000 2255       3       com.sun.org.apache.xerces.internal.impl.XMLEntityScanner::checkBeforeLoad (140 bytes)
Event: 1.301 Thread 0x0000015bb387cc40 2256       3       com.sun.org.apache.xerces.internal.util.XMLChar::isSpace (22 bytes)
Event: 1.301 Thread 0x0000015bb387cc40 nmethod 2256 0x0000015b9c14c808 code [0x0000015b9c14c920, 0x0000015b9c14cab8]
Event: 1.301 Thread 0x0000015bb3a31000 nmethod 2255 0x0000015b9c14cb08 code [0x0000015b9c14cc80, 0x0000015b9c14d1c0]
Event: 1.301 Thread 0x0000015bb3a31000 2257       3       jdk.internal.jimage.ImageStringsReader::stringFromByteBufferMatches (138 bytes)
Event: 1.302 Thread 0x0000015bb3a338e0 2258       3       java.lang.invoke.DirectMethodHandle$Holder::invokeStatic (14 bytes)
Event: 1.302 Thread 0x0000015bb3a338e0 nmethod 2258 0x0000015b9c14d208 code [0x0000015b9c14d340, 0x0000015b9c14d770]
Event: 1.302 Thread 0x0000015bb387cc40 2259       3       com.sun.javafx.font.FontFileReader$Buffer::getInt (107 bytes)
Event: 1.302 Thread 0x0000015bb3a31000 nmethod 2257 0x0000015b9c14d788 code [0x0000015b9c14d9e0, 0x0000015b9c14eab8]
Event: 1.302 Thread 0x0000015bb387cc40 nmethod 2259 0x0000015b9c14eb88 code [0x0000015b9c14eca0, 0x0000015b9c14ee90]
Event: 1.303 Thread 0x0000015bb387cc40 2260       3       com.sun.javafx.fxml.BeanAdapter$MethodCache::getMethod (99 bytes)
Event: 1.303 Thread 0x0000015bb3a31000 2261       3       java.lang.invoke.DelegatingMethodHandle$Holder::reinvoke_L (20 bytes)
Event: 1.303 Thread 0x0000015bb3a31000 nmethod 2261 0x0000015b9c14ef08 code [0x0000015b9c14f040, 0x0000015b9c14f468]
Event: 1.303 Thread 0x0000015bb387cc40 nmethod 2260 0x0000015b9c14f488 code [0x0000015b9c14f660, 0x0000015b9c1500c0]
Event: 1.313 Thread 0x0000015bb3a31000 2262       3       java.lang.invoke.DirectMethodHandle$Holder::newInvokeSpecial (24 bytes)
Event: 1.314 Thread 0x0000015bb3a31000 nmethod 2262 0x0000015b9c150108 code [0x0000015b9c150280, 0x0000015b9c1509d8]
Event: 1.315 Thread 0x0000015bb386ee50 2263       4       java.lang.invoke.MethodTypeForm::canonicalize (74 bytes)
Event: 1.316 Thread 0x0000015bb386ee50 nmethod 2263 0x0000015ba3a76c88 code [0x0000015ba3a76d80, 0x0000015ba3a76e58]
Event: 1.321 Thread 0x0000015bb3a338e0 2264       3       java.lang.invoke.DirectMethodHandle$Holder::invokeSpecial (15 bytes)
Event: 1.321 Thread 0x0000015bb3a338e0 nmethod 2264 0x0000015b9c150a08 code [0x0000015b9c150b40, 0x0000015b9c151080]

GC Heap History (4 events):
Event: 0.672 GC heap before
{Heap before GC invocations=0 (full 0):
 garbage-first heap   total reserved 4179968K, committed 262144K, used 24576K [0x0000000700e00000, 0x0000000800000000)
  region size 2048K, 12 young (24576K), 0 survivors (0K)
 Metaspace       used 6223K, committed 6464K, reserved 1114112K
  class space    used 707K, committed 768K, reserved 1048576K
}
Event: 0.680 GC heap after
{Heap after GC invocations=1 (full 0):
 garbage-first heap   total reserved 4179968K, committed 262144K, used 4303K [0x0000000700e00000, 0x0000000800000000)
  region size 2048K, 2 young (4096K), 2 survivors (4096K)
 Metaspace       used 6223K, committed 6464K, reserved 1114112K
  class space    used 707K, committed 768K, reserved 1048576K
}
Event: 1.123 GC heap before
{Heap before GC invocations=1 (full 0):
 garbage-first heap   total reserved 4179968K, committed 262144K, used 22735K [0x0000000700e00000, 0x0000000800000000)
  region size 2048K, 12 young (24576K), 2 survivors (4096K)
 Metaspace       used 13221K, committed 13568K, reserved 1114112K
  class space    used 1639K, committed 1792K, reserved 1048576K
}
Event: 1.131 GC heap after
{Heap after GC invocations=2 (full 0):
 garbage-first heap   total reserved 4179968K, committed 262144K, used 6325K [0x0000000700e00000, 0x0000000800000000)
  region size 2048K, 2 young (4096K), 2 survivors (4096K)
 Metaspace       used 13221K, committed 13568K, reserved 1114112K
  class space    used 1639K, committed 1792K, reserved 1048576K
}

Dll operation events (20 events):
Event: 0.537 Loaded shared library C:\Users\Pollar LeBlanc\.openjfx\cache\17.0.6\api-ms-win-crt-heap-l1-1-0.dll
Event: 0.541 Loaded shared library C:\Users\Pollar LeBlanc\.openjfx\cache\17.0.6\api-ms-win-crt-locale-l1-1-0.dll
Event: 0.545 Loaded shared library C:\Users\Pollar LeBlanc\.openjfx\cache\17.0.6\api-ms-win-crt-math-l1-1-0.dll
Event: 0.548 Loaded shared library C:\Users\Pollar LeBlanc\.openjfx\cache\17.0.6\api-ms-win-crt-multibyte-l1-1-0.dll
Event: 0.552 Loaded shared library C:\Users\Pollar LeBlanc\.openjfx\cache\17.0.6\api-ms-win-crt-private-l1-1-0.dll
Event: 0.555 Loaded shared library C:\Users\Pollar LeBlanc\.openjfx\cache\17.0.6\api-ms-win-crt-process-l1-1-0.dll
Event: 0.559 Loaded shared library C:\Users\Pollar LeBlanc\.openjfx\cache\17.0.6\api-ms-win-crt-runtime-l1-1-0.dll
Event: 0.562 Loaded shared library C:\Users\Pollar LeBlanc\.openjfx\cache\17.0.6\api-ms-win-crt-stdio-l1-1-0.dll
Event: 0.565 Loaded shared library C:\Users\Pollar LeBlanc\.openjfx\cache\17.0.6\api-ms-win-crt-string-l1-1-0.dll
Event: 0.569 Loaded shared library C:\Users\Pollar LeBlanc\.openjfx\cache\17.0.6\api-ms-win-crt-time-l1-1-0.dll
Event: 0.572 Loaded shared library C:\Users\Pollar LeBlanc\.openjfx\cache\17.0.6\api-ms-win-crt-utility-l1-1-0.dll
Event: 0.593 Loaded shared library C:\Users\Pollar LeBlanc\.openjfx\cache\17.0.6\ucrtbase.dll
Event: 0.598 Loaded shared library C:\Users\Pollar LeBlanc\.openjfx\cache\17.0.6\vcruntime140.dll
Event: 0.601 Loaded shared library C:\Users\Pollar LeBlanc\.openjfx\cache\17.0.6\vcruntime140_1.dll
Event: 0.613 Loaded shared library C:\Users\Pollar LeBlanc\.openjfx\cache\17.0.6\msvcp140.dll
Event: 0.617 Loaded shared library C:\Users\Pollar LeBlanc\.openjfx\cache\17.0.6\msvcp140_1.dll
Event: 0.624 Loaded shared library C:\Users\Pollar LeBlanc\.openjfx\cache\17.0.6\msvcp140_2.dll
Event: 0.697 Loaded shared library C:\Users\Pollar LeBlanc\.openjfx\cache\17.0.6\prism_d3d.dll
Event: 0.769 Loaded shared library C:\Users\Pollar LeBlanc\.openjfx\cache\17.0.6\glass.dll
Event: 1.150 Loaded shared library C:\Users\Pollar LeBlanc\.openjfx\cache\17.0.6\javafx_font.dll

Deoptimization events (20 events):
Event: 1.157 Thread 0x0000015bf94e6e70 Uncommon trap: trap_request=0xffffff45 fr.pc=0x0000015ba3a0e7c0 relative=0x0000000000000f60
Event: 1.157 Thread 0x0000015bf94e6e70 Uncommon trap: reason=unstable_if action=reinterpret pc=0x0000015ba3a0e7c0 method=java.lang.String.<init>([CIILjava/lang/Void;)V @ 5 c2
Event: 1.157 Thread 0x0000015bf94e6e70 DEOPT PACKING pc=0x0000015ba3a0e7c0 sp=0x00000059ef0fc7c0
Event: 1.157 Thread 0x0000015bf94e6e70 DEOPT UNPACKING pc=0x0000015ba32e4402 sp=0x00000059ef0fc660 mode 2
Event: 1.207 Thread 0x0000015bf94e6e70 Uncommon trap: trap_request=0xffffff45 fr.pc=0x0000015ba3a58608 relative=0x00000000000005e8
Event: 1.207 Thread 0x0000015bf94e6e70 Uncommon trap: reason=unstable_if action=reinterpret pc=0x0000015ba3a58608 method=java.util.HashMap.putVal(ILjava/lang/Object;Ljava/lang/Object;ZZ)Ljava/lang/Object; @ 162 c2
Event: 1.207 Thread 0x0000015bf94e6e70 DEOPT PACKING pc=0x0000015ba3a58608 sp=0x00000059ef0fc7d0
Event: 1.207 Thread 0x0000015bf94e6e70 DEOPT UNPACKING pc=0x0000015ba32e4402 sp=0x00000059ef0fc770 mode 2
Event: 1.207 Thread 0x0000015bf94e6e70 Uncommon trap: trap_request=0xffffff45 fr.pc=0x0000015ba3a65ea8 relative=0x00000000000002c8
Event: 1.207 Thread 0x0000015bf94e6e70 Uncommon trap: reason=unstable_if action=reinterpret pc=0x0000015ba3a65ea8 method=java.util.HashMap.getNode(Ljava/lang/Object;)Ljava/util/HashMap$Node; @ 85 c2
Event: 1.207 Thread 0x0000015bf94e6e70 DEOPT PACKING pc=0x0000015ba3a65ea8 sp=0x00000059ef0fc8e0
Event: 1.207 Thread 0x0000015bf94e6e70 DEOPT UNPACKING pc=0x0000015ba32e4402 sp=0x00000059ef0fc7f0 mode 2
Event: 1.210 Thread 0x0000015bf94e6e70 Uncommon trap: trap_request=0xffffff45 fr.pc=0x0000015ba3a40ccc relative=0x00000000000009cc
Event: 1.210 Thread 0x0000015bf94e6e70 Uncommon trap: reason=unstable_if action=reinterpret pc=0x0000015ba3a40ccc method=java.util.HashMap.resize()[Ljava/util/HashMap$Node; @ 203 c2
Event: 1.210 Thread 0x0000015bf94e6e70 DEOPT PACKING pc=0x0000015ba3a40ccc sp=0x00000059ef0fc710
Event: 1.210 Thread 0x0000015bf94e6e70 DEOPT UNPACKING pc=0x0000015ba32e4402 sp=0x00000059ef0fc6a8 mode 2
Event: 1.322 Thread 0x0000015bf94e6e70 Uncommon trap: trap_request=0xffffff45 fr.pc=0x0000015ba3a6a508 relative=0x0000000000000ae8
Event: 1.322 Thread 0x0000015bf94e6e70 Uncommon trap: reason=unstable_if action=reinterpret pc=0x0000015ba3a6a508 method=java.io.BufferedInputStream.implRead([BII)I @ 55 c2
Event: 1.322 Thread 0x0000015bf94e6e70 DEOPT PACKING pc=0x0000015ba3a6a508 sp=0x00000059ef0fd8f0
Event: 1.322 Thread 0x0000015bf94e6e70 DEOPT UNPACKING pc=0x0000015ba32e4402 sp=0x00000059ef0fd858 mode 2

Classes loaded (20 events):
Event: 1.181 Loading class java/util/AbstractList$RandomAccessSubList
Event: 1.181 Loading class java/util/AbstractList$SubList
Event: 1.182 Loading class java/util/AbstractList$SubList done
Event: 1.182 Loading class java/util/AbstractList$RandomAccessSubList done
Event: 1.182 Loading class java/util/AbstractList$SubList$1
Event: 1.182 Loading class java/util/AbstractList$SubList$1 done
Event: 1.182 Loading class java/util/AbstractList$ListItr
Event: 1.182 Loading class java/util/AbstractList$ListItr done
Event: 1.235 Loading class java/util/WeakHashMap$Values
Event: 1.235 Loading class java/util/WeakHashMap$Values done
Event: 1.235 Loading class java/util/WeakHashMap$ValueIterator
Event: 1.236 Loading class java/util/WeakHashMap$ValueIterator done
Event: 1.275 Loading class sun/nio/cs/UTF_16BE$Decoder
Event: 1.275 Loading class sun/nio/cs/UnicodeDecoder
Event: 1.276 Loading class sun/nio/cs/UnicodeDecoder done
Event: 1.276 Loading class sun/nio/cs/UTF_16BE$Decoder done
Event: 1.288 Loading class sun/invoke/util/ValueConversions$1
Event: 1.288 Loading class sun/invoke/util/ValueConversions$1 done
Event: 1.289 Loading class java/lang/invoke/BoundMethodHandle$Species_LI
Event: 1.289 Loading class java/lang/invoke/BoundMethodHandle$Species_LI done

Classes unloaded (0 events):
No events

Classes redefined (0 events):
No events

Internal exceptions (20 events):
Event: 0.885 Thread 0x0000015bf94e4080 Exception <a 'java/lang/NoSuchMethodError'{0x000000071040e550}: 'int java.lang.invoke.DelegatingMethodHandle$Holder.reinvoke_L(java.lang.Object, java.lang.Object, java.lang.Object, java.lang.Object, java.lang.Object)'> (0x000000071040e550) 
thrown [s\open\src\hotspot\share\interpreter\linkResolver.cpp, line 796]
Event: 0.890 Thread 0x0000015bf94e6e70 Exception <a 'java/lang/NoSuchMethodError'{0x000000071049cc40}: 'void java.lang.invoke.DirectMethodHandle$Holder.invokeStaticInit(java.lang.Object)'> (0x000000071049cc40) 
thrown [s\open\src\hotspot\share\interpreter\linkResolver.cpp, line 796]
Event: 0.891 Thread 0x0000015bf94e4080 Exception <a 'java/lang/NoSuchMethodError'{0x00000007104846c0}: 'java.lang.Object java.lang.invoke.DirectMethodHandle$Holder.invokeInterface(java.lang.Object, java.lang.Object, java.lang.Object, java.lang.Object, java.lang.Object)'> (0x00000007104846c0) 
thrown [s\open\src\hotspot\share\interpreter\linkResolver.cpp, line 796]
Event: 0.894 Thread 0x0000015b936f3b60 Exception <a 'java/lang/NoSuchMethodError'{0x0000000710818070}: 'java.lang.Object java.lang.invoke.DirectMethodHandle$Holder.newInvokeSpecial(java.lang.Object, java.lang.Object, java.lang.Object, java.lang.Object, java.lang.Object, java.lang.Object)'> (0x0000000710818070) 
thrown [s\open\src\hotspot\share\interpreter\linkResolver.cpp, line 796]
Event: 0.898 Thread 0x0000015bf94e4080 Exception <a 'java/lang/NoSuchMethodError'{0x00000007104e2550}: 'double java.lang.invoke.DirectMethodHandle$Holder.invokeInterface(java.lang.Object, java.lang.Object)'> (0x00000007104e2550) 
thrown [s\open\src\hotspot\share\interpreter\linkResolver.cpp, line 796]
Event: 0.899 Thread 0x0000015bf94e4080 Exception <a 'java/lang/NoSuchMethodError'{0x00000007104e9f20}: 'double java.lang.invoke.DelegatingMethodHandle$Holder.reinvoke_L(java.lang.Object, java.lang.Object)'> (0x00000007104e9f20) 
thrown [s\open\src\hotspot\share\interpreter\linkResolver.cpp, line 796]
Event: 0.950 Thread 0x0000015bf94e6e70 Exception <a 'sun/nio/fs/WindowsException'{0x000000071007cf58}> (0x000000071007cf58) 
thrown [s\open\src\hotspot\share\prims\jni.cpp, line 520]
Event: 1.039 Thread 0x0000015bf94e6e70 Exception <a 'java/lang/NoSuchMethodError'{0x000000070fc00580}: 'java.lang.Object java.lang.invoke.DirectMethodHandle$Holder.invokeStaticInit(java.lang.Object, java.lang.Object, java.lang.Object, java.lang.Object)'> (0x000000070fc00580) 
thrown [s\open\src\hotspot\share\interpreter\linkResolver.cpp, line 796]
Event: 1.040 Thread 0x0000015bf94e6e70 Exception <a 'java/lang/NullPointerException'{0x000000070fc0d088}> (0x000000070fc0d088) 
thrown [s\open\src\hotspot\share\interpreter\linkResolver.cpp, line 1389]
Event: 1.059 Thread 0x0000015bf94e6e70 Exception <a 'java/lang/ClassNotFoundException'{0x000000070fcac7a0}: sun/util/logging/resources/spi/loggingProvider> (0x000000070fcac7a0) 
thrown [s\open\src\hotspot\share\classfile\systemDictionary.cpp, line 313]
Event: 1.109 Thread 0x0000015bf94e6e70 Exception <a 'java/lang/ClassNotFoundException'{0x000000070fb297a0}: com/sun/glass/ui/win/themes> (0x000000070fb297a0) 
thrown [s\open\src\hotspot\share\prims\jni.cpp, line 539]
Event: 1.110 Thread 0x0000015bf94e6e70 Exception <a 'java/lang/ClassNotFoundException'{0x000000070fb31ea0}: com/sun/glass/ui/win/themes_en> (0x000000070fb31ea0) 
thrown [s\open\src\hotspot\share\prims\jni.cpp, line 539]
Event: 1.110 Thread 0x0000015bf94e6e70 Exception <a 'java/lang/ClassNotFoundException'{0x000000070fb39cc8}: com/sun/glass/ui/win/themes_en_CA> (0x000000070fb39cc8) 
thrown [s\open\src\hotspot\share\prims\jni.cpp, line 539]
Event: 1.288 Thread 0x0000015bf94e6e70 Exception <a 'java/lang/NoSuchMethodError'{0x00000007107ac410}: 'void java.lang.invoke.DirectMethodHandle$Holder.invokeSpecial(java.lang.Object, java.lang.Object, double)'> (0x00000007107ac410) 
thrown [s\open\src\hotspot\share\interpreter\linkResolver.cpp, line 796]
Event: 1.289 Thread 0x0000015bf94e6e70 Exception <a 'java/lang/NoSuchMethodError'{0x00000007107b6cc8}: 'double java.lang.invoke.DelegatingMethodHandle$Holder.reinvoke_L(java.lang.Object, java.lang.Object, int)'> (0x00000007107b6cc8) 
thrown [s\open\src\hotspot\share\interpreter\linkResolver.cpp, line 796]
Event: 1.291 Thread 0x0000015bf94e6e70 Exception <a 'java/lang/NoSuchMethodError'{0x00000007107c8628}: 'java.lang.Object java.lang.invoke.DirectMethodHandle$Holder.invokeStatic(java.lang.Object, java.lang.Object, java.lang.Object, java.lang.Object, int)'> (0x00000007107c8628) 
thrown [s\open\src\hotspot\share\interpreter\linkResolver.cpp, line 796]
Event: 1.292 Thread 0x0000015bf94e6e70 Exception <a 'java/lang/NoSuchMethodError'{0x00000007107d3a80}: 'void java.lang.invoke.DelegatingMethodHandle$Holder.reinvoke_L(java.lang.Object, java.lang.Object, double)'> (0x00000007107d3a80) 
thrown [s\open\src\hotspot\share\interpreter\linkResolver.cpp, line 796]
Event: 1.294 Thread 0x0000015bf94e6e70 Exception <a 'java/lang/NoSuchMethodError'{0x00000007107e1ca0}: 'void java.lang.invoke.DirectMethodHandle$Holder.invokeSpecial(java.lang.Object, java.lang.Object, int)'> (0x00000007107e1ca0) 
thrown [s\open\src\hotspot\share\interpreter\linkResolver.cpp, line 796]
Event: 1.295 Thread 0x0000015bf94e6e70 Exception <a 'java/lang/NoSuchMethodError'{0x00000007107e8ef0}: 'void java.lang.invoke.DelegatingMethodHandle$Holder.reinvoke_L(java.lang.Object, java.lang.Object, int)'> (0x00000007107e8ef0) 
thrown [s\open\src\hotspot\share\interpreter\linkResolver.cpp, line 796]
Event: 1.302 Thread 0x0000015bf94e6e70 Exception <a 'sun/nio/fs/WindowsException'{0x00000007107ff7c0}> (0x00000007107ff7c0) 
thrown [s\open\src\hotspot\share\prims\jni.cpp, line 520]

VM Operations (20 events):
Event: 0.352 Executing VM operation: HandshakeAllThreads (Deoptimize)
Event: 0.352 Executing VM operation: HandshakeAllThreads (Deoptimize) done
Event: 0.415 Executing VM operation: HandshakeAllThreads (Deoptimize)
Event: 0.415 Executing VM operation: HandshakeAllThreads (Deoptimize) done
Event: 0.446 Executing VM operation: HandshakeAllThreads (Deoptimize)
Event: 0.446 Executing VM operation: HandshakeAllThreads (Deoptimize) done
Event: 0.672 Executing VM operation: G1CollectForAllocation (G1 Evacuation Pause)
Event: 0.680 Executing VM operation: G1CollectForAllocation (G1 Evacuation Pause) done
Event: 0.758 Executing VM operation: HandshakeAllThreads (Deoptimize)
Event: 0.758 Executing VM operation: HandshakeAllThreads (Deoptimize) done
Event: 0.763 Executing VM operation: HandshakeAllThreads (Deoptimize)
Event: 0.763 Executing VM operation: HandshakeAllThreads (Deoptimize) done
Event: 0.867 Executing VM operation: HandshakeAllThreads (Deoptimize)
Event: 0.867 Executing VM operation: HandshakeAllThreads (Deoptimize) done
Event: 0.986 Executing VM operation: HandshakeAllThreads (Deoptimize)
Event: 0.986 Executing VM operation: HandshakeAllThreads (Deoptimize) done
Event: 1.123 Executing VM operation: G1CollectForAllocation (G1 Evacuation Pause)
Event: 1.131 Executing VM operation: G1CollectForAllocation (G1 Evacuation Pause) done
Event: 1.156 Executing VM operation: HandshakeAllThreads (Deoptimize)
Event: 1.156 Executing VM operation: HandshakeAllThreads (Deoptimize) done

Memory protections (0 events):
No events

Nmethod flushes (0 events):
No events

Events (20 events):
Event: 0.103 Thread 0x0000015bb387cc40 Thread added: 0x0000015bb3a338e0
Event: 0.129 Thread 0x0000015bb3a31da0 Thread added: 0x0000015bb3a31000
Event: 0.130 Thread 0x0000015bb3a31000 Thread added: 0x0000015bb3a33210
Event: 0.131 Thread 0x0000015bb3a338e0 Thread added: 0x0000015bb3a30260
Event: 0.139 Thread 0x0000015bb3a30260 Thread added: 0x0000015bb3a30930
Event: 0.226 Thread 0x0000015bb3a31000 Thread added: 0x0000015bb3a316d0
Event: 0.262 Thread 0x0000015b936f3b60 Thread added: 0x0000015bf993cb80
Event: 0.262 Thread 0x0000015b936f3b60 Thread added: 0x0000015bf9b64cc0
Event: 0.671 Thread 0x0000015b936f3b60 Thread added: 0x0000015bf9d7e010
Event: 0.772 Thread 0x0000015b936f3b60 Thread added: 0x0000015bf94e6150
Event: 0.778 Thread 0x0000015b936f3b60 Thread added: 0x0000015bf94e6e70
Event: 0.804 Thread 0x0000015bb3864000 Thread added: 0x0000015bf94e7500
Event: 0.827 Thread 0x0000015bf94e7500 Thread added: 0x0000015bf94e4080
Event: 0.853 Thread 0x0000015bf94e4080 Thread added: 0x0000015bf94e5430
Event: 0.865 Thread 0x0000015bf94e4080 Thread added: 0x0000015bf94e4710
Event: 0.902 Thread 0x0000015bb3a30930 Thread exited: 0x0000015bb3a30930
Event: 0.902 Thread 0x0000015bb3a316d0 Thread exited: 0x0000015bb3a316d0
Event: 0.909 Thread 0x0000015b936f3b60 Thread added: 0x0000015bf94e4da0
Event: 0.914 Thread 0x0000015bf9cd9130 Thread added: 0x0000015bf9cd9130
Event: 0.990 Thread 0x0000015bb3a30260 Thread exited: 0x0000015bb3a30260


Dynamic libraries:
0x00007ff6f1460000 - 0x00007ff6f1470000 	G:\prog\g\bin\java.exe
0x00007ff9afb50000 - 0x00007ff9afd48000 	C:\Windows\SYSTEM32\ntdll.dll
0x00007ff9adff0000 - 0x00007ff9ae0b2000 	C:\Windows\System32\KERNEL32.DLL
0x00007ff9ad2c0000 - 0x00007ff9ad5bf000 	C:\Windows\System32\KERNELBASE.dll
0x00007ff9ad770000 - 0x00007ff9ad870000 	C:\Windows\System32\ucrtbase.dll
0x00007ff99fd50000 - 0x00007ff99fd6b000 	G:\prog\g\bin\VCRUNTIME140.dll
0x00007ff9a8a10000 - 0x00007ff9a8a27000 	G:\prog\g\bin\jli.dll
0x00007ff9aef20000 - 0x00007ff9af0bd000 	C:\Windows\System32\USER32.dll
0x00007ff999340000 - 0x00007ff9995da000 	C:\Windows\WinSxS\amd64_microsoft.windows.common-controls_6595b64144ccf1df_6.0.19041.4355_none_60b8b9eb71f62e16\COMCTL32.dll
0x00007ff9ad870000 - 0x00007ff9ad892000 	C:\Windows\System32\win32u.dll
0x00007ff9af0d0000 - 0x00007ff9af16e000 	C:\Windows\System32\msvcrt.dll
0x00007ff9adf50000 - 0x00007ff9adf7b000 	C:\Windows\System32\GDI32.dll
0x00007ff9ad650000 - 0x00007ff9ad76a000 	C:\Windows\System32\gdi32full.dll
0x00007ff9ad220000 - 0x00007ff9ad2bd000 	C:\Windows\System32\msvcp_win.dll
0x00007ff9af1d0000 - 0x00007ff9af1ff000 	C:\Windows\System32\IMM32.DLL
0x00007ff99ff40000 - 0x00007ff99ff4c000 	G:\prog\g\bin\vcruntime140_1.dll
0x00007ff98c5c0000 - 0x00007ff98c64e000 	G:\prog\g\bin\msvcp140.dll
0x00007ff945260000 - 0x00007ff945fb0000 	G:\prog\g\bin\server\jvm.dll
0x00007ff9af9e0000 - 0x00007ff9afa8f000 	C:\Windows\System32\ADVAPI32.dll
0x00007ff9ae0c0000 - 0x00007ff9ae15f000 	C:\Windows\System32\sechost.dll
0x00007ff9af430000 - 0x00007ff9af553000 	C:\Windows\System32\RPCRT4.dll
0x00007ff9ad1f0000 - 0x00007ff9ad217000 	C:\Windows\System32\bcrypt.dll
0x00007ff9aeeb0000 - 0x00007ff9aef1b000 	C:\Windows\System32\WS2_32.dll
0x00007ff9ad050000 - 0x00007ff9ad09b000 	C:\Windows\SYSTEM32\POWRPROF.dll
0x00007ff9a2a00000 - 0x00007ff9a2a27000 	C:\Windows\SYSTEM32\WINMM.dll
0x00007ff9a2a30000 - 0x00007ff9a2a3a000 	C:\Windows\SYSTEM32\VERSION.dll
0x00007ff9ad030000 - 0x00007ff9ad042000 	C:\Windows\SYSTEM32\UMPDC.dll
0x00007ff9aba20000 - 0x00007ff9aba32000 	C:\Windows\SYSTEM32\kernel.appcore.dll
0x00007ff99fd40000 - 0x00007ff99fd4a000 	G:\prog\g\bin\jimage.dll
0x00007ff9aadc0000 - 0x00007ff9aafa4000 	C:\Windows\SYSTEM32\DBGHELP.DLL
0x00007ff99e000000 - 0x00007ff99e034000 	C:\Windows\SYSTEM32\dbgcore.DLL
0x00007ff9ad5c0000 - 0x00007ff9ad642000 	C:\Windows\System32\bcryptPrimitives.dll
0x00007ff9a8960000 - 0x00007ff9a896f000 	G:\prog\g\bin\instrument.dll
0x00007ff99fd20000 - 0x00007ff99fd3e000 	G:\prog\g\bin\java.dll
0x00007ff9ade00000 - 0x00007ff9adf2b000 	C:\Windows\System32\ole32.dll
0x00007ff9ae160000 - 0x00007ff9ae4b5000 	C:\Windows\System32\combase.dll
0x00007ff9ae570000 - 0x00007ff9aecdd000 	C:\Windows\System32\SHELL32.dll
0x00007ff9ab270000 - 0x00007ff9aba14000 	C:\Windows\SYSTEM32\windows.storage.dll
0x00007ff9acb50000 - 0x00007ff9acb7f000 	C:\Windows\SYSTEM32\Wldp.dll
0x00007ff9af360000 - 0x00007ff9af42d000 	C:\Windows\System32\OLEAUT32.dll
0x00007ff9aece0000 - 0x00007ff9aed8d000 	C:\Windows\System32\SHCORE.dll
0x00007ff9af210000 - 0x00007ff9af265000 	C:\Windows\System32\shlwapi.dll
0x00007ff9ad120000 - 0x00007ff9ad144000 	C:\Windows\SYSTEM32\profapi.dll
0x00007ff985690000 - 0x00007ff985767000 	G:\prog\g\bin\jsvml.dll
0x00007ff99ab00000 - 0x00007ff99ab10000 	G:\prog\g\bin\net.dll
0x00007ff9ac8b0000 - 0x00007ff9ac91c000 	C:\Windows\system32\mswsock.dll
0x00007ff9965e0000 - 0x00007ff9965f6000 	G:\prog\g\bin\nio.dll
0x00007ff98dac0000 - 0x00007ff98dad7000 	G:\prog\g\bin\zip.dll
0x00007ff9a63e0000 - 0x00007ff9a63fa000 	G:\ANYTHING P\IntelliJ IDEA 2024.3.3\bin\breakgen64.dll
0x00007ff9ac5d0000 - 0x00007ff9ac69a000 	C:\Windows\SYSTEM32\DNSAPI.dll
0x00007ff9ac590000 - 0x00007ff9ac5cb000 	C:\Windows\SYSTEM32\IPHLPAPI.DLL
0x00007ff9af0c0000 - 0x00007ff9af0c8000 	C:\Windows\System32\NSI.dll
0x00007ff9a5080000 - 0x00007ff9a508a000 	C:\Windows\System32\rasadhlp.dll
0x00007ff9a4540000 - 0x00007ff9a45c0000 	C:\Windows\System32\fwpuclnt.dll
0x00007ff98da90000 - 0x00007ff98da9a000 	G:\prog\g\bin\management.dll
0x0000015b93680000 - 0x0000015b93683000 	C:\Users\Pollar LeBlanc\.openjfx\cache\17.0.6\api-ms-win-core-console-l1-1-0.dll
0x0000015b93690000 - 0x0000015b93693000 	C:\Users\Pollar LeBlanc\.openjfx\cache\17.0.6\api-ms-win-core-console-l1-2-0.dll
0x0000015b936a0000 - 0x0000015b936a3000 	C:\Users\Pollar LeBlanc\.openjfx\cache\17.0.6\api-ms-win-core-datetime-l1-1-0.dll
0x00007ff98d290000 - 0x00007ff98d29b000 	G:\prog\g\bin\management_ext.dll
0x00007ff9af200000 - 0x00007ff9af208000 	C:\Windows\System32\PSAPI.DLL
0x0000015b936b0000 - 0x0000015b936b3000 	C:\Users\Pollar LeBlanc\.openjfx\cache\17.0.6\api-ms-win-core-debug-l1-1-0.dll
0x0000015bb3c50000 - 0x0000015bb3c53000 	C:\Users\Pollar LeBlanc\.openjfx\cache\17.0.6\api-ms-win-core-errorhandling-l1-1-0.dll
0x0000015bb3c60000 - 0x0000015bb3c64000 	C:\Users\Pollar LeBlanc\.openjfx\cache\17.0.6\api-ms-win-core-file-l1-1-0.dll
0x0000015bb3c70000 - 0x0000015bb3c73000 	C:\Users\Pollar LeBlanc\.openjfx\cache\17.0.6\api-ms-win-core-file-l1-2-0.dll
0x0000015bb3c80000 - 0x0000015bb3c83000 	C:\Users\Pollar LeBlanc\.openjfx\cache\17.0.6\api-ms-win-core-file-l2-1-0.dll
0x0000015bb3c90000 - 0x0000015bb3c93000 	C:\Users\Pollar LeBlanc\.openjfx\cache\17.0.6\api-ms-win-core-handle-l1-1-0.dll
0x0000015bb3ca0000 - 0x0000015bb3ca3000 	C:\Users\Pollar LeBlanc\.openjfx\cache\17.0.6\api-ms-win-core-heap-l1-1-0.dll
0x0000015bb3cb0000 - 0x0000015bb3cb3000 	C:\Users\Pollar LeBlanc\.openjfx\cache\17.0.6\api-ms-win-core-interlocked-l1-1-0.dll
0x0000015bb3f00000 - 0x0000015bb3f03000 	C:\Users\Pollar LeBlanc\.openjfx\cache\17.0.6\api-ms-win-core-libraryloader-l1-1-0.dll
0x0000015bb3f10000 - 0x0000015bb3f13000 	C:\Users\Pollar LeBlanc\.openjfx\cache\17.0.6\api-ms-win-core-localization-l1-2-0.dll
0x0000015bb3f20000 - 0x0000015bb3f23000 	C:\Users\Pollar LeBlanc\.openjfx\cache\17.0.6\api-ms-win-core-memory-l1-1-0.dll
0x0000015bb3f30000 - 0x0000015bb3f33000 	C:\Users\Pollar LeBlanc\.openjfx\cache\17.0.6\api-ms-win-core-namedpipe-l1-1-0.dll
0x0000015bb3f40000 - 0x0000015bb3f43000 	C:\Users\Pollar LeBlanc\.openjfx\cache\17.0.6\api-ms-win-core-processenvironment-l1-1-0.dll
0x0000015bb3f50000 - 0x0000015bb3f53000 	C:\Users\Pollar LeBlanc\.openjfx\cache\17.0.6\api-ms-win-core-processthreads-l1-1-0.dll
0x0000015bb3f60000 - 0x0000015bb3f63000 	C:\Users\Pollar LeBlanc\.openjfx\cache\17.0.6\api-ms-win-core-processthreads-l1-1-1.dll
0x0000015bb3f70000 - 0x0000015bb3f73000 	C:\Users\Pollar LeBlanc\.openjfx\cache\17.0.6\api-ms-win-core-profile-l1-1-0.dll
0x0000015bb3de0000 - 0x0000015bb3de3000 	C:\Users\Pollar LeBlanc\.openjfx\cache\17.0.6\api-ms-win-core-rtlsupport-l1-1-0.dll
0x0000015bb3df0000 - 0x0000015bb3df3000 	C:\Users\Pollar LeBlanc\.openjfx\cache\17.0.6\api-ms-win-core-string-l1-1-0.dll
0x0000015bb3e00000 - 0x0000015bb3e03000 	C:\Users\Pollar LeBlanc\.openjfx\cache\17.0.6\api-ms-win-core-synch-l1-1-0.dll
0x0000015bb3e10000 - 0x0000015bb3e13000 	C:\Users\Pollar LeBlanc\.openjfx\cache\17.0.6\api-ms-win-core-synch-l1-2-0.dll
0x0000015bb3e20000 - 0x0000015bb3e23000 	C:\Users\Pollar LeBlanc\.openjfx\cache\17.0.6\api-ms-win-core-sysinfo-l1-1-0.dll
0x0000015bb3e30000 - 0x0000015bb3e33000 	C:\Users\Pollar LeBlanc\.openjfx\cache\17.0.6\api-ms-win-core-timezone-l1-1-0.dll
0x0000015bb3e40000 - 0x0000015bb3e43000 	C:\Users\Pollar LeBlanc\.openjfx\cache\17.0.6\api-ms-win-core-util-l1-1-0.dll
0x0000015bb3e50000 - 0x0000015bb3e53000 	C:\Users\Pollar LeBlanc\.openjfx\cache\17.0.6\api-ms-win-crt-conio-l1-1-0.dll
0x0000015bb3e60000 - 0x0000015bb3e64000 	C:\Users\Pollar LeBlanc\.openjfx\cache\17.0.6\api-ms-win-crt-convert-l1-1-0.dll
0x0000015bb3e70000 - 0x0000015bb3e73000 	C:\Users\Pollar LeBlanc\.openjfx\cache\17.0.6\api-ms-win-crt-environment-l1-1-0.dll
0x0000015bb3e80000 - 0x0000015bb3e83000 	C:\Users\Pollar LeBlanc\.openjfx\cache\17.0.6\api-ms-win-crt-filesystem-l1-1-0.dll
0x0000015bb3e90000 - 0x0000015bb3e93000 	C:\Users\Pollar LeBlanc\.openjfx\cache\17.0.6\api-ms-win-crt-heap-l1-1-0.dll
0x0000015bb3ea0000 - 0x0000015bb3ea3000 	C:\Users\Pollar LeBlanc\.openjfx\cache\17.0.6\api-ms-win-crt-locale-l1-1-0.dll
0x0000015bb3eb0000 - 0x0000015bb3eb5000 	C:\Users\Pollar LeBlanc\.openjfx\cache\17.0.6\api-ms-win-crt-math-l1-1-0.dll
0x0000015bb3ec0000 - 0x0000015bb3ec5000 	C:\Users\Pollar LeBlanc\.openjfx\cache\17.0.6\api-ms-win-crt-multibyte-l1-1-0.dll
0x0000015bb3ed0000 - 0x0000015bb3ee0000 	C:\Users\Pollar LeBlanc\.openjfx\cache\17.0.6\api-ms-win-crt-private-l1-1-0.dll
0x0000015bb3ee0000 - 0x0000015bb3ee3000 	C:\Users\Pollar LeBlanc\.openjfx\cache\17.0.6\api-ms-win-crt-process-l1-1-0.dll
0x0000015bb3cc0000 - 0x0000015bb3cc4000 	C:\Users\Pollar LeBlanc\.openjfx\cache\17.0.6\api-ms-win-crt-runtime-l1-1-0.dll
0x0000015bb3cd0000 - 0x0000015bb3cd4000 	C:\Users\Pollar LeBlanc\.openjfx\cache\17.0.6\api-ms-win-crt-stdio-l1-1-0.dll
0x0000015bb3ce0000 - 0x0000015bb3ce4000 	C:\Users\Pollar LeBlanc\.openjfx\cache\17.0.6\api-ms-win-crt-string-l1-1-0.dll
0x0000015bb3cf0000 - 0x0000015bb3cf3000 	C:\Users\Pollar LeBlanc\.openjfx\cache\17.0.6\api-ms-win-crt-time-l1-1-0.dll
0x0000015bb3d00000 - 0x0000015bb3d03000 	C:\Users\Pollar LeBlanc\.openjfx\cache\17.0.6\api-ms-win-crt-utility-l1-1-0.dll
0x00007ff96a5c0000 - 0x00007ff96a6bc000 	C:\Users\Pollar LeBlanc\.openjfx\cache\17.0.6\ucrtbase.dll
0x00007ff98ded0000 - 0x00007ff98deea000 	C:\Users\Pollar LeBlanc\.openjfx\cache\17.0.6\vcruntime140.dll
0x00007ff98dc60000 - 0x00007ff98dc6c000 	C:\Users\Pollar LeBlanc\.openjfx\cache\17.0.6\vcruntime140_1.dll
0x00007ff96a530000 - 0x00007ff96a5bd000 	C:\Users\Pollar LeBlanc\.openjfx\cache\17.0.6\msvcp140.dll
0x00007ff98dab0000 - 0x00007ff98dab9000 	C:\Users\Pollar LeBlanc\.openjfx\cache\17.0.6\msvcp140_1.dll
0x00007ff98a100000 - 0x00007ff98a12f000 	C:\Users\Pollar LeBlanc\.openjfx\cache\17.0.6\msvcp140_2.dll
0x00007ff98a0d0000 - 0x00007ff98a0fa000 	C:\Users\Pollar LeBlanc\.openjfx\cache\17.0.6\prism_d3d.dll
0x00007ff989510000 - 0x00007ff9896e1000 	C:\Windows\system32\d3d9.dll
0x00007ff9aa0a0000 - 0x00007ff9aa0cf000 	C:\Windows\SYSTEM32\dwmapi.dll
0x00007ff9a9d00000 - 0x00007ff9a9d9e000 	C:\Windows\system32\uxtheme.dll
0x00007ff9a2a40000 - 0x00007ff9a2bfb000 	C:\Windows\System32\DriverStore\FileRepository\u0407052.inf_amd64_84d15514ad17ffa0\B406619\aticfx64.dll
0x00007ff99aa90000 - 0x00007ff99aac4000 	C:\Windows\System32\DriverStore\FileRepository\u0407052.inf_amd64_84d15514ad17ffa0\B406619\atiu9p64.dll
0x00007ff9686e0000 - 0x00007ff969427000 	C:\Windows\System32\DriverStore\FileRepository\u0407052.inf_amd64_84d15514ad17ffa0\B406619\atiumd64.dll
0x0000000073950000 - 0x0000000074863000 	C:\Windows\System32\DriverStore\FileRepository\u0407052.inf_amd64_84d15514ad17ffa0\B406619\atiumd6a.dll
0x00007ff9af560000 - 0x00007ff9af9d1000 	C:\Windows\System32\SETUPAPI.dll
0x00007ff9ad910000 - 0x00007ff9ad95e000 	C:\Windows\System32\cfgmgr32.dll
0x00007ff9a0800000 - 0x00007ff9a0835000 	C:\Windows\SYSTEM32\amdihk64.dll
0x00007ff9acab0000 - 0x00007ff9acac8000 	C:\Windows\SYSTEM32\CRYPTSP.dll
0x00007ff9ac1d0000 - 0x00007ff9ac204000 	C:\Windows\system32\rsaenh.dll
0x00007ff9ad0a0000 - 0x00007ff9ad0ce000 	C:\Windows\SYSTEM32\USERENV.dll
0x00007ff9acaa0000 - 0x00007ff9acaac000 	C:\Windows\SYSTEM32\CRYPTBASE.dll
0x00007ff985140000 - 0x00007ff985182000 	C:\Users\Pollar LeBlanc\.openjfx\cache\17.0.6\glass.dll
0x00007ff9adb70000 - 0x00007ff9adc4a000 	C:\Windows\System32\COMDLG32.dll
0x00007ff9aed90000 - 0x00007ff9aeea5000 	C:\Windows\System32\MSCTF.dll
0x00007ff98cfe0000 - 0x00007ff98cff7000 	C:\Windows\system32\napinsp.dll
0x00007ff98cbc0000 - 0x00007ff98cbdb000 	C:\Windows\system32\pnrpnsp.dll
0x00007ff998aa0000 - 0x00007ff998ab5000 	C:\Windows\system32\wshbth.dll
0x00007ff9a8220000 - 0x00007ff9a823d000 	C:\Windows\system32\NLAapi.dll
0x00007ff98cba0000 - 0x00007ff98cbb2000 	C:\Windows\System32\winrnr.dll
0x00007ff9a2c70000 - 0x00007ff9a2cab000 	C:\Windows\SYSTEM32\dxcore.dll

dbghelp: loaded successfully - version: 4.0.5 - missing functions: none
symbol engine: initialized successfully - sym options: 0x614 - pdb path: .;G:\prog\g\bin;C:\Windows\SYSTEM32;C:\Windows\WinSxS\amd64_microsoft.windows.common-controls_6595b64144ccf1df_6.0.19041.4355_none_60b8b9eb71f62e16;G:\prog\g\bin\server;G:\ANYTHING P\IntelliJ IDEA 2024.3.3\bin;C:\Users\Pollar LeBlanc\.openjfx\cache\17.0.6;C:\Windows\System32\DriverStore\FileRepository\u0407052.inf_amd64_84d15514ad17ffa0\B406619

VM Arguments:
jvm_args: -javaagent:G:\ANYTHING P\IntelliJ IDEA 2024.3.3\lib\idea_rt.jar=51939:G:\ANYTHING P\IntelliJ IDEA 2024.3.3\bin -Dfile.encoding=UTF-8 -Dsun.stdout.encoding=UTF-8 -Dsun.stderr.encoding=UTF-8 --module-path=C:\Users\Pollar LeBlanc\.m2\repository\org\openjfx\javafx-graphics\17.0.6\javafx-graphics-17.0.6-win.jar;C:\Users\Pollar LeBlanc\.m2\repository\org\kordamp\bootstrapfx\bootstrapfx-core\0.4.0\bootstrapfx-core-0.4.0.jar;C:\Users\Pollar LeBlanc\.m2\repository\org\openjfx\javafx-controls\17.0.6\javafx-controls-17.0.6-win.jar;C:\Users\Pollar LeBlanc\.m2\repository\org\kordamp\ikonli\ikonli-core\12.3.1\ikonli-core-12.3.1.jar;C:\Users\Pollar LeBlanc\.m2\repository\org\openjfx\javafx-base\17.0.6\javafx-base-17.0.6-win.jar;C:\Users\Pollar LeBlanc\.m2\repository\org\kordamp\ikonli\ikonli-javafx\12.3.1\ikonli-javafx-12.3.1.jar;C:\Users\Pollar LeBlanc\.m2\repository\org\controlsfx\controlsfx\11.2.1\controlsfx-11.2.1.jar;C:\Users\Pollar LeBlanc\teststuff\target\classes;C:\Users\Pollar LeBlanc\.m2\repository\org\openjfx\javafx-fxml\17.0.6\javafx-fxml-17.0.6-win.jar -Djdk.module.main=com.example.chatbotpucv1 
java_command: com.example.chatbotpucv1/com.example.chatbotpucv1.chatbot
java_class_path (initial): C:\Users\Pollar LeBlanc\.m2\repository\org\openjfx\javafx-controls\17.0.6\javafx-controls-17.0.6.jar;C:\Users\Pollar LeBlanc\.m2\repository\org\openjfx\javafx-graphics\17.0.6\javafx-graphics-17.0.6.jar;C:\Users\Pollar LeBlanc\.m2\repository\org\openjfx\javafx-base\17.0.6\javafx-base-17.0.6.jar;C:\Users\Pollar LeBlanc\.m2\repository\org\openjfx\javafx-fxml\17.0.6\javafx-fxml-17.0.6.jar
Launcher Type: SUN_STANDARD

[Global flags]
     intx CICompilerCount                          = 12                                        {product} {ergonomic}
     uint ConcGCThreads                            = 3                                         {product} {ergonomic}
     uint G1ConcRefinementThreads                  = 13                                        {product} {ergonomic}
   size_t G1HeapRegionSize                         = 2097152                                   {product} {ergonomic}
   size_t InitialHeapSize                          = 268435456                                 {product} {ergonomic}
   size_t MarkStackSize                            = 4194304                                   {product} {ergonomic}
   size_t MarkStackSizeMax                         = 536870912                                 {product} {ergonomic}
   size_t MaxHeapSize                              = 4280287232                                {product} {ergonomic}
   size_t MaxNewSize                               = 2566914048                                {product} {ergonomic}
   size_t MinHeapDeltaBytes                        = 2097152                                   {product} {ergonomic}
   size_t MinHeapSize                              = 8388608                                   {product} {ergonomic}
    uintx NonNMethodCodeHeapSize                   = 7602176                                {pd product} {ergonomic}
    uintx NonProfiledCodeHeapSize                  = 122093568                              {pd product} {ergonomic}
    uintx ProfiledCodeHeapSize                     = 121962496                              {pd product} {ergonomic}
    uintx ReservedCodeCacheSize                    = 251658240                              {pd product} {ergonomic}
     bool SegmentedCodeCache                       = true                                      {product} {ergonomic}
   size_t SoftMaxHeapSize                          = 4280287232                             {manageable} {ergonomic}
     bool UseCompressedOops                        = true                           {product lp64_product} {ergonomic}
     bool UseG1GC                                  = true                                      {product} {ergonomic}
     bool UseLargePagesIndividualAllocation        = false                                  {pd product} {ergonomic}

Logging:
Log output configuration:
 #0: stdout all=warning uptime,level,tags foldmultilines=false
 #1: stderr all=off uptime,level,tags foldmultilines=false

Environment Variables:
PATH=g:\ANYTHING P\cursor\resources\app\bin;C:\Program Files\Common Files\Oracle\Java\javapath;c:\Users\Pollar LeBlanc\AppData\Local\Programs\cursor\resources\app\bin;C:\Windows\system32;C:\Windows;C:\Windows\System32\Wbem;C:\Windows\System32\WindowsPowerShell\v1.0\;C:\Windows\System32\OpenSSH\;C:\Program Files\dotnet\;C:\ProgramData\chocolatey\bin;C:\Program Files\Git\cmd;C:\Users\Pollar LeBlanc\AppData\Local\Programs\Python\Python312\Scripts\;C:\Users\Pollar LeBlanc\AppData\Local\Programs\Python\Python312\;C:\Users\Pollar LeBlanc\AppData\Local\Microsoft\WindowsApps;c:\Users\Pollar LeBlanc\AppData\Local\Programs\cursor\resources\app\bin;c:\Users\Pollar LeBlanc\AppData\Local\Programs\cursor\resources\app\bin;C:\Program Files\nodejs\;C:\Program Files\PowerShell\7\;C:\Users\Pollar LeBlanc\AppData\Roaming\npm;C:\Android\platform-tools;C:\Android\platform-tools;G:\ANYTHING P\IntelliJ IDEA 2024.3.3\bin;;g:\ANYTHING P\cursor\resources\app\bin;g:\ANYTHING P\cursor\resources\app\bin;C:\Users\Pollar LeBlanc\AppData\Local\Programs\Python\Python312\Scripts\;C:\Users\Pollar LeBlanc\AppData\Local\Programs\Python\Python312\;C:\Users\Pollar LeBlanc\AppData\Local\Microsoft\WindowsApps;C:\Users\Pollar LeBlanc\AppData\Local\Programs\Microsoft VS Code\bin;C:\Users\Pollar LeBlanc\AppData\Roaming\npm;C:\Android\platform-tools;C:\Android\platform-tools;G:\ANYTHING P\IntelliJ IDEA 2024.3.3\bin;;G:\ANYTHING P\cursor\resources\app\bin
USERNAME=Pollar LeBlanc
OS=Windows_NT
PROCESSOR_IDENTIFIER=Intel64 Family 6 Model 45 Stepping 7, GenuineIntel
TMP=C:\Users\POLLAR~1\AppData\Local\Temp
TEMP=C:\Users\POLLAR~1\AppData\Local\Temp




Periodic native trim disabled

---------------  S Y S T E M  ---------------

OS:
 Windows 10 , 64 bit Build 19041 (10.0.19041.5438)
OS uptime: 1 days 0:26 hours

CPU: total 16 (initial active 16) (8 cores per cpu, 2 threads per core) family 6 model 45 stepping 7 microcode 0x714, cx8, cmov, fxsr, ht, mmx, sse, sse2, sse3, ssse3, sse4.1, sse4.2, popcnt, tsc, tscinvbit, avx, aes, clmul, vzeroupper, clflush, rdtscp
Processor Information for the first 16 processors :
  Max Mhz: 2601, Current Mhz: 2601, Mhz Limit: 2601

Memory: 4k page, system-wide physical 16322M (1144M free)
TotalPageFile size 19394M (AvailPageFile size 0M)
current process WorkingSet (physical memory assigned to process): 147M, peak: 147M
current process commit charge ("private bytes"): 428M, peak: 428M

vm_info: Java HotSpot(TM) 64-Bit Server VM (23.0.2+7-58) for windows-amd64 JRE (23.0.2+7-58), built on 2024-11-29T09:34:55Z with MS VC++ 17.6 (VS2022)

END.
