#
# There is insufficient memory for the Java Runtime Environment to continue.
# Native memory allocation (malloc) failed to allocate 1683056 bytes. Error detail: Chunk::new
# Possible reasons:
#   The system is out of physical RAM or swap space
#   This process is running with CompressedOops enabled, and the Java Heap may be blocking the growth of the native heap
# Possible solutions:
#   Reduce memory load on the system
#   Increase physical memory or swap space
#   Check if swap backing store is full
#   Decrease Java heap size (-Xmx/-Xms)
#   Decrease number of Java threads
#   Decrease Java thread stack sizes (-Xss)
#   Set larger code cache with -XX:ReservedCodeCacheSize=
#   JVM is running with Zero Based Compressed Oops mode in which the Java heap is
#     placed in the first 32GB address space. The Java Heap base address is the
#     maximum limit for the native heap growth. Please use -XX:HeapBaseMinAddress
#     to set the Java Heap base and to place the Java Heap above 32GB virtual address.
# This output file may be truncated or incomplete.
#
#  Out of Memory Error (arena.cpp:149), pid=14384, tid=9440
#
# JRE version: Java(TM) SE Runtime Environment (23.0.2+7) (build 23.0.2+7-58)
# Java VM: Java HotSpot(TM) 64-Bit Server VM (23.0.2+7-58, mixed mode, sharing, tiered, compressed oops, compressed class ptrs, g1 gc, windows-amd64)
# No core dump will be written. Minidumps are not enabled by default on client versions of Windows
#

---------------  S U M M A R Y ------------

Command Line: -javaagent:G:\ANYTHING P\IntelliJ IDEA 2024.3.3\lib\idea_rt.jar=52095:G:\ANYTHING P\IntelliJ IDEA 2024.3.3\bin -Dfile.encoding=UTF-8 -Dsun.stdout.encoding=UTF-8 -Dsun.stderr.encoding=UTF-8 --module-path=C:\Users\Pollar LeBlanc\.m2\repository\org\openjfx\javafx-fxml\17.0.6\javafx-fxml-17.0.6-win.jar;C:\Users\Pollar LeBlanc\.m2\repository\org\kordamp\ikonli\ikonli-core\12.3.1\ikonli-core-12.3.1.jar;C:\Users\Pollar LeBlanc\.m2\repository\org\kordamp\bootstrapfx\bootstrapfx-core\0.4.0\bootstrapfx-core-0.4.0.jar;C:\Users\Pollar LeBlanc\.m2\repository\org\controlsfx\controlsfx\11.2.1\controlsfx-11.2.1.jar;C:\Users\Pollar LeBlanc\.m2\repository\org\kordamp\ikonli\ikonli-javafx\12.3.1\ikonli-javafx-12.3.1.jar;C:\Users\Pollar LeBlanc\.m2\repository\org\openjfx\javafx-graphics\17.0.6\javafx-graphics-17.0.6-win.jar;C:\Users\Pollar LeBlanc\.m2\repository\org\openjfx\javafx-base\17.0.6\javafx-base-17.0.6-win.jar;C:\Users\Pollar LeBlanc\.m2\repository\org\openjfx\javafx-controls\17.0.6\javafx-controls-17.0.6-win.jar;C:\Users\Pollar LeBlanc\teststuff\target\classes -Djdk.module.main=com.example.chatbotpucv1 com.example.chatbotpucv1/com.example.chatbotpucv1.chatbot

Host: Intel(R) Xeon(R) CPU E5-2689 0 @ 2.60GHz, 16 cores, 15G,  Windows 10 , 64 bit Build 19041 (10.0.19041.5438)
Time: Thu Mar 13 02:59:51 2025 E. South America Standard Time elapsed time: 2.050196 seconds (0d 0h 0m 2s)

---------------  T H R E A D  ---------------

Current thread (0x000001b959a11d80):  JavaThread "C2 CompilerThread0" daemon [_thread_in_native, id=9440, stack(0x0000001d55e00000,0x0000001d55f00000) (1024K)]


Current CompileTask:
C2:2050 2375       4       java.lang.invoke.MethodType::makeImpl (109 bytes)

Stack: [0x0000001d55e00000,0x0000001d55f00000]
Native frames: (J=compiled Java code, j=interpreted, Vv=VM code, C=native code)
V  [jvm.dll+0x6e0b99]  (no source info available)
V  [jvm.dll+0x87e2b3]  (no source info available)
V  [jvm.dll+0x88073e]  (no source info available)
V  [jvm.dll+0x880e13]  (no source info available)
V  [jvm.dll+0x27b006]  (no source info available)
V  [jvm.dll+0xbc06f]  (no source info available)
V  [jvm.dll+0xbc2cb]  (no source info available)
V  [jvm.dll+0x3b3c22]  (no source info available)
V  [jvm.dll+0x38a55b]  (no source info available)
V  [jvm.dll+0x3899ca]  (no source info available)
V  [jvm.dll+0x244ba1]  (no source info available)
V  [jvm.dll+0x243eff]  (no source info available)
V  [jvm.dll+0x1c34b0]  (no source info available)
V  [jvm.dll+0x253df1]  (no source info available)
V  [jvm.dll+0x2520aa]  (no source info available)
V  [jvm.dll+0x3ee226]  (no source info available)
V  [jvm.dll+0x8254cb]  (no source info available)
V  [jvm.dll+0x6df345]  (no source info available)
C  [ucrtbase.dll+0x21bb2]  (no source info available)
C  [KERNEL32.DLL+0x17374]  (no source info available)
C  [ntdll.dll+0x4cc91]  (no source info available)

Lock stack of current Java thread (top to bottom):


---------------  P R O C E S S  ---------------

Threads class SMR info:
_java_thread_list=0x000001b9a0f438f0, length=27, elements={
0x000001b939881790, 0x000001b95904e7d0, 0x000001b9599fa5b0, 0x000001b9599fbb70,
0x000001b9599fe5e0, 0x000001b959a03060, 0x000001b959a06fd0, 0x000001b959a11d80,
0x000001b959a14840, 0x000001b959af3d00, 0x000001b959b36710, 0x000001b959c12f10,
0x000001b959c80260, 0x000001b99ffc1b10, 0x000001b99fb13740, 0x000001b99fe4ee90,
0x000001b99f5bd560, 0x000001b99f5bdbf0, 0x000001b99f5be280, 0x000001b99f5bced0,
0x000001b99f5befa0, 0x000001b99f5bfcc0, 0x000001b99f5bf630, 0x000001b9a00b9260,
0x000001b9a00b8bd0, 0x000001b9a17987a0, 0x000001b9a176af70
}

Java Threads: ( => current thread )
  0x000001b939881790 JavaThread "main"                              [_thread_blocked, id=10100, stack(0x0000001d55000000,0x0000001d55100000) (1024K)]
  0x000001b95904e7d0 JavaThread "Reference Handler"          daemon [_thread_blocked, id=7544, stack(0x0000001d55800000,0x0000001d55900000) (1024K)]
  0x000001b9599fa5b0 JavaThread "Finalizer"                  daemon [_thread_blocked, id=10104, stack(0x0000001d55900000,0x0000001d55a00000) (1024K)]
  0x000001b9599fbb70 JavaThread "Signal Dispatcher"          daemon [_thread_blocked, id=17924, stack(0x0000001d55a00000,0x0000001d55b00000) (1024K)]
  0x000001b9599fe5e0 JavaThread "Attach Listener"            daemon [_thread_blocked, id=6576, stack(0x0000001d55b00000,0x0000001d55c00000) (1024K)]
  0x000001b959a03060 JavaThread "Service Thread"             daemon [_thread_blocked, id=17316, stack(0x0000001d55c00000,0x0000001d55d00000) (1024K)]
  0x000001b959a06fd0 JavaThread "Monitor Deflation Thread"   daemon [_thread_blocked, id=10696, stack(0x0000001d55d00000,0x0000001d55e00000) (1024K)]
=>0x000001b959a11d80 JavaThread "C2 CompilerThread0"         daemon [_thread_in_native, id=9440, stack(0x0000001d55e00000,0x0000001d55f00000) (1024K)]
  0x000001b959a14840 JavaThread "C1 CompilerThread0"         daemon [_thread_blocked, id=10896, stack(0x0000001d55f00000,0x0000001d56000000) (1024K)]
  0x000001b959af3d00 JavaThread "Common-Cleaner"             daemon [_thread_blocked, id=17968, stack(0x0000001d56000000,0x0000001d56100000) (1024K)]
  0x000001b959b36710 JavaThread "C1 CompilerThread1"         daemon [_thread_blocked, id=18796, stack(0x0000001d56100000,0x0000001d56200000) (1024K)]
  0x000001b959c12f10 JavaThread "C1 CompilerThread2"         daemon [_thread_blocked, id=6036, stack(0x0000001d56300000,0x0000001d56400000) (1024K)]
  0x000001b959c80260 JavaThread "C1 CompilerThread3"         daemon [_thread_blocked, id=5396, stack(0x0000001d56400000,0x0000001d56500000) (1024K)]
  0x000001b99ffc1b10 JavaThread "Monitor Ctrl-Break"         daemon [_thread_in_native, id=8736, stack(0x0000001d56800000,0x0000001d56900000) (1024K)]
  0x000001b99fb13740 JavaThread "Notification Thread"        daemon [_thread_blocked, id=10796, stack(0x0000001d56900000,0x0000001d56a00000) (1024K)]
  0x000001b99fe4ee90 JavaThread "QuantumRenderer-0"          daemon [_thread_blocked, id=5968, stack(0x0000001d56a00000,0x0000001d56b00000) (1024K)]
  0x000001b99f5bd560 JavaThread "InvokeLaterDispatcher"      daemon [_thread_blocked, id=10976, stack(0x0000001d57700000,0x0000001d57800000) (1024K)]
  0x000001b99f5bdbf0 JavaThread "JavaFX Application Thread"         [_thread_in_vm, id=12500, stack(0x0000001d57800000,0x0000001d57900000) (1024K)]
  0x000001b99f5be280 JavaThread "RMI TCP Accept-0"           daemon [_thread_in_native, id=3504, stack(0x0000001d58200000,0x0000001d58300000) (1024K)]
  0x000001b99f5bced0 JavaThread "RMI TCP Connection(1)-26.164.98.240" daemon [_thread_in_native, id=2260, stack(0x0000001d58400000,0x0000001d58500000) (1024K)]
  0x000001b99f5befa0 JavaThread "RMI Scheduler(0)"           daemon [_thread_blocked, id=10888, stack(0x0000001d58500000,0x0000001d58600000) (1024K)]
  0x000001b99f5bfcc0 JavaThread "JMX server connection timeout 48" daemon [_thread_blocked, id=16408, stack(0x0000001d58700000,0x0000001d58800000) (1024K)]
  0x000001b99f5bf630 JavaThread "JavaFX-Launcher"                   [_thread_blocked, id=6104, stack(0x0000001d58800000,0x0000001d58900000) (1024K)]
  0x000001b9a00b9260 JavaThread "Thread-2"                   daemon [_thread_in_native, id=18692, stack(0x0000001d58600000,0x0000001d58700000) (1024K)]
  0x000001b9a00b8bd0 JavaThread "Prism Font Disposer"        daemon [_thread_blocked, id=2724, stack(0x0000001d56200000,0x0000001d56300000) (1024K)]
  0x000001b9a17987a0 JavaThread "C2 CompilerThread1"         daemon [_thread_in_native, id=4536, stack(0x0000001d56500000,0x0000001d56600000) (1024K)]
  0x000001b9a176af70 JavaThread "C2 CompilerThread2"         daemon [_thread_blocked, id=1956, stack(0x0000001d58a00000,0x0000001d58b00000) (1024K)]
Total: 27

Other Threads:
  0x000001b95903c890 VMThread "VM Thread"                           [id=16096, stack(0x0000001d55700000,0x0000001d55800000) (1024K)]
  0x000001b95902af70 WatcherThread "VM Periodic Task Thread"        [id=8796, stack(0x0000001d55600000,0x0000001d55700000) (1024K)]
  0x000001b9398eb220 WorkerThread "GC Thread#0"                     [id=18000, stack(0x0000001d55100000,0x0000001d55200000) (1024K)]
  0x000001b9a0c43070 WorkerThread "GC Thread#1"                     [id=12440, stack(0x0000001d56b00000,0x0000001d56c00000) (1024K)]
  0x000001b9a0c41a50 WorkerThread "GC Thread#2"                     [id=7900, stack(0x0000001d56c00000,0x0000001d56d00000) (1024K)]
  0x000001b9a0c41e00 WorkerThread "GC Thread#3"                     [id=10484, stack(0x0000001d56d00000,0x0000001d56e00000) (1024K)]
  0x000001b9a0c421b0 WorkerThread "GC Thread#4"                     [id=2492, stack(0x0000001d56e00000,0x0000001d56f00000) (1024K)]
  0x000001b9a0c42cc0 WorkerThread "GC Thread#5"                     [id=3696, stack(0x0000001d56f00000,0x0000001d57000000) (1024K)]
  0x000001b9a0c42910 WorkerThread "GC Thread#6"                     [id=16108, stack(0x0000001d57000000,0x0000001d57100000) (1024K)]
  0x000001b9a0c42560 WorkerThread "GC Thread#7"                     [id=18040, stack(0x0000001d57100000,0x0000001d57200000) (1024K)]
  0x000001b99f0ac2c0 WorkerThread "GC Thread#8"                     [id=12268, stack(0x0000001d57200000,0x0000001d57300000) (1024K)]
  0x000001b99f0aa8f0 WorkerThread "GC Thread#9"                     [id=2924, stack(0x0000001d57300000,0x0000001d57400000) (1024K)]
  0x000001b99f0abb60 WorkerThread "GC Thread#10"                    [id=8676, stack(0x0000001d57400000,0x0000001d57500000) (1024K)]
  0x000001b99f0a9a30 WorkerThread "GC Thread#11"                    [id=1340, stack(0x0000001d56600000,0x0000001d56700000) (1024K)]
  0x000001b99f0ac670 WorkerThread "GC Thread#12"                    [id=10012, stack(0x0000001d56700000,0x0000001d56800000) (1024K)]
  0x000001b93993b010 ConcurrentGCThread "G1 Main Marker"            [id=9260, stack(0x0000001d55200000,0x0000001d55300000) (1024K)]
  0x000001b93993c2c0 WorkerThread "G1 Conc#0"                       [id=1752, stack(0x0000001d55300000,0x0000001d55400000) (1024K)]
  0x000001b958eebb80 ConcurrentGCThread "G1 Refine#0"               [id=6040, stack(0x0000001d55400000,0x0000001d55500000) (1024K)]
  0x000001b958eef720 ConcurrentGCThread "G1 Service"                [id=9952, stack(0x0000001d55500000,0x0000001d55600000) (1024K)]
Total: 19

Threads with active compile tasks:
C2 CompilerThread0  2263 2375       4       java.lang.invoke.MethodType::makeImpl (109 bytes)
C2 CompilerThread1  2263 2551       4       java.lang.invoke.MethodType::methodType (69 bytes)
Total: 2

VM state: not at safepoint (normal execution)

VM Mutex/Monitor currently owned by a thread:  ([mutex/lock_event])
[0x00007ff945ed2888] Metaspace_lock - owner thread: 0x000001b99f5bdbf0

Heap address: 0x0000000700e00000, size: 4082 MB, Compressed Oops mode: Zero based, Oop shift amount: 3

CDS archive(s) mapped at: [0x000001b95a000000-0x000001b95ad70000-0x000001b95ad70000), size 14090240, SharedBaseAddress: 0x000001b95a000000, ArchiveRelocationMode: 1.
Compressed class space mapped at: 0x000001b95b000000-0x000001b99b000000, reserved size: 1073741824
Narrow klass base: 0x000001b95a000000, Narrow klass shift: 0, Narrow klass range: 0x41000000

GC Precious Log:
 CardTable entry size: 512
 Card Set container configuration: InlinePtr #cards 4 size 8 Array Of Cards #cards 16 size 48 Howl #buckets 8 coarsen threshold 3686 Howl Bitmap #cards 512 size 80 coarsen threshold 460 Card regions per heap region 1 cards per card region 4096
 CPUs: 16 total, 16 available
 Memory: 16322M
 Large Page Support: Disabled
 NUMA Support: Disabled
 Compressed Oops: Enabled (Zero based)
 Heap Region Size: 2M
 Heap Min Capacity: 8M
 Heap Initial Capacity: 256M
 Heap Max Capacity: 4082M
 Pre-touch: Disabled
 Parallel Workers: 13
 Concurrent Workers: 3
 Concurrent Refinement Workers: 13
 Periodic GC: Disabled

Heap:
 garbage-first heap   total reserved 4179968K, committed 262144K, used 53590K [0x0000000700e00000, 0x0000000800000000)
  region size 2048K, 18 young (36864K), 2 survivors (4096K)
 Metaspace       used 19004K, committed 19392K, reserved 1114112K
  class space    used 2815K, committed 3008K, reserved 1048576K

Heap Regions: E=young(eden), S=young(survivor), O=old, HS=humongous(starts), HC=humongous(continues), CS=collection set, F=free, TAMS=top-at-mark-start, PB=parsable bottom
|   0|0x0000000700e00000, 0x0000000701000000, 0x0000000701000000|100%| O|  |TAMS 0x0000000700e00000| PB 0x0000000700e00000| Untracked |  0
|   1|0x0000000701000000, 0x00000007011e5c38, 0x0000000701200000| 94%| O|  |TAMS 0x0000000701000000| PB 0x0000000701000000| Untracked |  0
|   2|0x0000000701200000, 0x0000000701400000, 0x0000000701400000|100%|HS|  |TAMS 0x0000000701200000| PB 0x0000000701200000| Complete |  0
|   3|0x0000000701400000, 0x0000000701600000, 0x0000000701600000|100%|HC|  |TAMS 0x0000000701400000| PB 0x0000000701400000| Complete |  0
|   4|0x0000000701600000, 0x0000000701800000, 0x0000000701800000|100%|HC|  |TAMS 0x0000000701600000| PB 0x0000000701600000| Complete |  0
|   5|0x0000000701800000, 0x0000000701a00000, 0x0000000701a00000|100%|HC|  |TAMS 0x0000000701800000| PB 0x0000000701800000| Complete |  0
|   6|0x0000000701a00000, 0x0000000701c00000, 0x0000000701c00000|100%|HC|  |TAMS 0x0000000701a00000| PB 0x0000000701a00000| Complete |  0
|   7|0x0000000701c00000, 0x0000000701e00000, 0x0000000701e00000|100%|HC|  |TAMS 0x0000000701c00000| PB 0x0000000701c00000| Complete |  0
|   8|0x0000000701e00000, 0x0000000702000000, 0x0000000702000000|100%|HC|  |TAMS 0x0000000701e00000| PB 0x0000000701e00000| Complete |  0
|   9|0x0000000702000000, 0x0000000702200000, 0x0000000702200000|100%|HC|  |TAMS 0x0000000702000000| PB 0x0000000702000000| Complete |  0
|  10|0x0000000702200000, 0x0000000702400000, 0x0000000702400000|100%|HC|  |TAMS 0x0000000702200000| PB 0x0000000702200000| Complete |  0
|  11|0x0000000702400000, 0x0000000702400000, 0x0000000702600000|  0%| F|  |TAMS 0x0000000702400000| PB 0x0000000702400000| Untracked |  0
|  12|0x0000000702600000, 0x0000000702600000, 0x0000000702800000|  0%| F|  |TAMS 0x0000000702600000| PB 0x0000000702600000| Untracked |  0
|  13|0x0000000702800000, 0x0000000702800000, 0x0000000702a00000|  0%| F|  |TAMS 0x0000000702800000| PB 0x0000000702800000| Untracked |  0
|  14|0x0000000702a00000, 0x0000000702a00000, 0x0000000702c00000|  0%| F|  |TAMS 0x0000000702a00000| PB 0x0000000702a00000| Untracked |  0
|  15|0x0000000702c00000, 0x0000000702c00000, 0x0000000702e00000|  0%| F|  |TAMS 0x0000000702c00000| PB 0x0000000702c00000| Untracked |  0
|  16|0x0000000702e00000, 0x0000000702e00000, 0x0000000703000000|  0%| F|  |TAMS 0x0000000702e00000| PB 0x0000000702e00000| Untracked |  0
|  17|0x0000000703000000, 0x0000000703000000, 0x0000000703200000|  0%| F|  |TAMS 0x0000000703000000| PB 0x0000000703000000| Untracked |  0
|  18|0x0000000703200000, 0x0000000703200000, 0x0000000703400000|  0%| F|  |TAMS 0x0000000703200000| PB 0x0000000703200000| Untracked |  0
|  19|0x0000000703400000, 0x0000000703400000, 0x0000000703600000|  0%| F|  |TAMS 0x0000000703400000| PB 0x0000000703400000| Untracked |  0
|  20|0x0000000703600000, 0x0000000703600000, 0x0000000703800000|  0%| F|  |TAMS 0x0000000703600000| PB 0x0000000703600000| Untracked |  0
|  21|0x0000000703800000, 0x0000000703800000, 0x0000000703a00000|  0%| F|  |TAMS 0x0000000703800000| PB 0x0000000703800000| Untracked |  0
|  22|0x0000000703a00000, 0x0000000703a00000, 0x0000000703c00000|  0%| F|  |TAMS 0x0000000703a00000| PB 0x0000000703a00000| Untracked |  0
|  23|0x0000000703c00000, 0x0000000703c00000, 0x0000000703e00000|  0%| F|  |TAMS 0x0000000703c00000| PB 0x0000000703c00000| Untracked |  0
|  24|0x0000000703e00000, 0x0000000703e00000, 0x0000000704000000|  0%| F|  |TAMS 0x0000000703e00000| PB 0x0000000703e00000| Untracked |  0
|  25|0x0000000704000000, 0x0000000704000000, 0x0000000704200000|  0%| F|  |TAMS 0x0000000704000000| PB 0x0000000704000000| Untracked |  0
|  26|0x0000000704200000, 0x0000000704200000, 0x0000000704400000|  0%| F|  |TAMS 0x0000000704200000| PB 0x0000000704200000| Untracked |  0
|  27|0x0000000704400000, 0x0000000704400000, 0x0000000704600000|  0%| F|  |TAMS 0x0000000704400000| PB 0x0000000704400000| Untracked |  0
|  28|0x0000000704600000, 0x0000000704600000, 0x0000000704800000|  0%| F|  |TAMS 0x0000000704600000| PB 0x0000000704600000| Untracked |  0
|  29|0x0000000704800000, 0x0000000704800000, 0x0000000704a00000|  0%| F|  |TAMS 0x0000000704800000| PB 0x0000000704800000| Untracked |  0
|  30|0x0000000704a00000, 0x0000000704a00000, 0x0000000704c00000|  0%| F|  |TAMS 0x0000000704a00000| PB 0x0000000704a00000| Untracked |  0
|  31|0x0000000704c00000, 0x0000000704c00000, 0x0000000704e00000|  0%| F|  |TAMS 0x0000000704c00000| PB 0x0000000704c00000| Untracked |  0
|  32|0x0000000704e00000, 0x0000000704e00000, 0x0000000705000000|  0%| F|  |TAMS 0x0000000704e00000| PB 0x0000000704e00000| Untracked |  0
|  33|0x0000000705000000, 0x0000000705000000, 0x0000000705200000|  0%| F|  |TAMS 0x0000000705000000| PB 0x0000000705000000| Untracked |  0
|  34|0x0000000705200000, 0x0000000705200000, 0x0000000705400000|  0%| F|  |TAMS 0x0000000705200000| PB 0x0000000705200000| Untracked |  0
|  35|0x0000000705400000, 0x0000000705400000, 0x0000000705600000|  0%| F|  |TAMS 0x0000000705400000| PB 0x0000000705400000| Untracked |  0
|  36|0x0000000705600000, 0x0000000705600000, 0x0000000705800000|  0%| F|  |TAMS 0x0000000705600000| PB 0x0000000705600000| Untracked |  0
|  37|0x0000000705800000, 0x0000000705800000, 0x0000000705a00000|  0%| F|  |TAMS 0x0000000705800000| PB 0x0000000705800000| Untracked |  0
|  38|0x0000000705a00000, 0x0000000705a00000, 0x0000000705c00000|  0%| F|  |TAMS 0x0000000705a00000| PB 0x0000000705a00000| Untracked |  0
|  39|0x0000000705c00000, 0x0000000705c00000, 0x0000000705e00000|  0%| F|  |TAMS 0x0000000705c00000| PB 0x0000000705c00000| Untracked |  0
|  40|0x0000000705e00000, 0x0000000705e00000, 0x0000000706000000|  0%| F|  |TAMS 0x0000000705e00000| PB 0x0000000705e00000| Untracked |  0
|  41|0x0000000706000000, 0x0000000706000000, 0x0000000706200000|  0%| F|  |TAMS 0x0000000706000000| PB 0x0000000706000000| Untracked |  0
|  42|0x0000000706200000, 0x0000000706200000, 0x0000000706400000|  0%| F|  |TAMS 0x0000000706200000| PB 0x0000000706200000| Untracked |  0
|  43|0x0000000706400000, 0x0000000706400000, 0x0000000706600000|  0%| F|  |TAMS 0x0000000706400000| PB 0x0000000706400000| Untracked |  0
|  44|0x0000000706600000, 0x0000000706600000, 0x0000000706800000|  0%| F|  |TAMS 0x0000000706600000| PB 0x0000000706600000| Untracked |  0
|  45|0x0000000706800000, 0x0000000706800000, 0x0000000706a00000|  0%| F|  |TAMS 0x0000000706800000| PB 0x0000000706800000| Untracked |  0
|  46|0x0000000706a00000, 0x0000000706a00000, 0x0000000706c00000|  0%| F|  |TAMS 0x0000000706a00000| PB 0x0000000706a00000| Untracked |  0
|  47|0x0000000706c00000, 0x0000000706c00000, 0x0000000706e00000|  0%| F|  |TAMS 0x0000000706c00000| PB 0x0000000706c00000| Untracked |  0
|  48|0x0000000706e00000, 0x0000000706e00000, 0x0000000707000000|  0%| F|  |TAMS 0x0000000706e00000| PB 0x0000000706e00000| Untracked |  0
|  49|0x0000000707000000, 0x0000000707000000, 0x0000000707200000|  0%| F|  |TAMS 0x0000000707000000| PB 0x0000000707000000| Untracked |  0
|  50|0x0000000707200000, 0x0000000707200000, 0x0000000707400000|  0%| F|  |TAMS 0x0000000707200000| PB 0x0000000707200000| Untracked |  0
|  51|0x0000000707400000, 0x0000000707400000, 0x0000000707600000|  0%| F|  |TAMS 0x0000000707400000| PB 0x0000000707400000| Untracked |  0
|  52|0x0000000707600000, 0x0000000707600000, 0x0000000707800000|  0%| F|  |TAMS 0x0000000707600000| PB 0x0000000707600000| Untracked |  0
|  53|0x0000000707800000, 0x0000000707800000, 0x0000000707a00000|  0%| F|  |TAMS 0x0000000707800000| PB 0x0000000707800000| Untracked |  0
|  54|0x0000000707a00000, 0x0000000707a00000, 0x0000000707c00000|  0%| F|  |TAMS 0x0000000707a00000| PB 0x0000000707a00000| Untracked |  0
|  55|0x0000000707c00000, 0x0000000707c00000, 0x0000000707e00000|  0%| F|  |TAMS 0x0000000707c00000| PB 0x0000000707c00000| Untracked |  0
|  56|0x0000000707e00000, 0x0000000707e00000, 0x0000000708000000|  0%| F|  |TAMS 0x0000000707e00000| PB 0x0000000707e00000| Untracked |  0
|  57|0x0000000708000000, 0x0000000708000000, 0x0000000708200000|  0%| F|  |TAMS 0x0000000708000000| PB 0x0000000708000000| Untracked |  0
|  58|0x0000000708200000, 0x0000000708200000, 0x0000000708400000|  0%| F|  |TAMS 0x0000000708200000| PB 0x0000000708200000| Untracked |  0
|  59|0x0000000708400000, 0x0000000708400000, 0x0000000708600000|  0%| F|  |TAMS 0x0000000708400000| PB 0x0000000708400000| Untracked |  0
|  60|0x0000000708600000, 0x0000000708600000, 0x0000000708800000|  0%| F|  |TAMS 0x0000000708600000| PB 0x0000000708600000| Untracked |  0
|  61|0x0000000708800000, 0x0000000708800000, 0x0000000708a00000|  0%| F|  |TAMS 0x0000000708800000| PB 0x0000000708800000| Untracked |  0
|  62|0x0000000708a00000, 0x0000000708a00000, 0x0000000708c00000|  0%| F|  |TAMS 0x0000000708a00000| PB 0x0000000708a00000| Untracked |  0
|  63|0x0000000708c00000, 0x0000000708c00000, 0x0000000708e00000|  0%| F|  |TAMS 0x0000000708c00000| PB 0x0000000708c00000| Untracked |  0
|  64|0x0000000708e00000, 0x0000000708e00000, 0x0000000709000000|  0%| F|  |TAMS 0x0000000708e00000| PB 0x0000000708e00000| Untracked |  0
|  65|0x0000000709000000, 0x0000000709000000, 0x0000000709200000|  0%| F|  |TAMS 0x0000000709000000| PB 0x0000000709000000| Untracked |  0
|  66|0x0000000709200000, 0x0000000709200000, 0x0000000709400000|  0%| F|  |TAMS 0x0000000709200000| PB 0x0000000709200000| Untracked |  0
|  67|0x0000000709400000, 0x0000000709400000, 0x0000000709600000|  0%| F|  |TAMS 0x0000000709400000| PB 0x0000000709400000| Untracked |  0
|  68|0x0000000709600000, 0x0000000709600000, 0x0000000709800000|  0%| F|  |TAMS 0x0000000709600000| PB 0x0000000709600000| Untracked |  0
|  69|0x0000000709800000, 0x0000000709800000, 0x0000000709a00000|  0%| F|  |TAMS 0x0000000709800000| PB 0x0000000709800000| Untracked |  0
|  70|0x0000000709a00000, 0x0000000709a00000, 0x0000000709c00000|  0%| F|  |TAMS 0x0000000709a00000| PB 0x0000000709a00000| Untracked |  0
|  71|0x0000000709c00000, 0x0000000709c00000, 0x0000000709e00000|  0%| F|  |TAMS 0x0000000709c00000| PB 0x0000000709c00000| Untracked |  0
|  72|0x0000000709e00000, 0x0000000709e00000, 0x000000070a000000|  0%| F|  |TAMS 0x0000000709e00000| PB 0x0000000709e00000| Untracked |  0
|  73|0x000000070a000000, 0x000000070a000000, 0x000000070a200000|  0%| F|  |TAMS 0x000000070a000000| PB 0x000000070a000000| Untracked |  0
|  74|0x000000070a200000, 0x000000070a200000, 0x000000070a400000|  0%| F|  |TAMS 0x000000070a200000| PB 0x000000070a200000| Untracked |  0
|  75|0x000000070a400000, 0x000000070a400000, 0x000000070a600000|  0%| F|  |TAMS 0x000000070a400000| PB 0x000000070a400000| Untracked |  0
|  76|0x000000070a600000, 0x000000070a600000, 0x000000070a800000|  0%| F|  |TAMS 0x000000070a600000| PB 0x000000070a600000| Untracked |  0
|  77|0x000000070a800000, 0x000000070a800000, 0x000000070aa00000|  0%| F|  |TAMS 0x000000070a800000| PB 0x000000070a800000| Untracked |  0
|  78|0x000000070aa00000, 0x000000070aa00000, 0x000000070ac00000|  0%| F|  |TAMS 0x000000070aa00000| PB 0x000000070aa00000| Untracked |  0
|  79|0x000000070ac00000, 0x000000070ac00000, 0x000000070ae00000|  0%| F|  |TAMS 0x000000070ac00000| PB 0x000000070ac00000| Untracked |  0
|  80|0x000000070ae00000, 0x000000070ae00000, 0x000000070b000000|  0%| F|  |TAMS 0x000000070ae00000| PB 0x000000070ae00000| Untracked |  0
|  81|0x000000070b000000, 0x000000070b000000, 0x000000070b200000|  0%| F|  |TAMS 0x000000070b000000| PB 0x000000070b000000| Untracked |  0
|  82|0x000000070b200000, 0x000000070b200000, 0x000000070b400000|  0%| F|  |TAMS 0x000000070b200000| PB 0x000000070b200000| Untracked |  0
|  83|0x000000070b400000, 0x000000070b400000, 0x000000070b600000|  0%| F|  |TAMS 0x000000070b400000| PB 0x000000070b400000| Untracked |  0
|  84|0x000000070b600000, 0x000000070b600000, 0x000000070b800000|  0%| F|  |TAMS 0x000000070b600000| PB 0x000000070b600000| Untracked |  0
|  85|0x000000070b800000, 0x000000070b800000, 0x000000070ba00000|  0%| F|  |TAMS 0x000000070b800000| PB 0x000000070b800000| Untracked |  0
|  86|0x000000070ba00000, 0x000000070ba00000, 0x000000070bc00000|  0%| F|  |TAMS 0x000000070ba00000| PB 0x000000070ba00000| Untracked |  0
|  87|0x000000070bc00000, 0x000000070bc00000, 0x000000070be00000|  0%| F|  |TAMS 0x000000070bc00000| PB 0x000000070bc00000| Untracked |  0
|  88|0x000000070be00000, 0x000000070be00000, 0x000000070c000000|  0%| F|  |TAMS 0x000000070be00000| PB 0x000000070be00000| Untracked |  0
|  89|0x000000070c000000, 0x000000070c000000, 0x000000070c200000|  0%| F|  |TAMS 0x000000070c000000| PB 0x000000070c000000| Untracked |  0
|  90|0x000000070c200000, 0x000000070c200000, 0x000000070c400000|  0%| F|  |TAMS 0x000000070c200000| PB 0x000000070c200000| Untracked |  0
|  91|0x000000070c400000, 0x000000070c400000, 0x000000070c600000|  0%| F|  |TAMS 0x000000070c400000| PB 0x000000070c400000| Untracked |  0
|  92|0x000000070c600000, 0x000000070c600000, 0x000000070c800000|  0%| F|  |TAMS 0x000000070c600000| PB 0x000000070c600000| Untracked |  0
|  93|0x000000070c800000, 0x000000070c800000, 0x000000070ca00000|  0%| F|  |TAMS 0x000000070c800000| PB 0x000000070c800000| Untracked |  0
|  94|0x000000070ca00000, 0x000000070ca00000, 0x000000070cc00000|  0%| F|  |TAMS 0x000000070ca00000| PB 0x000000070ca00000| Untracked |  0
|  95|0x000000070cc00000, 0x000000070cc00000, 0x000000070ce00000|  0%| F|  |TAMS 0x000000070cc00000| PB 0x000000070cc00000| Untracked |  0
|  96|0x000000070ce00000, 0x000000070ce00000, 0x000000070d000000|  0%| F|  |TAMS 0x000000070ce00000| PB 0x000000070ce00000| Untracked |  0
|  97|0x000000070d000000, 0x000000070d000000, 0x000000070d200000|  0%| F|  |TAMS 0x000000070d000000| PB 0x000000070d000000| Untracked |  0
|  98|0x000000070d200000, 0x000000070d200000, 0x000000070d400000|  0%| F|  |TAMS 0x000000070d200000| PB 0x000000070d200000| Untracked |  0
|  99|0x000000070d400000, 0x000000070d400000, 0x000000070d600000|  0%| F|  |TAMS 0x000000070d400000| PB 0x000000070d400000| Untracked |  0
| 100|0x000000070d600000, 0x000000070d600000, 0x000000070d800000|  0%| F|  |TAMS 0x000000070d600000| PB 0x000000070d600000| Untracked |  0
| 101|0x000000070d800000, 0x000000070d800000, 0x000000070da00000|  0%| F|  |TAMS 0x000000070d800000| PB 0x000000070d800000| Untracked |  0
| 102|0x000000070da00000, 0x000000070da00000, 0x000000070dc00000|  0%| F|  |TAMS 0x000000070da00000| PB 0x000000070da00000| Untracked |  0
| 103|0x000000070dc00000, 0x000000070dc00000, 0x000000070de00000|  0%| F|  |TAMS 0x000000070dc00000| PB 0x000000070dc00000| Untracked |  0
| 104|0x000000070de00000, 0x000000070de00000, 0x000000070e000000|  0%| F|  |TAMS 0x000000070de00000| PB 0x000000070de00000| Untracked |  0
| 105|0x000000070e000000, 0x000000070e000000, 0x000000070e200000|  0%| F|  |TAMS 0x000000070e000000| PB 0x000000070e000000| Untracked |  0
| 106|0x000000070e200000, 0x000000070e200000, 0x000000070e400000|  0%| F|  |TAMS 0x000000070e200000| PB 0x000000070e200000| Untracked |  0
| 107|0x000000070e400000, 0x000000070e400000, 0x000000070e600000|  0%| F|  |TAMS 0x000000070e400000| PB 0x000000070e400000| Untracked |  0
| 108|0x000000070e600000, 0x000000070e600000, 0x000000070e800000|  0%| F|  |TAMS 0x000000070e600000| PB 0x000000070e600000| Untracked |  0
| 109|0x000000070e800000, 0x000000070e800000, 0x000000070ea00000|  0%| F|  |TAMS 0x000000070e800000| PB 0x000000070e800000| Untracked |  0
| 110|0x000000070ea00000, 0x000000070ea87420, 0x000000070ec00000| 26%| E|  |TAMS 0x000000070ea00000| PB 0x000000070ea00000| Complete |  0
| 111|0x000000070ec00000, 0x000000070ee00000, 0x000000070ee00000|100%| E|CS|TAMS 0x000000070ec00000| PB 0x000000070ec00000| Complete |  0
| 112|0x000000070ee00000, 0x000000070f000000, 0x000000070f000000|100%| E|CS|TAMS 0x000000070ee00000| PB 0x000000070ee00000| Complete |  0
| 113|0x000000070f000000, 0x000000070f06fef0, 0x000000070f200000| 21%| S|CS|TAMS 0x000000070f000000| PB 0x000000070f000000| Complete |  0
| 114|0x000000070f200000, 0x000000070f400000, 0x000000070f400000|100%| E|CS|TAMS 0x000000070f200000| PB 0x000000070f200000| Complete |  0
| 115|0x000000070f400000, 0x000000070f600000, 0x000000070f600000|100%| E|CS|TAMS 0x000000070f400000| PB 0x000000070f400000| Complete |  0
| 116|0x000000070f600000, 0x000000070f800000, 0x000000070f800000|100%| S|CS|TAMS 0x000000070f600000| PB 0x000000070f600000| Complete |  0
| 117|0x000000070f800000, 0x000000070fa00000, 0x000000070fa00000|100%| E|CS|TAMS 0x000000070f800000| PB 0x000000070f800000| Complete |  0
| 118|0x000000070fa00000, 0x000000070fc00000, 0x000000070fc00000|100%| E|CS|TAMS 0x000000070fa00000| PB 0x000000070fa00000| Complete |  0
| 119|0x000000070fc00000, 0x000000070fe00000, 0x000000070fe00000|100%| E|CS|TAMS 0x000000070fc00000| PB 0x000000070fc00000| Complete |  0
| 120|0x000000070fe00000, 0x0000000710000000, 0x0000000710000000|100%| E|CS|TAMS 0x000000070fe00000| PB 0x000000070fe00000| Complete |  0
| 121|0x0000000710000000, 0x0000000710200000, 0x0000000710200000|100%| E|CS|TAMS 0x0000000710000000| PB 0x0000000710000000| Complete |  0
| 122|0x0000000710200000, 0x0000000710400000, 0x0000000710400000|100%| E|CS|TAMS 0x0000000710200000| PB 0x0000000710200000| Complete |  0
| 123|0x0000000710400000, 0x0000000710600000, 0x0000000710600000|100%| E|  |TAMS 0x0000000710400000| PB 0x0000000710400000| Complete |  0
| 124|0x0000000710600000, 0x0000000710800000, 0x0000000710800000|100%| E|CS|TAMS 0x0000000710600000| PB 0x0000000710600000| Complete |  0
| 125|0x0000000710800000, 0x0000000710a00000, 0x0000000710a00000|100%| E|CS|TAMS 0x0000000710800000| PB 0x0000000710800000| Complete |  0
| 126|0x0000000710a00000, 0x0000000710c00000, 0x0000000710c00000|100%| E|CS|TAMS 0x0000000710a00000| PB 0x0000000710a00000| Complete |  0
| 127|0x0000000710c00000, 0x0000000710e00000, 0x0000000710e00000|100%| E|CS|TAMS 0x0000000710c00000| PB 0x0000000710c00000| Complete |  0

Card table byte_map: [0x000001b952170000,0x000001b952970000] _byte_map_base: 0x000001b94e969000

Marking Bits: (CMBitMap*) 0x000001b9398eb930
 Bits: [0x000001b952970000, 0x000001b956938000)

Polling page: 0x000001b9376e0000

Metaspace:

Usage:
  Non-class:     15.81 MB used.
      Class:      2.75 MB used.
       Both:     18.56 MB used.

Virtual space:
  Non-class space:       64.00 MB reserved,      16.00 MB ( 25%) committed,  1 nodes.
      Class space:        1.00 GB reserved,       2.94 MB ( <1%) committed,  1 nodes.
             Both:        1.06 GB reserved,      18.94 MB (  2%) committed. 

Chunk freelists:
   Non-Class:  15.42 MB
       Class:  13.11 MB
        Both:  28.53 MB

MaxMetaspaceSize: unlimited
CompressedClassSpaceSize: 1.00 GB
Initial GC threshold: 21.00 MB
Current GC threshold: 21.00 MB
CDS: on
 - commit_granule_bytes: 65536.
 - commit_granule_words: 8192.
 - virtual_space_node_default_size: 8388608.
 - enlarge_chunks_in_place: 1.
 - use_allocation_guard: 0.


Internal statistics:

num_allocs_failed_limit: 0.
num_arena_births: 416.
num_arena_deaths: 0.
num_vsnodes_births: 2.
num_vsnodes_deaths: 0.
num_space_committed: 303.
num_space_uncommitted: 0.
num_chunks_returned_to_freelist: 0.
num_chunks_taken_from_freelist: 915.
num_chunk_merges: 0.
num_chunk_splits: 590.
num_chunks_enlarged: 382.
num_inconsistent_stats: 0.

CodeHeap 'non-profiled nmethods': size=119232Kb used=840Kb max_used=840Kb free=118391Kb
 bounds [0x000001b949b60000, 0x000001b949dd0000, 0x000001b950fd0000]
CodeHeap 'profiled nmethods': size=119104Kb used=3518Kb max_used=3518Kb free=115585Kb
 bounds [0x000001b941fd0000, 0x000001b942340000, 0x000001b949420000]
CodeHeap 'non-nmethods': size=7424Kb used=3451Kb max_used=3468Kb free=3972Kb
 bounds [0x000001b949420000, 0x000001b949790000, 0x000001b949b60000]
CodeCache: size=245760Kb, used=7809Kb, max_used=7826Kb, free=237948Kb
 total_blobs=3388, nmethods=2580, adapters=709, full_count=0
Compilation: enabled, stopped_count=0, restarted_count=0

Compilation events (20 events):
Event: 2.033 Thread 0x000001b9a17987a0 nmethod 2477 0x000001b949c27e08 code [0x000001b949c27f00, 0x000001b949c28028]
Event: 2.036 Thread 0x000001b9a17987a0 2478   !   4       java.util.concurrent.ConcurrentHashMap::transfer (849 bytes)
Event: 2.037 Thread 0x000001b959c12f10 2479       1       java.lang.invoke.DirectMethodHandle$Special::isInvokeSpecial (2 bytes)
Event: 2.037 Thread 0x000001b959c12f10 nmethod 2479 0x000001b949c28108 code [0x000001b949c28220, 0x000001b949c282e8]
Event: 2.040 Thread 0x000001b959c80260 2481       1       javafx.css.Declaration::getRule (5 bytes)
Event: 2.040 Thread 0x000001b959a14840 2482       1       javafx.css.Stylesheet::getOrigin (5 bytes)
Event: 2.040 Thread 0x000001b959c12f10 2483       1       com.sun.javafx.css.ParsedValueImpl::isLookup (5 bytes)
Event: 2.040 Thread 0x000001b959b36710 2484       3       java.util.ArrayList$SubList::checkForComodification (23 bytes)
Event: 2.040 Thread 0x000001b959c80260 nmethod 2481 0x000001b949c28408 code [0x000001b949c28520, 0x000001b949c285f0]
Event: 2.040 Thread 0x000001b959a14840 nmethod 2482 0x000001b949c28708 code [0x000001b949c28820, 0x000001b949c288f0]
Event: 2.040 Thread 0x000001b959c12f10 nmethod 2483 0x000001b949c28a08 code [0x000001b949c28b20, 0x000001b949c28bf0]
Event: 2.040 Thread 0x000001b959c12f10 2485       1       javafx.css.Declaration::getParsedValue (5 bytes)
Event: 2.040 Thread 0x000001b959c80260 2486       1       com.sun.javafx.css.ParsedValueImpl::isContainsLookups (5 bytes)
Event: 2.040 Thread 0x000001b959b36710 nmethod 2484 0x000001b94231b008 code [0x000001b94231b140, 0x000001b94231b368]
Event: 2.040 Thread 0x000001b959c12f10 nmethod 2485 0x000001b949c28d08 code [0x000001b949c28e20, 0x000001b949c28ef0]
Event: 2.040 Thread 0x000001b959c80260 nmethod 2486 0x000001b949c29008 code [0x000001b949c29120, 0x000001b949c291f0]
Event: 2.042 Thread 0x000001b959c80260 2487       1       com.sun.javafx.css.CalculatedValue::getValue (5 bytes)
Event: 2.042 Thread 0x000001b959c80260 nmethod 2487 0x000001b949c29308 code [0x000001b949c29420, 0x000001b949c294f0]
Event: 2.047 Thread 0x000001b959c80260 2488       3       com.sun.javafx.font.FontFileReader$Buffer::getChar (52 bytes)
Event: 2.047 Thread 0x000001b959c80260 nmethod 2488 0x000001b94231b388 code [0x000001b94231b4a0, 0x000001b94231b630]

GC Heap History (4 events):
Event: 0.679 GC heap before
{Heap before GC invocations=0 (full 0):
 garbage-first heap   total reserved 4179968K, committed 262144K, used 24576K [0x0000000700e00000, 0x0000000800000000)
  region size 2048K, 12 young (24576K), 0 survivors (0K)
 Metaspace       used 6270K, committed 6528K, reserved 1114112K
  class space    used 710K, committed 832K, reserved 1048576K
}
Event: 0.690 GC heap after
{Heap after GC invocations=1 (full 0):
 garbage-first heap   total reserved 4179968K, committed 262144K, used 4321K [0x0000000700e00000, 0x0000000800000000)
  region size 2048K, 2 young (4096K), 2 survivors (4096K)
 Metaspace       used 6270K, committed 6528K, reserved 1114112K
  class space    used 710K, committed 832K, reserved 1048576K
}
Event: 1.132 GC heap before
{Heap before GC invocations=1 (full 0):
 garbage-first heap   total reserved 4179968K, committed 262144K, used 24801K [0x0000000700e00000, 0x0000000800000000)
  region size 2048K, 13 young (26624K), 2 survivors (4096K)
 Metaspace       used 13602K, committed 14016K, reserved 1114112K
  class space    used 1684K, committed 1856K, reserved 1048576K
}
Event: 1.140 GC heap after
{Heap after GC invocations=2 (full 0):
 garbage-first heap   total reserved 4179968K, committed 262144K, used 6486K [0x0000000700e00000, 0x0000000800000000)
  region size 2048K, 2 young (4096K), 2 survivors (4096K)
 Metaspace       used 13602K, committed 14016K, reserved 1114112K
  class space    used 1684K, committed 1856K, reserved 1048576K
}

Dll operation events (20 events):
Event: 0.526 Loaded shared library C:\Users\Pollar LeBlanc\.openjfx\cache\17.0.6\api-ms-win-crt-heap-l1-1-0.dll
Event: 0.529 Loaded shared library C:\Users\Pollar LeBlanc\.openjfx\cache\17.0.6\api-ms-win-crt-locale-l1-1-0.dll
Event: 0.533 Loaded shared library C:\Users\Pollar LeBlanc\.openjfx\cache\17.0.6\api-ms-win-crt-math-l1-1-0.dll
Event: 0.536 Loaded shared library C:\Users\Pollar LeBlanc\.openjfx\cache\17.0.6\api-ms-win-crt-multibyte-l1-1-0.dll
Event: 0.540 Loaded shared library C:\Users\Pollar LeBlanc\.openjfx\cache\17.0.6\api-ms-win-crt-private-l1-1-0.dll
Event: 0.545 Loaded shared library C:\Users\Pollar LeBlanc\.openjfx\cache\17.0.6\api-ms-win-crt-process-l1-1-0.dll
Event: 0.549 Loaded shared library C:\Users\Pollar LeBlanc\.openjfx\cache\17.0.6\api-ms-win-crt-runtime-l1-1-0.dll
Event: 0.552 Loaded shared library C:\Users\Pollar LeBlanc\.openjfx\cache\17.0.6\api-ms-win-crt-stdio-l1-1-0.dll
Event: 0.556 Loaded shared library C:\Users\Pollar LeBlanc\.openjfx\cache\17.0.6\api-ms-win-crt-string-l1-1-0.dll
Event: 0.560 Loaded shared library C:\Users\Pollar LeBlanc\.openjfx\cache\17.0.6\api-ms-win-crt-time-l1-1-0.dll
Event: 0.564 Loaded shared library C:\Users\Pollar LeBlanc\.openjfx\cache\17.0.6\api-ms-win-crt-utility-l1-1-0.dll
Event: 0.583 Loaded shared library C:\Users\Pollar LeBlanc\.openjfx\cache\17.0.6\ucrtbase.dll
Event: 0.588 Loaded shared library C:\Users\Pollar LeBlanc\.openjfx\cache\17.0.6\vcruntime140.dll
Event: 0.592 Loaded shared library C:\Users\Pollar LeBlanc\.openjfx\cache\17.0.6\vcruntime140_1.dll
Event: 0.602 Loaded shared library C:\Users\Pollar LeBlanc\.openjfx\cache\17.0.6\msvcp140.dll
Event: 0.606 Loaded shared library C:\Users\Pollar LeBlanc\.openjfx\cache\17.0.6\msvcp140_1.dll
Event: 0.613 Loaded shared library C:\Users\Pollar LeBlanc\.openjfx\cache\17.0.6\msvcp140_2.dll
Event: 0.666 Loaded shared library C:\Users\Pollar LeBlanc\.openjfx\cache\17.0.6\prism_d3d.dll
Event: 0.736 Loaded shared library C:\Users\Pollar LeBlanc\.openjfx\cache\17.0.6\glass.dll
Event: 1.110 Loaded shared library C:\Users\Pollar LeBlanc\.openjfx\cache\17.0.6\javafx_font.dll

Deoptimization events (20 events):
Event: 1.878 Thread 0x000001b99f5bdbf0 Uncommon trap: trap_request=0xffffff45 fr.pc=0x000001b949c19d50 relative=0x0000000000000470
Event: 1.878 Thread 0x000001b99f5bdbf0 Uncommon trap: reason=unstable_if action=reinterpret pc=0x000001b949c19d50 method=java.io.BufferedInputStream.fill()V @ 190 c2
Event: 1.878 Thread 0x000001b99f5bdbf0 DEOPT PACKING pc=0x000001b949c19d50 sp=0x0000001d578fd810
Event: 1.878 Thread 0x000001b99f5bdbf0 DEOPT UNPACKING pc=0x000001b949474402 sp=0x0000001d578fd7e0 mode 2
Event: 1.882 Thread 0x000001b99f5bdbf0 Uncommon trap: trap_request=0xffffffde fr.pc=0x000001b949b6de0c relative=0x000000000000018c
Event: 1.882 Thread 0x000001b99f5bdbf0 Uncommon trap: reason=class_check action=maybe_recompile pc=0x000001b949b6de0c method=java.lang.String.equals(Ljava/lang/Object;)Z @ 8 c2
Event: 1.882 Thread 0x000001b99f5bdbf0 DEOPT PACKING pc=0x000001b949b6de0c sp=0x0000001d578fdcb0
Event: 1.882 Thread 0x000001b99f5bdbf0 DEOPT UNPACKING pc=0x000001b949474402 sp=0x0000001d578fdc48 mode 2
Event: 1.882 Thread 0x000001b99f5bdbf0 Uncommon trap: trap_request=0xffffffde fr.pc=0x000001b949b6de0c relative=0x000000000000018c
Event: 1.882 Thread 0x000001b99f5bdbf0 Uncommon trap: reason=class_check action=maybe_recompile pc=0x000001b949b6de0c method=java.lang.String.equals(Ljava/lang/Object;)Z @ 8 c2
Event: 1.882 Thread 0x000001b99f5bdbf0 DEOPT PACKING pc=0x000001b949b6de0c sp=0x0000001d578fdbc0
Event: 1.882 Thread 0x000001b99f5bdbf0 DEOPT UNPACKING pc=0x000001b949474402 sp=0x0000001d578fdb58 mode 2
Event: 1.882 Thread 0x000001b99f5bdbf0 Uncommon trap: trap_request=0xffffffde fr.pc=0x000001b949b6de0c relative=0x000000000000018c
Event: 1.882 Thread 0x000001b99f5bdbf0 Uncommon trap: reason=class_check action=maybe_recompile pc=0x000001b949b6de0c method=java.lang.String.equals(Ljava/lang/Object;)Z @ 8 c2
Event: 1.882 Thread 0x000001b99f5bdbf0 DEOPT PACKING pc=0x000001b949b6de0c sp=0x0000001d578fdbc0
Event: 1.882 Thread 0x000001b99f5bdbf0 DEOPT UNPACKING pc=0x000001b949474402 sp=0x0000001d578fdb58 mode 2
Event: 1.883 Thread 0x000001b99f5bdbf0 Uncommon trap: trap_request=0xffffffde fr.pc=0x000001b949b6de0c relative=0x000000000000018c
Event: 1.883 Thread 0x000001b99f5bdbf0 Uncommon trap: reason=class_check action=maybe_recompile pc=0x000001b949b6de0c method=java.lang.String.equals(Ljava/lang/Object;)Z @ 8 c2
Event: 1.883 Thread 0x000001b99f5bdbf0 DEOPT PACKING pc=0x000001b949b6de0c sp=0x0000001d578fd8b0
Event: 1.883 Thread 0x000001b99f5bdbf0 DEOPT UNPACKING pc=0x000001b949474402 sp=0x0000001d578fd848 mode 2

Classes loaded (20 events):
Event: 1.365 Loading class java/io/SequenceInputStream
Event: 1.365 Loading class java/io/SequenceInputStream done
Event: 1.424 Loading class javax/management/openmbean/CompositeDataSupport
Event: 1.425 Loading class javax/management/openmbean/CompositeDataSupport done
Event: 1.425 Loading class javax/management/openmbean/OpenDataException
Event: 1.425 Loading class javax/management/openmbean/OpenDataException done
Event: 1.428 Loading class java/io/ObjectStreamException
Event: 1.428 Loading class java/io/ObjectStreamException done
Event: 1.696 Loading class java/nio/FloatBuffer
Event: 1.697 Loading class java/nio/FloatBuffer done
Event: 1.777 Loading class java/util/ConcurrentModificationException
Event: 1.777 Loading class java/util/ConcurrentModificationException done
Event: 1.859 Loading class java/io/CharArrayReader
Event: 1.859 Loading class java/io/CharArrayReader done
Event: 2.043 Loading class java/lang/ArrayIndexOutOfBoundsException
Event: 2.043 Loading class java/lang/ArrayIndexOutOfBoundsException done
Event: 2.044 Loading class java/lang/FdLibm$Hypot
Event: 2.044 Loading class java/lang/FdLibm$Hypot done
Event: 2.044 Loading class java/lang/FdLibm
Event: 2.044 Loading class java/lang/FdLibm done

Classes unloaded (0 events):
No events

Classes redefined (0 events):
No events

Internal exceptions (20 events):
Event: 1.016 Thread 0x000001b99f5bdbf0 Exception <a 'java/lang/NoSuchMethodError'{0x000000070ffff918}: 'java.lang.Object java.lang.invoke.DirectMethodHandle$Holder.invokeStaticInit(java.lang.Object, java.lang.Object, java.lang.Object, java.lang.Object)'> (0x000000070ffff918) 
thrown [s\open\src\hotspot\share\interpreter\linkResolver.cpp, line 796]
Event: 1.017 Thread 0x000001b99f5bdbf0 Exception <a 'java/lang/NullPointerException'{0x000000070fc146b0}> (0x000000070fc146b0) 
thrown [s\open\src\hotspot\share\interpreter\linkResolver.cpp, line 1389]
Event: 1.033 Thread 0x000001b99f5bdbf0 Exception <a 'java/lang/ClassNotFoundException'{0x000000070fcb3e08}: sun/util/logging/resources/spi/loggingProvider> (0x000000070fcb3e08) 
thrown [s\open\src\hotspot\share\classfile\systemDictionary.cpp, line 313]
Event: 1.080 Thread 0x000001b99f5bdbf0 Exception <a 'java/lang/ClassNotFoundException'{0x000000070fb300d8}: com/sun/glass/ui/win/themes> (0x000000070fb300d8) 
thrown [s\open\src\hotspot\share\prims\jni.cpp, line 539]
Event: 1.081 Thread 0x000001b99f5bdbf0 Exception <a 'java/lang/ClassNotFoundException'{0x000000070fb38158}: com/sun/glass/ui/win/themes_en> (0x000000070fb38158) 
thrown [s\open\src\hotspot\share\prims\jni.cpp, line 539]
Event: 1.081 Thread 0x000001b99f5bdbf0 Exception <a 'java/lang/ClassNotFoundException'{0x000000070fb403b8}: com/sun/glass/ui/win/themes_en_CA> (0x000000070fb403b8) 
thrown [s\open\src\hotspot\share\prims\jni.cpp, line 539]
Event: 1.266 Thread 0x000001b99f5bdbf0 Exception <a 'java/lang/NoSuchMethodError'{0x00000007109abfd8}: 'void java.lang.invoke.DirectMethodHandle$Holder.invokeSpecial(java.lang.Object, java.lang.Object, double)'> (0x00000007109abfd8) 
thrown [s\open\src\hotspot\share\interpreter\linkResolver.cpp, line 796]
Event: 1.267 Thread 0x000001b99f5bdbf0 Exception <a 'java/lang/NoSuchMethodError'{0x00000007109b6ae8}: 'double java.lang.invoke.DelegatingMethodHandle$Holder.reinvoke_L(java.lang.Object, java.lang.Object, int)'> (0x00000007109b6ae8) 
thrown [s\open\src\hotspot\share\interpreter\linkResolver.cpp, line 796]
Event: 1.269 Thread 0x000001b99f5bdbf0 Exception <a 'java/lang/NoSuchMethodError'{0x00000007109c8448}: 'java.lang.Object java.lang.invoke.DirectMethodHandle$Holder.invokeStatic(java.lang.Object, java.lang.Object, java.lang.Object, java.lang.Object, int)'> (0x00000007109c8448) 
thrown [s\open\src\hotspot\share\interpreter\linkResolver.cpp, line 796]
Event: 1.270 Thread 0x000001b99f5bdbf0 Exception <a 'java/lang/NoSuchMethodError'{0x00000007109d3660}: 'void java.lang.invoke.DelegatingMethodHandle$Holder.reinvoke_L(java.lang.Object, java.lang.Object, double)'> (0x00000007109d3660) 
thrown [s\open\src\hotspot\share\interpreter\linkResolver.cpp, line 796]
Event: 1.272 Thread 0x000001b99f5bdbf0 Exception <a 'java/lang/NoSuchMethodError'{0x00000007109e1a90}: 'void java.lang.invoke.DirectMethodHandle$Holder.invokeSpecial(java.lang.Object, java.lang.Object, int)'> (0x00000007109e1a90) 
thrown [s\open\src\hotspot\share\interpreter\linkResolver.cpp, line 796]
Event: 1.273 Thread 0x000001b99f5bdbf0 Exception <a 'java/lang/NoSuchMethodError'{0x00000007109e8ce0}: 'void java.lang.invoke.DelegatingMethodHandle$Holder.reinvoke_L(java.lang.Object, java.lang.Object, int)'> (0x00000007109e8ce0) 
thrown [s\open\src\hotspot\share\interpreter\linkResolver.cpp, line 796]
Event: 1.423 Thread 0x000001b99f5bced0 Exception <a 'java/lang/NoSuchMethodError'{0x0000000710053178}: 'long java.lang.invoke.DirectMethodHandle$Holder.invokeVirtual(java.lang.Object, java.lang.Object)'> (0x0000000710053178) 
thrown [s\open\src\hotspot\share\interpreter\linkResolver.cpp, line 796]
Event: 1.423 Thread 0x000001b99f5bced0 Exception <a 'java/lang/NoSuchMethodError'{0x0000000710056770}: 'long java.lang.invoke.DelegatingMethodHandle$Holder.reinvoke_L(java.lang.Object, java.lang.Object)'> (0x0000000710056770) 
thrown [s\open\src\hotspot\share\interpreter\linkResolver.cpp, line 796]
Event: 1.857 Thread 0x000001b99f5bdbf0 Exception <a 'java/io/FileNotFoundException'{0x000000070ffcc1b8}> (0x000000070ffcc1b8) 
thrown [s\open\src\hotspot\share\prims\jni.cpp, line 520]
Event: 1.904 Thread 0x000001b99f5bdbf0 Exception <a 'java/lang/IncompatibleClassChangeError'{0x000000070fab2fb0}: Found class java.lang.Object, but interface was expected> (0x000000070fab2fb0) 
thrown [s\open\src\hotspot\share\interpreter\linkResolver.cpp, line 863]
Event: 1.962 Thread 0x000001b99f5bdbf0 Exception <a 'java/lang/ClassNotFoundException'{0x000000070f9dac38}: com/sun/javafx/scene/control/skin/resources/controls> (0x000000070f9dac38) 
thrown [s\open\src\hotspot\share\prims\jni.cpp, line 539]
Event: 1.963 Thread 0x000001b99f5bdbf0 Exception <a 'java/lang/ClassNotFoundException'{0x000000070f9e89a8}: com/sun/javafx/scene/control/skin/resources/controls_en> (0x000000070f9e89a8) 
thrown [s\open\src\hotspot\share\prims\jni.cpp, line 539]
Event: 1.963 Thread 0x000001b99f5bdbf0 Exception <a 'java/lang/ClassNotFoundException'{0x000000070f9e9950}: com/sun/javafx/scene/control/skin/resources/controls_en_CA> (0x000000070f9e9950) 
thrown [s\open\src\hotspot\share\prims\jni.cpp, line 539]
Event: 1.999 Thread 0x000001b99f5bdbf0 Exception <a 'java/lang/NoSuchMethodError'{0x000000070f583be8}: 'void java.lang.invoke.DirectMethodHandle$Holder.invokeSpecial(java.lang.Object, java.lang.Object, java.lang.Object, java.lang.Object, java.lang.Object, java.lang.Object)'> (0x000000070f583be8) 
thrown [s\open\src\hotspot\share\interpreter\linkResolver.cpp, line 796]

VM Operations (20 events):
Event: 0.359 Executing VM operation: HandshakeAllThreads (Deoptimize)
Event: 0.370 Executing VM operation: HandshakeAllThreads (Deoptimize) done
Event: 0.437 Executing VM operation: HandshakeAllThreads (Deoptimize)
Event: 0.437 Executing VM operation: HandshakeAllThreads (Deoptimize) done
Event: 0.467 Executing VM operation: HandshakeAllThreads (Deoptimize)
Event: 0.467 Executing VM operation: HandshakeAllThreads (Deoptimize) done
Event: 0.679 Executing VM operation: G1CollectForAllocation (G1 Evacuation Pause)
Event: 0.690 Executing VM operation: G1CollectForAllocation (G1 Evacuation Pause) done
Event: 0.727 Executing VM operation: HandshakeAllThreads (Deoptimize)
Event: 0.727 Executing VM operation: HandshakeAllThreads (Deoptimize) done
Event: 0.768 Executing VM operation: HandshakeAllThreads (Deoptimize)
Event: 0.768 Executing VM operation: HandshakeAllThreads (Deoptimize) done
Event: 0.868 Executing VM operation: HandshakeAllThreads (Deoptimize)
Event: 0.868 Executing VM operation: HandshakeAllThreads (Deoptimize) done
Event: 0.966 Executing VM operation: HandshakeAllThreads (Deoptimize)
Event: 0.966 Executing VM operation: HandshakeAllThreads (Deoptimize) done
Event: 1.116 Executing VM operation: HandshakeAllThreads (Deoptimize)
Event: 1.116 Executing VM operation: HandshakeAllThreads (Deoptimize) done
Event: 1.132 Executing VM operation: G1CollectForAllocation (G1 Evacuation Pause)
Event: 1.140 Executing VM operation: G1CollectForAllocation (G1 Evacuation Pause) done

Memory protections (0 events):
No events

Nmethod flushes (0 events):
No events

Events (20 events):
Event: 0.129 Thread 0x000001b959c80260 Thread added: 0x000001b959c84a90
Event: 0.198 Thread 0x000001b959c12f10 Thread added: 0x000001b99f15f6d0
Event: 0.199 Thread 0x000001b959c12f10 Thread added: 0x000001b99f15fd90
Event: 0.242 Thread 0x000001b939881790 Thread added: 0x000001b99ffc1b10
Event: 0.242 Thread 0x000001b939881790 Thread added: 0x000001b99fb13740
Event: 0.654 Thread 0x000001b939881790 Thread added: 0x000001b99fe4ee90
Event: 0.739 Thread 0x000001b939881790 Thread added: 0x000001b99f5bd560
Event: 0.745 Thread 0x000001b939881790 Thread added: 0x000001b99f5bdbf0
Event: 0.814 Thread 0x000001b9599fe5e0 Thread added: 0x000001b99f5be280
Event: 0.832 Thread 0x000001b99f5be280 Thread added: 0x000001b99f5bced0
Event: 0.854 Thread 0x000001b99f5bced0 Thread added: 0x000001b99f5befa0
Event: 0.866 Thread 0x000001b99f5bced0 Thread added: 0x000001b99f5bfcc0
Event: 0.872 Thread 0x000001b939881790 Thread added: 0x000001b99f5bf630
Event: 0.877 Thread 0x000001b9a00b9260 Thread added: 0x000001b9a00b9260
Event: 0.991 Thread 0x000001b99f15fd90 Thread exited: 0x000001b99f15fd90
Event: 0.991 Thread 0x000001b99f15f6d0 Thread exited: 0x000001b99f15f6d0
Event: 1.871 Thread 0x000001b959c84a90 Thread exited: 0x000001b959c84a90
Event: 1.871 Thread 0x000001b959c12850 Thread exited: 0x000001b959c12850
Event: 1.897 Thread 0x000001b99f5bdbf0 Thread added: 0x000001b9a00b8bd0
Event: 1.998 Thread 0x000001b959b36710 Thread added: 0x000001b9a17987a0


Dynamic libraries:
0x00007ff6f1460000 - 0x00007ff6f1470000 	G:\prog\g\bin\java.exe
0x00007ff9afb50000 - 0x00007ff9afd48000 	C:\Windows\SYSTEM32\ntdll.dll
0x00007ff9adff0000 - 0x00007ff9ae0b2000 	C:\Windows\System32\KERNEL32.DLL
0x00007ff9ad2c0000 - 0x00007ff9ad5bf000 	C:\Windows\System32\KERNELBASE.dll
0x00007ff9ad770000 - 0x00007ff9ad870000 	C:\Windows\System32\ucrtbase.dll
0x00007ff99fd50000 - 0x00007ff99fd6b000 	G:\prog\g\bin\VCRUNTIME140.dll
0x00007ff98da30000 - 0x00007ff98da47000 	G:\prog\g\bin\jli.dll
0x00007ff9aef20000 - 0x00007ff9af0bd000 	C:\Windows\System32\USER32.dll
0x00007ff999340000 - 0x00007ff9995da000 	C:\Windows\WinSxS\amd64_microsoft.windows.common-controls_6595b64144ccf1df_6.0.19041.4355_none_60b8b9eb71f62e16\COMCTL32.dll
0x00007ff9ad870000 - 0x00007ff9ad892000 	C:\Windows\System32\win32u.dll
0x00007ff9af0d0000 - 0x00007ff9af16e000 	C:\Windows\System32\msvcrt.dll
0x00007ff9adf50000 - 0x00007ff9adf7b000 	C:\Windows\System32\GDI32.dll
0x00007ff9ad650000 - 0x00007ff9ad76a000 	C:\Windows\System32\gdi32full.dll
0x00007ff9ad220000 - 0x00007ff9ad2bd000 	C:\Windows\System32\msvcp_win.dll
0x00007ff9af1d0000 - 0x00007ff9af1ff000 	C:\Windows\System32\IMM32.DLL
0x00007ff99ff40000 - 0x00007ff99ff4c000 	G:\prog\g\bin\vcruntime140_1.dll
0x00007ff98c5c0000 - 0x00007ff98c64e000 	G:\prog\g\bin\msvcp140.dll
0x00007ff945260000 - 0x00007ff945fb0000 	G:\prog\g\bin\server\jvm.dll
0x00007ff9af9e0000 - 0x00007ff9afa8f000 	C:\Windows\System32\ADVAPI32.dll
0x00007ff9ae0c0000 - 0x00007ff9ae15f000 	C:\Windows\System32\sechost.dll
0x00007ff9af430000 - 0x00007ff9af553000 	C:\Windows\System32\RPCRT4.dll
0x00007ff9ad1f0000 - 0x00007ff9ad217000 	C:\Windows\System32\bcrypt.dll
0x00007ff9aeeb0000 - 0x00007ff9aef1b000 	C:\Windows\System32\WS2_32.dll
0x00007ff9ad050000 - 0x00007ff9ad09b000 	C:\Windows\SYSTEM32\POWRPROF.dll
0x00007ff9a2a00000 - 0x00007ff9a2a27000 	C:\Windows\SYSTEM32\WINMM.dll
0x00007ff9a2a30000 - 0x00007ff9a2a3a000 	C:\Windows\SYSTEM32\VERSION.dll
0x00007ff9ad030000 - 0x00007ff9ad042000 	C:\Windows\SYSTEM32\UMPDC.dll
0x00007ff9aba20000 - 0x00007ff9aba32000 	C:\Windows\SYSTEM32\kernel.appcore.dll
0x00007ff99fd40000 - 0x00007ff99fd4a000 	G:\prog\g\bin\jimage.dll
0x00007ff9aadc0000 - 0x00007ff9aafa4000 	C:\Windows\SYSTEM32\DBGHELP.DLL
0x00007ff99e000000 - 0x00007ff99e034000 	C:\Windows\SYSTEM32\dbgcore.DLL
0x00007ff9ad5c0000 - 0x00007ff9ad642000 	C:\Windows\System32\bcryptPrimitives.dll
0x00007ff98daa0000 - 0x00007ff98daaf000 	G:\prog\g\bin\instrument.dll
0x00007ff99fd20000 - 0x00007ff99fd3e000 	G:\prog\g\bin\java.dll
0x00007ff9ade00000 - 0x00007ff9adf2b000 	C:\Windows\System32\ole32.dll
0x00007ff9ae160000 - 0x00007ff9ae4b5000 	C:\Windows\System32\combase.dll
0x00007ff9ae570000 - 0x00007ff9aecdd000 	C:\Windows\System32\SHELL32.dll
0x00007ff9ab270000 - 0x00007ff9aba14000 	C:\Windows\SYSTEM32\windows.storage.dll
0x00007ff9acb50000 - 0x00007ff9acb7f000 	C:\Windows\SYSTEM32\Wldp.dll
0x00007ff9af360000 - 0x00007ff9af42d000 	C:\Windows\System32\OLEAUT32.dll
0x00007ff9aece0000 - 0x00007ff9aed8d000 	C:\Windows\System32\SHCORE.dll
0x00007ff9af210000 - 0x00007ff9af265000 	C:\Windows\System32\shlwapi.dll
0x00007ff9ad120000 - 0x00007ff9ad144000 	C:\Windows\SYSTEM32\profapi.dll
0x00007ff985690000 - 0x00007ff985767000 	G:\prog\g\bin\jsvml.dll
0x00007ff99ab00000 - 0x00007ff99ab10000 	G:\prog\g\bin\net.dll
0x00007ff9ac8b0000 - 0x00007ff9ac91c000 	C:\Windows\system32\mswsock.dll
0x00007ff9965e0000 - 0x00007ff9965f6000 	G:\prog\g\bin\nio.dll
0x00007ff98dac0000 - 0x00007ff98dad7000 	G:\prog\g\bin\zip.dll
0x00007ff98c670000 - 0x00007ff98c68a000 	G:\ANYTHING P\IntelliJ IDEA 2024.3.3\bin\breakgen64.dll
0x000001b937730000 - 0x000001b937733000 	C:\Users\Pollar LeBlanc\.openjfx\cache\17.0.6\api-ms-win-core-console-l1-1-0.dll
0x000001b937740000 - 0x000001b937743000 	C:\Users\Pollar LeBlanc\.openjfx\cache\17.0.6\api-ms-win-core-console-l1-2-0.dll
0x000001b937750000 - 0x000001b937753000 	C:\Users\Pollar LeBlanc\.openjfx\cache\17.0.6\api-ms-win-core-datetime-l1-1-0.dll
0x000001b937760000 - 0x000001b937763000 	C:\Users\Pollar LeBlanc\.openjfx\cache\17.0.6\api-ms-win-core-debug-l1-1-0.dll
0x00007ff9ac5d0000 - 0x00007ff9ac69a000 	C:\Windows\SYSTEM32\DNSAPI.dll
0x00007ff9ac590000 - 0x00007ff9ac5cb000 	C:\Windows\SYSTEM32\IPHLPAPI.DLL
0x00007ff9af0c0000 - 0x00007ff9af0c8000 	C:\Windows\System32\NSI.dll
0x00007ff9a5080000 - 0x00007ff9a508a000 	C:\Windows\System32\rasadhlp.dll
0x000001b937770000 - 0x000001b937773000 	C:\Users\Pollar LeBlanc\.openjfx\cache\17.0.6\api-ms-win-core-errorhandling-l1-1-0.dll
0x00007ff9a4540000 - 0x00007ff9a45c0000 	C:\Windows\System32\fwpuclnt.dll
0x000001b937780000 - 0x000001b937784000 	C:\Users\Pollar LeBlanc\.openjfx\cache\17.0.6\api-ms-win-core-file-l1-1-0.dll
0x000001b937790000 - 0x000001b937793000 	C:\Users\Pollar LeBlanc\.openjfx\cache\17.0.6\api-ms-win-core-file-l1-2-0.dll
0x00007ff98da90000 - 0x00007ff98da9a000 	G:\prog\g\bin\management.dll
0x000001b9397d0000 - 0x000001b9397d3000 	C:\Users\Pollar LeBlanc\.openjfx\cache\17.0.6\api-ms-win-core-file-l2-1-0.dll
0x000001b9397e0000 - 0x000001b9397e3000 	C:\Users\Pollar LeBlanc\.openjfx\cache\17.0.6\api-ms-win-core-handle-l1-1-0.dll
0x000001b9397f0000 - 0x000001b9397f3000 	C:\Users\Pollar LeBlanc\.openjfx\cache\17.0.6\api-ms-win-core-heap-l1-1-0.dll
0x000001b939800000 - 0x000001b939803000 	C:\Users\Pollar LeBlanc\.openjfx\cache\17.0.6\api-ms-win-core-interlocked-l1-1-0.dll
0x00007ff98d290000 - 0x00007ff98d29b000 	G:\prog\g\bin\management_ext.dll
0x00007ff9af200000 - 0x00007ff9af208000 	C:\Windows\System32\PSAPI.DLL
0x000001b939810000 - 0x000001b939813000 	C:\Users\Pollar LeBlanc\.openjfx\cache\17.0.6\api-ms-win-core-libraryloader-l1-1-0.dll
0x000001b939820000 - 0x000001b939823000 	C:\Users\Pollar LeBlanc\.openjfx\cache\17.0.6\api-ms-win-core-localization-l1-2-0.dll
0x000001b939830000 - 0x000001b939833000 	C:\Users\Pollar LeBlanc\.openjfx\cache\17.0.6\api-ms-win-core-memory-l1-1-0.dll
0x000001b939840000 - 0x000001b939843000 	C:\Users\Pollar LeBlanc\.openjfx\cache\17.0.6\api-ms-win-core-namedpipe-l1-1-0.dll
0x000001b959df0000 - 0x000001b959df3000 	C:\Users\Pollar LeBlanc\.openjfx\cache\17.0.6\api-ms-win-core-processenvironment-l1-1-0.dll
0x000001b959f20000 - 0x000001b959f23000 	C:\Users\Pollar LeBlanc\.openjfx\cache\17.0.6\api-ms-win-core-processthreads-l1-1-0.dll
0x000001b959f30000 - 0x000001b959f33000 	C:\Users\Pollar LeBlanc\.openjfx\cache\17.0.6\api-ms-win-core-processthreads-l1-1-1.dll
0x000001b959f40000 - 0x000001b959f43000 	C:\Users\Pollar LeBlanc\.openjfx\cache\17.0.6\api-ms-win-core-profile-l1-1-0.dll
0x000001b959f50000 - 0x000001b959f53000 	C:\Users\Pollar LeBlanc\.openjfx\cache\17.0.6\api-ms-win-core-rtlsupport-l1-1-0.dll
0x000001b959f60000 - 0x000001b959f63000 	C:\Users\Pollar LeBlanc\.openjfx\cache\17.0.6\api-ms-win-core-string-l1-1-0.dll
0x000001b959f70000 - 0x000001b959f73000 	C:\Users\Pollar LeBlanc\.openjfx\cache\17.0.6\api-ms-win-core-synch-l1-1-0.dll
0x000001b959f80000 - 0x000001b959f83000 	C:\Users\Pollar LeBlanc\.openjfx\cache\17.0.6\api-ms-win-core-synch-l1-2-0.dll
0x000001b959f90000 - 0x000001b959f93000 	C:\Users\Pollar LeBlanc\.openjfx\cache\17.0.6\api-ms-win-core-sysinfo-l1-1-0.dll
0x000001b959f10000 - 0x000001b959f13000 	C:\Users\Pollar LeBlanc\.openjfx\cache\17.0.6\api-ms-win-core-timezone-l1-1-0.dll
0x000001b959fa0000 - 0x000001b959fa3000 	C:\Users\Pollar LeBlanc\.openjfx\cache\17.0.6\api-ms-win-core-util-l1-1-0.dll
0x000001b959fb0000 - 0x000001b959fb3000 	C:\Users\Pollar LeBlanc\.openjfx\cache\17.0.6\api-ms-win-crt-conio-l1-1-0.dll
0x000001b959fc0000 - 0x000001b959fc4000 	C:\Users\Pollar LeBlanc\.openjfx\cache\17.0.6\api-ms-win-crt-convert-l1-1-0.dll
0x000001b959fd0000 - 0x000001b959fd3000 	C:\Users\Pollar LeBlanc\.openjfx\cache\17.0.6\api-ms-win-crt-environment-l1-1-0.dll
0x000001b959fe0000 - 0x000001b959fe3000 	C:\Users\Pollar LeBlanc\.openjfx\cache\17.0.6\api-ms-win-crt-filesystem-l1-1-0.dll
0x000001b959e00000 - 0x000001b959e03000 	C:\Users\Pollar LeBlanc\.openjfx\cache\17.0.6\api-ms-win-crt-heap-l1-1-0.dll
0x000001b959e10000 - 0x000001b959e13000 	C:\Users\Pollar LeBlanc\.openjfx\cache\17.0.6\api-ms-win-crt-locale-l1-1-0.dll
0x000001b959e20000 - 0x000001b959e25000 	C:\Users\Pollar LeBlanc\.openjfx\cache\17.0.6\api-ms-win-crt-math-l1-1-0.dll
0x000001b959e30000 - 0x000001b959e35000 	C:\Users\Pollar LeBlanc\.openjfx\cache\17.0.6\api-ms-win-crt-multibyte-l1-1-0.dll
0x000001b959e40000 - 0x000001b959e50000 	C:\Users\Pollar LeBlanc\.openjfx\cache\17.0.6\api-ms-win-crt-private-l1-1-0.dll
0x000001b959e50000 - 0x000001b959e53000 	C:\Users\Pollar LeBlanc\.openjfx\cache\17.0.6\api-ms-win-crt-process-l1-1-0.dll
0x000001b959e60000 - 0x000001b959e64000 	C:\Users\Pollar LeBlanc\.openjfx\cache\17.0.6\api-ms-win-crt-runtime-l1-1-0.dll
0x000001b959e70000 - 0x000001b959e74000 	C:\Users\Pollar LeBlanc\.openjfx\cache\17.0.6\api-ms-win-crt-stdio-l1-1-0.dll
0x000001b959e80000 - 0x000001b959e84000 	C:\Users\Pollar LeBlanc\.openjfx\cache\17.0.6\api-ms-win-crt-string-l1-1-0.dll
0x000001b959e90000 - 0x000001b959e93000 	C:\Users\Pollar LeBlanc\.openjfx\cache\17.0.6\api-ms-win-crt-time-l1-1-0.dll
0x000001b959ea0000 - 0x000001b959ea3000 	C:\Users\Pollar LeBlanc\.openjfx\cache\17.0.6\api-ms-win-crt-utility-l1-1-0.dll
0x00007ff979a30000 - 0x00007ff979b2c000 	C:\Users\Pollar LeBlanc\.openjfx\cache\17.0.6\ucrtbase.dll
0x00007ff98c650000 - 0x00007ff98c66a000 	C:\Users\Pollar LeBlanc\.openjfx\cache\17.0.6\vcruntime140.dll
0x00007ff98d1c0000 - 0x00007ff98d1cc000 	C:\Users\Pollar LeBlanc\.openjfx\cache\17.0.6\vcruntime140_1.dll
0x00007ff978e60000 - 0x00007ff978eed000 	C:\Users\Pollar LeBlanc\.openjfx\cache\17.0.6\msvcp140.dll
0x00007ff98cc60000 - 0x00007ff98cc69000 	C:\Users\Pollar LeBlanc\.openjfx\cache\17.0.6\msvcp140_1.dll
0x00007ff988780000 - 0x00007ff9887af000 	C:\Users\Pollar LeBlanc\.openjfx\cache\17.0.6\msvcp140_2.dll
0x00007ff985160000 - 0x00007ff98518a000 	C:\Users\Pollar LeBlanc\.openjfx\cache\17.0.6\prism_d3d.dll
0x00007ff989510000 - 0x00007ff9896e1000 	C:\Windows\system32\d3d9.dll
0x00007ff9aa0a0000 - 0x00007ff9aa0cf000 	C:\Windows\SYSTEM32\dwmapi.dll
0x00007ff9a9d00000 - 0x00007ff9a9d9e000 	C:\Windows\system32\uxtheme.dll
0x00007ff9a2a40000 - 0x00007ff9a2bfb000 	C:\Windows\System32\DriverStore\FileRepository\u0407052.inf_amd64_84d15514ad17ffa0\B406619\aticfx64.dll
0x00007ff99aa90000 - 0x00007ff99aac4000 	C:\Windows\System32\DriverStore\FileRepository\u0407052.inf_amd64_84d15514ad17ffa0\B406619\atiu9p64.dll
0x00007ff9686e0000 - 0x00007ff969427000 	C:\Windows\System32\DriverStore\FileRepository\u0407052.inf_amd64_84d15514ad17ffa0\B406619\atiumd64.dll
0x0000000073950000 - 0x0000000074863000 	C:\Windows\System32\DriverStore\FileRepository\u0407052.inf_amd64_84d15514ad17ffa0\B406619\atiumd6a.dll
0x00007ff9af560000 - 0x00007ff9af9d1000 	C:\Windows\System32\SETUPAPI.dll
0x00007ff9ad910000 - 0x00007ff9ad95e000 	C:\Windows\System32\cfgmgr32.dll
0x00007ff9a0800000 - 0x00007ff9a0835000 	C:\Windows\SYSTEM32\amdihk64.dll
0x00007ff97b6b0000 - 0x00007ff97b6f2000 	C:\Users\Pollar LeBlanc\.openjfx\cache\17.0.6\glass.dll
0x00007ff9adb70000 - 0x00007ff9adc4a000 	C:\Windows\System32\COMDLG32.dll
0x00007ff9aed90000 - 0x00007ff9aeea5000 	C:\Windows\System32\MSCTF.dll
0x00007ff9acab0000 - 0x00007ff9acac8000 	C:\Windows\SYSTEM32\CRYPTSP.dll
0x00007ff9ac1d0000 - 0x00007ff9ac204000 	C:\Windows\system32\rsaenh.dll
0x00007ff9ad0a0000 - 0x00007ff9ad0ce000 	C:\Windows\SYSTEM32\USERENV.dll
0x00007ff9acaa0000 - 0x00007ff9acaac000 	C:\Windows\SYSTEM32\CRYPTBASE.dll
0x00007ff98cfe0000 - 0x00007ff98cff7000 	C:\Windows\system32\napinsp.dll
0x00007ff98cbc0000 - 0x00007ff98cbdb000 	C:\Windows\system32\pnrpnsp.dll
0x00007ff998aa0000 - 0x00007ff998ab5000 	C:\Windows\system32\wshbth.dll
0x00007ff9a8220000 - 0x00007ff9a823d000 	C:\Windows\system32\NLAapi.dll
0x00007ff98cba0000 - 0x00007ff98cbb2000 	C:\Windows\System32\winrnr.dll
0x00007ff9a2c70000 - 0x00007ff9a2cab000 	C:\Windows\SYSTEM32\dxcore.dll

dbghelp: loaded successfully - version: 4.0.5 - missing functions: none
symbol engine: initialized successfully - sym options: 0x614 - pdb path: .;G:\prog\g\bin;C:\Windows\SYSTEM32;C:\Windows\WinSxS\amd64_microsoft.windows.common-controls_6595b64144ccf1df_6.0.19041.4355_none_60b8b9eb71f62e16;G:\prog\g\bin\server;G:\ANYTHING P\IntelliJ IDEA 2024.3.3\bin;C:\Users\Pollar LeBlanc\.openjfx\cache\17.0.6;C:\Windows\System32\DriverStore\FileRepository\u0407052.inf_amd64_84d15514ad17ffa0\B406619;C:\Program Files\Common Files\Microsoft Shared\Ink

VM Arguments:
jvm_args: -javaagent:G:\ANYTHING P\IntelliJ IDEA 2024.3.3\lib\idea_rt.jar=52095:G:\ANYTHING P\IntelliJ IDEA 2024.3.3\bin -Dfile.encoding=UTF-8 -Dsun.stdout.encoding=UTF-8 -Dsun.stderr.encoding=UTF-8 --module-path=C:\Users\Pollar LeBlanc\.m2\repository\org\openjfx\javafx-fxml\17.0.6\javafx-fxml-17.0.6-win.jar;C:\Users\Pollar LeBlanc\.m2\repository\org\kordamp\ikonli\ikonli-core\12.3.1\ikonli-core-12.3.1.jar;C:\Users\Pollar LeBlanc\.m2\repository\org\kordamp\bootstrapfx\bootstrapfx-core\0.4.0\bootstrapfx-core-0.4.0.jar;C:\Users\Pollar LeBlanc\.m2\repository\org\controlsfx\controlsfx\11.2.1\controlsfx-11.2.1.jar;C:\Users\Pollar LeBlanc\.m2\repository\org\kordamp\ikonli\ikonli-javafx\12.3.1\ikonli-javafx-12.3.1.jar;C:\Users\Pollar LeBlanc\.m2\repository\org\openjfx\javafx-graphics\17.0.6\javafx-graphics-17.0.6-win.jar;C:\Users\Pollar LeBlanc\.m2\repository\org\openjfx\javafx-base\17.0.6\javafx-base-17.0.6-win.jar;C:\Users\Pollar LeBlanc\.m2\repository\org\openjfx\javafx-controls\17.0.6\javafx-controls-17.0.6-win.jar;C:\Users\Pollar LeBlanc\teststuff\target\classes -Djdk.module.main=com.example.chatbotpucv1 
java_command: com.example.chatbotpucv1/com.example.chatbotpucv1.chatbot
java_class_path (initial): C:\Users\Pollar LeBlanc\.m2\repository\org\openjfx\javafx-controls\17.0.6\javafx-controls-17.0.6.jar;C:\Users\Pollar LeBlanc\.m2\repository\org\openjfx\javafx-graphics\17.0.6\javafx-graphics-17.0.6.jar;C:\Users\Pollar LeBlanc\.m2\repository\org\openjfx\javafx-base\17.0.6\javafx-base-17.0.6.jar;C:\Users\Pollar LeBlanc\.m2\repository\org\openjfx\javafx-fxml\17.0.6\javafx-fxml-17.0.6.jar
Launcher Type: SUN_STANDARD

[Global flags]
     intx CICompilerCount                          = 12                                        {product} {ergonomic}
     uint ConcGCThreads                            = 3                                         {product} {ergonomic}
     uint G1ConcRefinementThreads                  = 13                                        {product} {ergonomic}
   size_t G1HeapRegionSize                         = 2097152                                   {product} {ergonomic}
   size_t InitialHeapSize                          = 268435456                                 {product} {ergonomic}
   size_t MarkStackSize                            = 4194304                                   {product} {ergonomic}
   size_t MarkStackSizeMax                         = 536870912                                 {product} {ergonomic}
   size_t MaxHeapSize                              = 4280287232                                {product} {ergonomic}
   size_t MaxNewSize                               = 2566914048                                {product} {ergonomic}
   size_t MinHeapDeltaBytes                        = 2097152                                   {product} {ergonomic}
   size_t MinHeapSize                              = 8388608                                   {product} {ergonomic}
    uintx NonNMethodCodeHeapSize                   = 7602176                                {pd product} {ergonomic}
    uintx NonProfiledCodeHeapSize                  = 122093568                              {pd product} {ergonomic}
    uintx ProfiledCodeHeapSize                     = 121962496                              {pd product} {ergonomic}
    uintx ReservedCodeCacheSize                    = 251658240                              {pd product} {ergonomic}
     bool SegmentedCodeCache                       = true                                      {product} {ergonomic}
   size_t SoftMaxHeapSize                          = 4280287232                             {manageable} {ergonomic}
     bool UseCompressedOops                        = true                           {product lp64_product} {ergonomic}
     bool UseG1GC                                  = true                                      {product} {ergonomic}
     bool UseLargePagesIndividualAllocation        = false                                  {pd product} {ergonomic}

Logging:
Log output configuration:
 #0: stdout all=warning uptime,level,tags foldmultilines=false
 #1: stderr all=off uptime,level,tags foldmultilines=false

Environment Variables:
PATH=g:\ANYTHING P\cursor\resources\app\bin;C:\Program Files\Common Files\Oracle\Java\javapath;c:\Users\Pollar LeBlanc\AppData\Local\Programs\cursor\resources\app\bin;C:\Windows\system32;C:\Windows;C:\Windows\System32\Wbem;C:\Windows\System32\WindowsPowerShell\v1.0\;C:\Windows\System32\OpenSSH\;C:\Program Files\dotnet\;C:\ProgramData\chocolatey\bin;C:\Program Files\Git\cmd;C:\Users\Pollar LeBlanc\AppData\Local\Programs\Python\Python312\Scripts\;C:\Users\Pollar LeBlanc\AppData\Local\Programs\Python\Python312\;C:\Users\Pollar LeBlanc\AppData\Local\Microsoft\WindowsApps;c:\Users\Pollar LeBlanc\AppData\Local\Programs\cursor\resources\app\bin;c:\Users\Pollar LeBlanc\AppData\Local\Programs\cursor\resources\app\bin;C:\Program Files\nodejs\;C:\Program Files\PowerShell\7\;C:\Users\Pollar LeBlanc\AppData\Roaming\npm;C:\Android\platform-tools;C:\Android\platform-tools;G:\ANYTHING P\IntelliJ IDEA 2024.3.3\bin;;g:\ANYTHING P\cursor\resources\app\bin;g:\ANYTHING P\cursor\resources\app\bin;C:\Users\Pollar LeBlanc\AppData\Local\Programs\Python\Python312\Scripts\;C:\Users\Pollar LeBlanc\AppData\Local\Programs\Python\Python312\;C:\Users\Pollar LeBlanc\AppData\Local\Microsoft\WindowsApps;C:\Users\Pollar LeBlanc\AppData\Local\Programs\Microsoft VS Code\bin;C:\Users\Pollar LeBlanc\AppData\Roaming\npm;C:\Android\platform-tools;C:\Android\platform-tools;G:\ANYTHING P\IntelliJ IDEA 2024.3.3\bin;;G:\ANYTHING P\cursor\resources\app\bin
USERNAME=Pollar LeBlanc
OS=Windows_NT
PROCESSOR_IDENTIFIER=Intel64 Family 6 Model 45 Stepping 7, GenuineIntel
TMP=C:\Users\POLLAR~1\AppData\Local\Temp
TEMP=C:\Users\POLLAR~1\AppData\Local\Temp




Periodic native trim disabled

---------------  S Y S T E M  ---------------

OS:
 Windows 10 , 64 bit Build 19041 (10.0.19041.5438)
OS uptime: 1 days 0:40 hours

CPU: total 16 (initial active 16) (8 cores per cpu, 2 threads per core) family 6 model 45 stepping 7 microcode 0x714, cx8, cmov, fxsr, ht, mmx, sse, sse2, sse3, ssse3, sse4.1, sse4.2, popcnt, tsc, tscinvbit, avx, aes, clmul, vzeroupper, clflush, rdtscp
Processor Information for the first 16 processors :
  Max Mhz: 2601, Current Mhz: 2601, Mhz Limit: 2601

Memory: 4k page, system-wide physical 16322M (1248M free)
TotalPageFile size 19394M (AvailPageFile size 8M)
current process WorkingSet (physical memory assigned to process): 186M, peak: 186M
current process commit charge ("private bytes"): 442M, peak: 442M

vm_info: Java HotSpot(TM) 64-Bit Server VM (23.0.2+7-58) for windows-amd64 JRE (23.0.2+7-58), built on 2024-11-29T09:34:55Z with MS VC++ 17.6 (VS2022)

END.
