#
# There is insufficient memory for the Java Runtime Environment to continue.
# Native memory allocation (mmap) failed to map 268435456 bytes. Error detail: G1 virtual space
# Possible reasons:
#   The system is out of physical RAM or swap space
#   This process is running with CompressedOops enabled, and the Java Heap may be blocking the growth of the native heap
# Possible solutions:
#   Reduce memory load on the system
#   Increase physical memory or swap space
#   Check if swap backing store is full
#   Decrease Java heap size (-Xmx/-Xms)
#   Decrease number of Java threads
#   Decrease Java thread stack sizes (-Xss)
#   Set larger code cache with -XX:ReservedCodeCacheSize=
#   JVM is running with Zero Based Compressed Oops mode in which the Java heap is
#     placed in the first 32GB address space. The Java Heap base address is the
#     maximum limit for the native heap growth. Please use -XX:HeapBaseMinAddress
#     to set the Java Heap base and to place the Java Heap above 32GB virtual address.
# This output file may be truncated or incomplete.
#
#  Out of Memory Error (os_windows.cpp:3707), pid=8500, tid=13380
#
# JRE version:  (23.0.2+7) (build )
# Java VM: Java HotSpot(TM) 64-Bit Server VM (23.0.2+7-58, mixed mode, sharing, tiered, compressed oops, compressed class ptrs, g1 gc, windows-amd64)
# No core dump will be written. Minidumps are not enabled by default on client versions of Windows
#

---------------  S U M M A R Y ------------

Command Line: -javaagent:G:\ANYTHING P\IntelliJ IDEA 2024.3.3\lib\idea_rt.jar=41702:G:\ANYTHING P\IntelliJ IDEA 2024.3.3\bin -Dfile.encoding=UTF-8 -Dsun.stdout.encoding=UTF-8 -Dsun.stderr.encoding=UTF-8 --module-path=C:\Users\Pollar LeBlanc\.m2\repository\org\kordamp\ikonli\ikonli-javafx\12.3.1\ikonli-javafx-12.3.1.jar;C:\Users\Pollar LeBlanc\.m2\repository\org\openjfx\javafx-base\17.0.6\javafx-base-17.0.6-win.jar;C:\Users\Pollar LeBlanc\.m2\repository\org\kordamp\bootstrapfx\bootstrapfx-core\0.4.0\bootstrapfx-core-0.4.0.jar;C:\Users\Pollar LeBlanc\.m2\repository\org\openjfx\javafx-controls\17.0.6\javafx-controls-17.0.6-win.jar;C:\Users\Pollar LeBlanc\.m2\repository\org\kordamp\ikonli\ikonli-core\12.3.1\ikonli-core-12.3.1.jar;C:\Users\Pollar LeBlanc\.m2\repository\org\openjfx\javafx-fxml\17.0.6\javafx-fxml-17.0.6-win.jar;C:\Users\Pollar LeBlanc\teststuff\target\classes;C:\Users\Pollar LeBlanc\.m2\repository\org\controlsfx\controlsfx\11.2.1\controlsfx-11.2.1.jar;C:\Users\Pollar LeBlanc\.m2\repository\org\openjfx\javafx-graphics\17.0.6\javafx-graphics-17.0.6-win.jar -Djdk.module.main=com.example.chatbotpucv1 com.example.chatbotpucv1/com.example.chatbotpucv1.chatbot

Host: Intel(R) Xeon(R) CPU E5-2689 0 @ 2.60GHz, 16 cores, 15G,  Windows 10 , 64 bit Build 19041 (10.0.19041.5438)
Time: Wed Mar 12 15:13:09 2025 E. South America Standard Time elapsed time: 0.143182 seconds (0d 0h 0m 0s)

---------------  T H R E A D  ---------------

Current thread (0x00000187cebe3280):  JavaThread "Unknown thread" [_thread_in_vm, id=13380, stack(0x0000004280e00000,0x0000004280f00000) (1024K)]

Stack: [0x0000004280e00000,0x0000004280f00000]
Native frames: (J=compiled Java code, j=interpreted, Vv=VM code, C=native code)
V  [jvm.dll+0x6e0b99]  (no source info available)
V  [jvm.dll+0x87e2b3]  (no source info available)
V  [jvm.dll+0x88073e]  (no source info available)
V  [jvm.dll+0x880e13]  (no source info available)
V  [jvm.dll+0x27b006]  (no source info available)
V  [jvm.dll+0x6dd485]  (no source info available)
V  [jvm.dll+0x6d127a]  (no source info available)
V  [jvm.dll+0x35b50a]  (no source info available)
V  [jvm.dll+0x363916]  (no source info available)
V  [jvm.dll+0x34fe7e]  (no source info available)
V  [jvm.dll+0x350118]  (no source info available)
V  [jvm.dll+0x328aec]  (no source info available)
V  [jvm.dll+0x32978e]  (no source info available)
V  [jvm.dll+0x8449a5]  (no source info available)
V  [jvm.dll+0x3b9a08]  (no source info available)
V  [jvm.dll+0x82d68c]  (no source info available)
V  [jvm.dll+0x454f2e]  (no source info available)
V  [jvm.dll+0x456db1]  (no source info available)
C  [jli.dll+0x52a3]  (no source info available)
C  [ucrtbase.dll+0x21bb2]  (no source info available)
C  [KERNEL32.DLL+0x17374]  (no source info available)
C  [ntdll.dll+0x4cc91]  (no source info available)

Lock stack of current Java thread (top to bottom):


---------------  P R O C E S S  ---------------

Threads class SMR info:
_java_thread_list=0x00007ff92ca54618, length=0, elements={
}

Java Threads: ( => current thread )
Total: 0

Other Threads:
  0x00000187cec4ab40 WorkerThread "GC Thread#0"                     [id=16204, stack(0x0000004280f00000,0x0000004281000000) (1024K)]
  0x00000187cec9e010 ConcurrentGCThread "G1 Main Marker"            [id=13640, stack(0x0000004281000000,0x0000004281100000) (1024K)]
  0x00000187cec9f2c0 WorkerThread "G1 Conc#0"                       [id=10880, stack(0x0000004281100000,0x0000004281200000) (1024K)]

[error occurred during error reporting (printing all threads), id 0xc0000005, EXCEPTION_ACCESS_VIOLATION (0xc0000005) at pc=0x00007ff92c19c0da]
VM state: not at safepoint (not fully initialized)

VM Mutex/Monitor currently owned by a thread:  ([mutex/lock_event])
[0x00007ff92cad4988] Heap_lock - owner thread: 0x00000187cebe3280

Heap address: 0x0000000700e00000, size: 4082 MB, Compressed Oops mode: Zero based, Oop shift amount: 3

CDS archive(s) mapped at: [0x0000000000000000-0x0000000000000000-0x0000000000000000), size 0, SharedBaseAddress: 0x0000000800000000, ArchiveRelocationMode: 1.
Narrow klass base: 0x0000000000000000, Narrow klass shift: 0, Narrow klass range: 0x0

GC Precious Log:
 CardTable entry size: 512
 Card Set container configuration: InlinePtr #cards 4 size 8 Array Of Cards #cards 16 size 48 Howl #buckets 8 coarsen threshold 3686 Howl Bitmap #cards 512 size 80 coarsen threshold 460 Card regions per heap region 1 cards per card region 4096

Heap:
 garbage-first heap   total reserved 4179968K, committed 0K, used 0K [0x0000000700e00000, 0x0000000800000000)
  region size 2048K, 0 young (0K), 0 survivors (0K)

[error occurred during error reporting (printing heap information), id 0xc0000005, EXCEPTION_ACCESS_VIOLATION (0xc0000005) at pc=0x00007ff92c59c6a9]
GC Heap History (0 events):
No events

Dll operation events (1 events):
Event: 0.015 Loaded shared library G:\prog\g\bin\java.dll

Deoptimization events (0 events):
No events

Classes loaded (0 events):
No events

Classes unloaded (0 events):
No events

Classes redefined (0 events):
No events

Internal exceptions (0 events):
No events

VM Operations (0 events):
No events

Memory protections (0 events):
No events

Nmethod flushes (0 events):
No events

Events (0 events):
No events


Dynamic libraries:
0x00007ff643570000 - 0x00007ff643580000 	G:\prog\g\bin\java.exe
0x00007ff9afb50000 - 0x00007ff9afd48000 	C:\Windows\SYSTEM32\ntdll.dll
0x00007ff9adff0000 - 0x00007ff9ae0b2000 	C:\Windows\System32\KERNEL32.DLL
0x00007ff9ad2c0000 - 0x00007ff9ad5bf000 	C:\Windows\System32\KERNELBASE.dll
0x00007ff9ad770000 - 0x00007ff9ad870000 	C:\Windows\System32\ucrtbase.dll
0x00007ff9a63e0000 - 0x00007ff9a63f7000 	G:\prog\g\bin\jli.dll
0x00007ff9a87d0000 - 0x00007ff9a87eb000 	G:\prog\g\bin\VCRUNTIME140.dll
0x00007ff9aef20000 - 0x00007ff9af0bd000 	C:\Windows\System32\USER32.dll
0x00007ff9ad870000 - 0x00007ff9ad892000 	C:\Windows\System32\win32u.dll
0x00007ff999340000 - 0x00007ff9995da000 	C:\Windows\WinSxS\amd64_microsoft.windows.common-controls_6595b64144ccf1df_6.0.19041.4355_none_60b8b9eb71f62e16\COMCTL32.dll
0x00007ff9adf50000 - 0x00007ff9adf7b000 	C:\Windows\System32\GDI32.dll
0x00007ff9af0d0000 - 0x00007ff9af16e000 	C:\Windows\System32\msvcrt.dll
0x00007ff9ad650000 - 0x00007ff9ad76a000 	C:\Windows\System32\gdi32full.dll
0x00007ff9ad220000 - 0x00007ff9ad2bd000 	C:\Windows\System32\msvcp_win.dll
0x00007ff9af1d0000 - 0x00007ff9af1ff000 	C:\Windows\System32\IMM32.DLL
0x00007ff9a63d0000 - 0x00007ff9a63dc000 	G:\prog\g\bin\vcruntime140_1.dll
0x00007ff92dc30000 - 0x00007ff92dcbe000 	G:\prog\g\bin\msvcp140.dll
0x00007ff92be60000 - 0x00007ff92cbb0000 	G:\prog\g\bin\server\jvm.dll
0x00007ff9af9e0000 - 0x00007ff9afa8f000 	C:\Windows\System32\ADVAPI32.dll
0x00007ff9ae0c0000 - 0x00007ff9ae15f000 	C:\Windows\System32\sechost.dll
0x00007ff9af430000 - 0x00007ff9af553000 	C:\Windows\System32\RPCRT4.dll
0x00007ff9ad1f0000 - 0x00007ff9ad217000 	C:\Windows\System32\bcrypt.dll
0x00007ff9aeeb0000 - 0x00007ff9aef1b000 	C:\Windows\System32\WS2_32.dll
0x00007ff9ad050000 - 0x00007ff9ad09b000 	C:\Windows\SYSTEM32\POWRPROF.dll
0x00007ff9a2a00000 - 0x00007ff9a2a27000 	C:\Windows\SYSTEM32\WINMM.dll
0x00007ff9a2a30000 - 0x00007ff9a2a3a000 	C:\Windows\SYSTEM32\VERSION.dll
0x00007ff9ad030000 - 0x00007ff9ad042000 	C:\Windows\SYSTEM32\UMPDC.dll
0x00007ff9aba20000 - 0x00007ff9aba32000 	C:\Windows\SYSTEM32\kernel.appcore.dll
0x00007ff98d1f0000 - 0x00007ff98d1fa000 	G:\prog\g\bin\jimage.dll
0x00007ff9aadc0000 - 0x00007ff9aafa4000 	C:\Windows\SYSTEM32\DBGHELP.DLL
0x00007ff99e000000 - 0x00007ff99e034000 	C:\Windows\SYSTEM32\dbgcore.DLL
0x00007ff9ad5c0000 - 0x00007ff9ad642000 	C:\Windows\System32\bcryptPrimitives.dll
0x00007ff998990000 - 0x00007ff99899f000 	G:\prog\g\bin\instrument.dll
0x00007ff98c5d0000 - 0x00007ff98c5ee000 	G:\prog\g\bin\java.dll
0x00007ff9ade00000 - 0x00007ff9adf2b000 	C:\Windows\System32\ole32.dll
0x00007ff9ae160000 - 0x00007ff9ae4b5000 	C:\Windows\System32\combase.dll
0x00007ff9ae570000 - 0x00007ff9aecdd000 	C:\Windows\System32\SHELL32.dll

dbghelp: loaded successfully - version: 4.0.5 - missing functions: none
symbol engine: initialized successfully - sym options: 0x614 - pdb path: .;G:\prog\g\bin;C:\Windows\SYSTEM32;C:\Windows\WinSxS\amd64_microsoft.windows.common-controls_6595b64144ccf1df_6.0.19041.4355_none_60b8b9eb71f62e16;G:\prog\g\bin\server

VM Arguments:
jvm_args: -javaagent:G:\ANYTHING P\IntelliJ IDEA 2024.3.3\lib\idea_rt.jar=41702:G:\ANYTHING P\IntelliJ IDEA 2024.3.3\bin -Dfile.encoding=UTF-8 -Dsun.stdout.encoding=UTF-8 -Dsun.stderr.encoding=UTF-8 --module-path=C:\Users\Pollar LeBlanc\.m2\repository\org\kordamp\ikonli\ikonli-javafx\12.3.1\ikonli-javafx-12.3.1.jar;C:\Users\Pollar LeBlanc\.m2\repository\org\openjfx\javafx-base\17.0.6\javafx-base-17.0.6-win.jar;C:\Users\Pollar LeBlanc\.m2\repository\org\kordamp\bootstrapfx\bootstrapfx-core\0.4.0\bootstrapfx-core-0.4.0.jar;C:\Users\Pollar LeBlanc\.m2\repository\org\openjfx\javafx-controls\17.0.6\javafx-controls-17.0.6-win.jar;C:\Users\Pollar LeBlanc\.m2\repository\org\kordamp\ikonli\ikonli-core\12.3.1\ikonli-core-12.3.1.jar;C:\Users\Pollar LeBlanc\.m2\repository\org\openjfx\javafx-fxml\17.0.6\javafx-fxml-17.0.6-win.jar;C:\Users\Pollar LeBlanc\teststuff\target\classes;C:\Users\Pollar LeBlanc\.m2\repository\org\controlsfx\controlsfx\11.2.1\controlsfx-11.2.1.jar;C:\Users\Pollar LeBlanc\.m2\repository\org\openjfx\javafx-graphics\17.0.6\javafx-graphics-17.0.6-win.jar -Djdk.module.main=com.example.chatbotpucv1 
java_command: com.example.chatbotpucv1/com.example.chatbotpucv1.chatbot
java_class_path (initial): C:\Users\Pollar LeBlanc\.m2\repository\org\openjfx\javafx-controls\17.0.6\javafx-controls-17.0.6.jar;C:\Users\Pollar LeBlanc\.m2\repository\org\openjfx\javafx-graphics\17.0.6\javafx-graphics-17.0.6.jar;C:\Users\Pollar LeBlanc\.m2\repository\org\openjfx\javafx-base\17.0.6\javafx-base-17.0.6.jar;C:\Users\Pollar LeBlanc\.m2\repository\org\openjfx\javafx-fxml\17.0.6\javafx-fxml-17.0.6.jar
Launcher Type: SUN_STANDARD

[Global flags]
     intx CICompilerCount                          = 12                                        {product} {ergonomic}
     uint ConcGCThreads                            = 3                                         {product} {ergonomic}
     uint G1ConcRefinementThreads                  = 13                                        {product} {ergonomic}
   size_t G1HeapRegionSize                         = 2097152                                   {product} {ergonomic}
   size_t InitialHeapSize                          = 268435456                                 {product} {ergonomic}
   size_t MarkStackSize                            = 4194304                                   {product} {ergonomic}
   size_t MarkStackSizeMax                         = 536870912                                 {product} {ergonomic}
   size_t MaxHeapSize                              = 4280287232                                {product} {ergonomic}
   size_t MinHeapDeltaBytes                        = 2097152                                   {product} {ergonomic}
   size_t MinHeapSize                              = 8388608                                   {product} {ergonomic}
    uintx NonNMethodCodeHeapSize                   = 7602176                                {pd product} {ergonomic}
    uintx NonProfiledCodeHeapSize                  = 122093568                              {pd product} {ergonomic}
    uintx ProfiledCodeHeapSize                     = 121962496                              {pd product} {ergonomic}
    uintx ReservedCodeCacheSize                    = 251658240                              {pd product} {ergonomic}
     bool SegmentedCodeCache                       = true                                      {product} {ergonomic}
   size_t SoftMaxHeapSize                          = 4280287232                             {manageable} {ergonomic}
     bool UseCompressedOops                        = true                           {product lp64_product} {ergonomic}
     bool UseG1GC                                  = true                                      {product} {ergonomic}
     bool UseLargePagesIndividualAllocation        = false                                  {pd product} {ergonomic}

Logging:
Log output configuration:
 #0: stdout all=warning uptime,level,tags foldmultilines=false
 #1: stderr all=off uptime,level,tags foldmultilines=false

Environment Variables:
PATH=g:\ANYTHING P\cursor\resources\app\bin;C:\Program Files\Common Files\Oracle\Java\javapath;c:\Users\Pollar LeBlanc\AppData\Local\Programs\cursor\resources\app\bin;C:\Windows\system32;C:\Windows;C:\Windows\System32\Wbem;C:\Windows\System32\WindowsPowerShell\v1.0\;C:\Windows\System32\OpenSSH\;C:\Program Files\dotnet\;C:\ProgramData\chocolatey\bin;C:\Program Files\Git\cmd;C:\Users\Pollar LeBlanc\AppData\Local\Programs\Python\Python312\Scripts\;C:\Users\Pollar LeBlanc\AppData\Local\Programs\Python\Python312\;C:\Users\Pollar LeBlanc\AppData\Local\Microsoft\WindowsApps;c:\Users\Pollar LeBlanc\AppData\Local\Programs\cursor\resources\app\bin;c:\Users\Pollar LeBlanc\AppData\Local\Programs\cursor\resources\app\bin;C:\Program Files\nodejs\;C:\Program Files\PowerShell\7\;C:\Users\Pollar LeBlanc\AppData\Roaming\npm;C:\Android\platform-tools;C:\Android\platform-tools;G:\ANYTHING P\IntelliJ IDEA 2024.3.3\bin;;g:\ANYTHING P\cursor\resources\app\bin;g:\ANYTHING P\cursor\resources\app\bin;C:\Users\Pollar LeBlanc\AppData\Local\Programs\Python\Python312\Scripts\;C:\Users\Pollar LeBlanc\AppData\Local\Programs\Python\Python312\;C:\Users\Pollar LeBlanc\AppData\Local\Microsoft\WindowsApps;C:\Users\Pollar LeBlanc\AppData\Local\Programs\Microsoft VS Code\bin;C:\Users\Pollar LeBlanc\AppData\Roaming\npm;C:\Android\platform-tools;C:\Android\platform-tools;G:\ANYTHING P\IntelliJ IDEA 2024.3.3\bin;;G:\ANYTHING P\cursor\resources\app\bin
USERNAME=Pollar LeBlanc
OS=Windows_NT
PROCESSOR_IDENTIFIER=Intel64 Family 6 Model 45 Stepping 7, GenuineIntel
TMP=C:\Users\POLLAR~1\AppData\Local\Temp
TEMP=C:\Users\POLLAR~1\AppData\Local\Temp




Periodic native trim disabled

---------------  S Y S T E M  ---------------

OS:
 Windows 10 , 64 bit Build 19041 (10.0.19041.5438)
OS uptime: 0 days 12:53 hours

CPU: total 16 (initial active 16) (8 cores per cpu, 2 threads per core) family 6 model 45 stepping 7 microcode 0x714, cx8, cmov, fxsr, ht, mmx, sse, sse2, sse3, ssse3, sse4.1, sse4.2, popcnt, tsc, tscinvbit, avx, aes, clmul, vzeroupper, clflush, rdtscp
Processor Information for the first 16 processors :
  Max Mhz: 2601, Current Mhz: 2601, Mhz Limit: 2601

Memory: 4k page, system-wide physical 16322M (1107M free)
TotalPageFile size 19394M (AvailPageFile size 86M)
current process WorkingSet (physical memory assigned to process): 12M, peak: 12M
current process commit charge ("private bytes"): 71M, peak: 327M

vm_info: Java HotSpot(TM) 64-Bit Server VM (23.0.2+7-58) for windows-amd64 JRE (23.0.2+7-58), built on 2024-11-29T09:34:55Z with MS VC++ 17.6 (VS2022)

END.
